#
# There is insufficient memory for the Java Runtime Environment to continue.
# Native memory allocation (malloc) failed to allocate 467216 bytes. Error detail: Chunk::new
# Possible reasons:
#   The system is out of physical RAM or swap space
#   This process is running with CompressedOops enabled, and the Java Heap may be blocking the growth of the native heap
# Possible solutions:
#   Reduce memory load on the system
#   Increase physical memory or swap space
#   Check if swap backing store is full
#   Decrease Java heap size (-Xmx/-Xms)
#   Decrease number of Java threads
#   Decrease Java thread stack sizes (-Xss)
#   Set larger code cache with -XX:ReservedCodeCacheSize=
#   JVM is running with Unscaled Compressed Oops mode in which the Java heap is
#     placed in the first 4GB address space. The Java Heap base address is the
#     maximum limit for the native heap growth. Please use -XX:HeapBaseMinAddress
#     to set the Java Heap base and to place the Java Heap above 4GB virtual address.
# This output file may be truncated or incomplete.
#
#  Out of Memory Error (arena.cpp:149), pid=8912, tid=15792
#
# JRE version: Java(TM) SE Runtime Environment (23.0.1+11) (build 23.0.1+11-39)
# Java VM: Java HotSpot(TM) 64-Bit Server VM (23.0.1+11-39, mixed mode, sharing, tiered, compressed oops, compressed class ptrs, g1 gc, windows-amd64)
# No core dump will be written. Minidumps are not enabled by default on client versions of Windows
#

---------------  S U M M A R Y ------------

Command Line: -javaagent:C:\Program Files\JetBrains\IntelliJ IDEA Community Edition 2024.3.1.1\lib\idea_rt.jar=57775:C:\Program Files\JetBrains\IntelliJ IDEA Community Edition 2024.3.1.1\bin -Dfile.encoding=UTF-8 -Dsun.stdout.encoding=UTF-8 -Dsun.stderr.encoding=UTF-8 com.FIneDine.FineDineOfficial.FineDineOfficialApplication

Host: Intel(R) Core(TM) i3-5005U CPU @ 2.00GHz, 4 cores, 7G,  Windows 10 , 64 bit Build 19041 (10.0.19041.5915)
Time: Tue Sep  9 20:21:57 2025 India Standard Time elapsed time: 78.531236 seconds (0d 0h 1m 18s)

---------------  T H R E A D  ---------------

Current thread (0x00000252ca3254b0):  JavaThread "C2 CompilerThread0" daemon [_thread_in_native, id=15792, stack(0x000000befcf00000,0x000000befd000000) (1024K)]


Current CompileTask:
C2:78531 5674       4       java.util.HashSet::add (20 bytes)

Stack: [0x000000befcf00000,0x000000befd000000]
Native frames: (J=compiled Java code, j=interpreted, Vv=VM code, C=native code)
V  [jvm.dll+0x6e08b9]  (no source info available)
V  [jvm.dll+0x87dc83]  (no source info available)
V  [jvm.dll+0x88010e]  (no source info available)
V  [jvm.dll+0x8807e3]  (no source info available)
V  [jvm.dll+0x27aee6]  (no source info available)
V  [jvm.dll+0xbc06f]  (no source info available)
V  [jvm.dll+0xbc2cb]  (no source info available)
V  [jvm.dll+0x3b3a62]  (no source info available)
V  [jvm.dll+0x38a42b]  (no source info available)
V  [jvm.dll+0x38989a]  (no source info available)
V  [jvm.dll+0x244aa1]  (no source info available)
V  [jvm.dll+0x243dff]  (no source info available)
V  [jvm.dll+0x1c33a0]  (no source info available)
V  [jvm.dll+0x253cf1]  (no source info available)
V  [jvm.dll+0x251faa]  (no source info available)
V  [jvm.dll+0x3ee036]  (no source info available)
V  [jvm.dll+0x824f8b]  (no source info available)
V  [jvm.dll+0x6df065]  (no source info available)
C  [ucrtbase.dll+0x21bb2]  (no source info available)
C  [KERNEL32.DLL+0x17374]  (no source info available)
C  [ntdll.dll+0x4cc91]  (no source info available)

Lock stack of current Java thread (top to bottom):


---------------  P R O C E S S  ---------------

Threads class SMR info:
_java_thread_list=0x0000025312417a10, length=31, elements={
0x00000252ca31a130, 0x00000252ca31ce10, 0x00000252ca31da70, 0x00000252ca3204e0,
0x00000252ca321290, 0x00000252ca322300, 0x00000252ca3254b0, 0x00000252ca3a8030,
0x00000252ca2f3060, 0x00000252ca77a9c0, 0x00000252ca8a5e60, 0x000002531088ee80,
0x000002531088fba0, 0x000002531088dad0, 0x000002531088e7f0, 0x0000025310890230,
0x00000253129439d0, 0x000002531293e480, 0x000002531293ddf0, 0x0000025312944060,
0x000002531293fec0, 0x000002531293d760, 0x000002531293eb10, 0x000002531293f1a0,
0x000002531293d0d0, 0x000002531293f830, 0x00000253129446f0, 0x0000025312941270,
0x0000025312941900, 0x0000025312941f90, 0x0000025312943340
}

Java Threads: ( => current thread )
  0x00000252ca31a130 JavaThread "Reference Handler"          daemon [_thread_blocked, id=11772, stack(0x000000befc900000,0x000000befca00000) (1024K)]
  0x00000252ca31ce10 JavaThread "Finalizer"                  daemon [_thread_blocked, id=15172, stack(0x000000befca00000,0x000000befcb00000) (1024K)]
  0x00000252ca31da70 JavaThread "Signal Dispatcher"          daemon [_thread_blocked, id=6108, stack(0x000000befcb00000,0x000000befcc00000) (1024K)]
  0x00000252ca3204e0 JavaThread "Attach Listener"            daemon [_thread_blocked, id=5308, stack(0x000000befcc00000,0x000000befcd00000) (1024K)]
  0x00000252ca321290 JavaThread "Service Thread"             daemon [_thread_blocked, id=15604, stack(0x000000befcd00000,0x000000befce00000) (1024K)]
  0x00000252ca322300 JavaThread "Monitor Deflation Thread"   daemon [_thread_blocked, id=6356, stack(0x000000befce00000,0x000000befcf00000) (1024K)]
=>0x00000252ca3254b0 JavaThread "C2 CompilerThread0"         daemon [_thread_in_native, id=15792, stack(0x000000befcf00000,0x000000befd000000) (1024K)]
  0x00000252ca3a8030 JavaThread "C1 CompilerThread0"         daemon [_thread_blocked, id=16264, stack(0x000000befd000000,0x000000befd100000) (1024K)]
  0x00000252ca2f3060 JavaThread "Common-Cleaner"             daemon [_thread_blocked, id=1676, stack(0x000000befd100000,0x000000befd200000) (1024K)]
  0x00000252ca77a9c0 JavaThread "Monitor Ctrl-Break"         daemon [_thread_in_native, id=15560, stack(0x000000befd300000,0x000000befd400000) (1024K)]
  0x00000252ca8a5e60 JavaThread "Notification Thread"        daemon [_thread_blocked, id=1660, stack(0x000000befd400000,0x000000befd500000) (1024K)]
  0x000002531088ee80 JavaThread "Catalina-utility-1"                [_thread_blocked, id=1732, stack(0x000000befd900000,0x000000befda00000) (1024K)]
  0x000002531088fba0 JavaThread "Catalina-utility-2"                [_thread_blocked, id=7972, stack(0x000000befdb00000,0x000000befdc00000) (1024K)]
  0x000002531088dad0 JavaThread "container-0"                       [_thread_blocked, id=10812, stack(0x000000befdc00000,0x000000befdd00000) (1024K)]
  0x000002531088e7f0 JavaThread "PostgreSQL-JDBC-Cleaner"    daemon [_thread_blocked, id=12552, stack(0x000000befda00000,0x000000befdb00000) (1024K)]
  0x0000025310890230 JavaThread "HikariPool-1:housekeeper"   daemon [_thread_blocked, id=9828, stack(0x000000befde00000,0x000000befdf00000) (1024K)]
  0x00000253129439d0 JavaThread "File Watcher"               daemon [_thread_blocked, id=11428, stack(0x000000befe100000,0x000000befe200000) (1024K)]
  0x000002531293e480 JavaThread "Live Reload Server"         daemon [_thread_in_native, id=16092, stack(0x000000befe300000,0x000000befe400000) (1024K)]
  0x000002531293ddf0 JavaThread "http-nio-8081-exec-1"       daemon [_thread_blocked, id=11848, stack(0x000000befe200000,0x000000befe300000) (1024K)]
  0x0000025312944060 JavaThread "http-nio-8081-exec-2"       daemon [_thread_blocked, id=15260, stack(0x000000befe400000,0x000000befe500000) (1024K)]
  0x000002531293fec0 JavaThread "http-nio-8081-exec-3"       daemon [_thread_blocked, id=15768, stack(0x000000befe500000,0x000000befe600000) (1024K)]
  0x000002531293d760 JavaThread "http-nio-8081-exec-4"       daemon [_thread_blocked, id=14788, stack(0x000000befe600000,0x000000befe700000) (1024K)]
  0x000002531293eb10 JavaThread "http-nio-8081-exec-5"       daemon [_thread_blocked, id=8036, stack(0x000000befe700000,0x000000befe800000) (1024K)]
  0x000002531293f1a0 JavaThread "http-nio-8081-exec-6"       daemon [_thread_blocked, id=15772, stack(0x000000befe800000,0x000000befe900000) (1024K)]
  0x000002531293d0d0 JavaThread "http-nio-8081-exec-7"       daemon [_thread_blocked, id=15852, stack(0x000000befe900000,0x000000befea00000) (1024K)]
  0x000002531293f830 JavaThread "http-nio-8081-exec-8"       daemon [_thread_blocked, id=9080, stack(0x000000befea00000,0x000000befeb00000) (1024K)]
  0x00000253129446f0 JavaThread "http-nio-8081-exec-9"       daemon [_thread_blocked, id=1172, stack(0x000000befeb00000,0x000000befec00000) (1024K)]
  0x0000025312941270 JavaThread "http-nio-8081-exec-10"      daemon [_thread_blocked, id=8668, stack(0x000000befec00000,0x000000befed00000) (1024K)]
  0x0000025312941900 JavaThread "http-nio-8081-Poller"       daemon [_thread_in_native, id=7564, stack(0x000000befed00000,0x000000befee00000) (1024K)]
  0x0000025312941f90 JavaThread "http-nio-8081-Acceptor"     daemon [_thread_in_native, id=11900, stack(0x000000befee00000,0x000000befef00000) (1024K)]
  0x0000025312943340 JavaThread "DestroyJavaVM"                     [_thread_blocked, id=5412, stack(0x000000befc100000,0x000000befc200000) (1024K)]
Total: 31

Other Threads:
  0x00000252ca301ec0 VMThread "VM Thread"                           [id=12024, stack(0x000000befc800000,0x000000befc900000) (1024K)]
  0x00000252ca2f1c60 WatcherThread "VM Periodic Task Thread"        [id=13816, stack(0x000000befc700000,0x000000befc800000) (1024K)]
  0x00000252ade9ef30 WorkerThread "GC Thread#0"                     [id=8492, stack(0x000000befc200000,0x000000befc300000) (1024K)]
  0x00000252cab5bdd0 WorkerThread "GC Thread#1"                     [id=13840, stack(0x000000befd200000,0x000000befd300000) (1024K)]
  0x00000252cab5c180 WorkerThread "GC Thread#2"                     [id=2836, stack(0x000000befd500000,0x000000befd600000) (1024K)]
  0x00000252cab52690 WorkerThread "GC Thread#3"                     [id=15892, stack(0x000000befd600000,0x000000befd700000) (1024K)]
  0x00000252adeb3e20 ConcurrentGCThread "G1 Main Marker"            [id=10704, stack(0x000000befc300000,0x000000befc400000) (1024K)]
  0x00000252adeb50d0 WorkerThread "G1 Conc#0"                       [id=15912, stack(0x000000befc400000,0x000000befc500000) (1024K)]
  0x00000252adf0e930 ConcurrentGCThread "G1 Refine#0"               [id=1836, stack(0x000000befc500000,0x000000befc600000) (1024K)]
  0x00000252ca1b36a0 ConcurrentGCThread "G1 Service"                [id=5108, stack(0x000000befc600000,0x000000befc700000) (1024K)]
Total: 10

Threads with active compile tasks:
C2 CompilerThread0  78788 5674       4       java.util.HashSet::add (20 bytes)
Total: 1

VM state: not at safepoint (normal execution)

VM Mutex/Monitor currently owned by a thread: None

Heap address: 0x0000000081400000, size: 2028 MB, Compressed Oops mode: 32-bit

CDS archive(s) mapped at: [0x00000252cb000000-0x00000252cbd70000-0x00000252cbd70000), size 14090240, SharedBaseAddress: 0x00000252cb000000, ArchiveRelocationMode: 1.
Compressed class space mapped at: 0x00000252cc000000-0x000002530c000000, reserved size: 1073741824
Narrow klass base: 0x00000252cb000000, Narrow klass shift: 0, Narrow klass range: 0x41000000

GC Precious Log:
 CardTable entry size: 512
 Card Set container configuration: InlinePtr #cards 5 size 8 Array Of Cards #cards 10 size 36 Howl #buckets 4 coarsen threshold 1843 Howl Bitmap #cards 512 size 80 coarsen threshold 460 Card regions per heap region 1 cards per card region 2048
 CPUs: 4 total, 4 available
 Memory: 8104M
 Large Page Support: Disabled
 NUMA Support: Disabled
 Compressed Oops: Enabled (32-bit)
 Heap Region Size: 1M
 Heap Min Capacity: 8M
 Heap Initial Capacity: 128M
 Heap Max Capacity: 2028M
 Pre-touch: Disabled
 Parallel Workers: 4
 Concurrent Workers: 1
 Concurrent Refinement Workers: 4
 Periodic GC: Disabled

Heap:
 garbage-first heap   total reserved 2076672K, committed 51200K, used 36461K [0x0000000081400000, 0x0000000100000000)
  region size 1024K, 12 young (12288K), 2 survivors (2048K)
 Metaspace       used 62036K, committed 62784K, reserved 1114112K
  class space    used 8668K, committed 8960K, reserved 1048576K

Heap Regions: E=young(eden), S=young(survivor), O=old, HS=humongous(starts), HC=humongous(continues), CS=collection set, F=free, TAMS=top-at-mark-start, PB=parsable bottom
|   0|0x0000000081400000, 0x0000000081500000, 0x0000000081500000|100%|HS|  |TAMS 0x0000000081400000| PB 0x0000000081400000| Complete |  0
|   1|0x0000000081500000, 0x0000000081600000, 0x0000000081600000|100%|HS|  |TAMS 0x0000000081500000| PB 0x0000000081500000| Complete |  0
|   2|0x0000000081600000, 0x0000000081700000, 0x0000000081700000|100%| O|  |TAMS 0x0000000081600000| PB 0x0000000081600000| Untracked |  0
|   3|0x0000000081700000, 0x0000000081800000, 0x0000000081800000|100%| O|  |TAMS 0x0000000081700000| PB 0x0000000081700000| Untracked |  0
|   4|0x0000000081800000, 0x0000000081900000, 0x0000000081900000|100%| O|  |TAMS 0x0000000081800000| PB 0x0000000081800000| Untracked |  0
|   5|0x0000000081900000, 0x0000000081a00000, 0x0000000081a00000|100%| O|  |TAMS 0x0000000081900000| PB 0x0000000081900000| Untracked |  0
|   6|0x0000000081a00000, 0x0000000081b00000, 0x0000000081b00000|100%| O|  |TAMS 0x0000000081a00000| PB 0x0000000081a00000| Untracked |  0
|   7|0x0000000081b00000, 0x0000000081c00000, 0x0000000081c00000|100%| O|  |TAMS 0x0000000081b00000| PB 0x0000000081b00000| Untracked |  0
|   8|0x0000000081c00000, 0x0000000081d00000, 0x0000000081d00000|100%| O|  |TAMS 0x0000000081c00000| PB 0x0000000081c00000| Untracked |  0
|   9|0x0000000081d00000, 0x0000000081e00000, 0x0000000081e00000|100%| O|  |TAMS 0x0000000081d00000| PB 0x0000000081d00000| Untracked |  0
|  10|0x0000000081e00000, 0x0000000081f00000, 0x0000000081f00000|100%| O|  |TAMS 0x0000000081e00000| PB 0x0000000081e00000| Untracked |  0
|  11|0x0000000081f00000, 0x0000000082000000, 0x0000000082000000|100%| O|  |TAMS 0x0000000081f00000| PB 0x0000000081f00000| Untracked |  0
|  12|0x0000000082000000, 0x0000000082100000, 0x0000000082100000|100%| O|  |TAMS 0x0000000082000000| PB 0x0000000082000000| Untracked |  0
|  13|0x0000000082100000, 0x0000000082200000, 0x0000000082200000|100%| O|  |TAMS 0x0000000082100000| PB 0x0000000082100000| Untracked |  0
|  14|0x0000000082200000, 0x0000000082300000, 0x0000000082300000|100%| O|  |TAMS 0x0000000082200000| PB 0x0000000082200000| Untracked |  0
|  15|0x0000000082300000, 0x0000000082400000, 0x0000000082400000|100%| O|  |TAMS 0x0000000082300000| PB 0x0000000082300000| Untracked |  0
|  16|0x0000000082400000, 0x0000000082500000, 0x0000000082500000|100%| O|  |TAMS 0x0000000082400000| PB 0x0000000082400000| Untracked |  0
|  17|0x0000000082500000, 0x0000000082600000, 0x0000000082600000|100%| O|  |TAMS 0x0000000082500000| PB 0x0000000082500000| Untracked |  0
|  18|0x0000000082600000, 0x0000000082700000, 0x0000000082700000|100%| O|Cm|TAMS 0x0000000082600000| PB 0x0000000082600000| Complete |  0
|  19|0x0000000082700000, 0x0000000082800000, 0x0000000082800000|100%| O|  |TAMS 0x0000000082700000| PB 0x0000000082700000| Untracked |  0
|  20|0x0000000082800000, 0x0000000082900000, 0x0000000082900000|100%| O|  |TAMS 0x0000000082800000| PB 0x0000000082800000| Untracked |  0
|  21|0x0000000082900000, 0x0000000082a00000, 0x0000000082a00000|100%| O|  |TAMS 0x0000000082900000| PB 0x0000000082900000| Untracked |  0
|  22|0x0000000082a00000, 0x0000000082b00000, 0x0000000082b00000|100%| O|  |TAMS 0x0000000082a00000| PB 0x0000000082a00000| Untracked |  0
|  23|0x0000000082b00000, 0x0000000082c00000, 0x0000000082c00000|100%| O|  |TAMS 0x0000000082b00000| PB 0x0000000082b00000| Untracked |  0
|  24|0x0000000082c00000, 0x0000000082d00000, 0x0000000082d00000|100%| O|  |TAMS 0x0000000082c00000| PB 0x0000000082c00000| Untracked |  0
|  25|0x0000000082d00000, 0x0000000082d9b410, 0x0000000082e00000| 60%| O|  |TAMS 0x0000000082d00000| PB 0x0000000082d00000| Untracked |  0
|  26|0x0000000082e00000, 0x0000000082e00000, 0x0000000082f00000|  0%| F|  |TAMS 0x0000000082e00000| PB 0x0000000082e00000| Untracked |  0
|  27|0x0000000082f00000, 0x0000000082f00000, 0x0000000083000000|  0%| F|  |TAMS 0x0000000082f00000| PB 0x0000000082f00000| Untracked |  0
|  28|0x0000000083000000, 0x0000000083000000, 0x0000000083100000|  0%| F|  |TAMS 0x0000000083000000| PB 0x0000000083000000| Untracked |  0
|  29|0x0000000083100000, 0x0000000083100000, 0x0000000083200000|  0%| F|  |TAMS 0x0000000083100000| PB 0x0000000083100000| Untracked |  0
|  30|0x0000000083200000, 0x0000000083300000, 0x0000000083300000|100%| S|CS|TAMS 0x0000000083200000| PB 0x0000000083200000| Complete |  0
|  31|0x0000000083300000, 0x0000000083400000, 0x0000000083400000|100%| S|CS|TAMS 0x0000000083300000| PB 0x0000000083300000| Complete |  0
|  32|0x0000000083400000, 0x0000000083400000, 0x0000000083500000|  0%| F|  |TAMS 0x0000000083400000| PB 0x0000000083400000| Untracked |  0
|  33|0x0000000083500000, 0x0000000083500000, 0x0000000083600000|  0%| F|  |TAMS 0x0000000083500000| PB 0x0000000083500000| Untracked |  0
|  34|0x0000000083600000, 0x0000000083600000, 0x0000000083700000|  0%| F|  |TAMS 0x0000000083600000| PB 0x0000000083600000| Untracked |  0
|  35|0x0000000083700000, 0x0000000083700000, 0x0000000083800000|  0%| F|  |TAMS 0x0000000083700000| PB 0x0000000083700000| Untracked |  0
|  36|0x0000000083800000, 0x0000000083800000, 0x0000000083900000|  0%| F|  |TAMS 0x0000000083800000| PB 0x0000000083800000| Untracked |  0
|  37|0x0000000083900000, 0x0000000083900000, 0x0000000083a00000|  0%| F|  |TAMS 0x0000000083900000| PB 0x0000000083900000| Untracked |  0
|  38|0x0000000083a00000, 0x0000000083a00000, 0x0000000083b00000|  0%| F|  |TAMS 0x0000000083a00000| PB 0x0000000083a00000| Untracked |  0
|  39|0x0000000083b00000, 0x0000000083b00000, 0x0000000083c00000|  0%| F|  |TAMS 0x0000000083b00000| PB 0x0000000083b00000| Untracked |  0
|  40|0x0000000083c00000, 0x0000000083cd3a40, 0x0000000083d00000| 82%| E|  |TAMS 0x0000000083c00000| PB 0x0000000083c00000| Complete |  0
|  41|0x0000000083d00000, 0x0000000083e00000, 0x0000000083e00000|100%| E|CS|TAMS 0x0000000083d00000| PB 0x0000000083d00000| Complete |  0
|  42|0x0000000083e00000, 0x0000000083f00000, 0x0000000083f00000|100%| E|CS|TAMS 0x0000000083e00000| PB 0x0000000083e00000| Complete |  0
|  43|0x0000000083f00000, 0x0000000084000000, 0x0000000084000000|100%| E|CS|TAMS 0x0000000083f00000| PB 0x0000000083f00000| Complete |  0
|  44|0x0000000084000000, 0x0000000084100000, 0x0000000084100000|100%| E|CS|TAMS 0x0000000084000000| PB 0x0000000084000000| Complete |  0
|  89|0x0000000086d00000, 0x0000000086e00000, 0x0000000086e00000|100%| E|  |TAMS 0x0000000086d00000| PB 0x0000000086d00000| Complete |  0
|  90|0x0000000086e00000, 0x0000000086f00000, 0x0000000086f00000|100%| E|CS|TAMS 0x0000000086e00000| PB 0x0000000086e00000| Complete |  0
|  95|0x0000000087300000, 0x0000000087400000, 0x0000000087400000|100%| E|CS|TAMS 0x0000000087300000| PB 0x0000000087300000| Complete |  0
|  96|0x0000000087400000, 0x0000000087500000, 0x0000000087500000|100%| E|CS|TAMS 0x0000000087400000| PB 0x0000000087400000| Complete |  0
| 127|0x0000000089300000, 0x0000000089400000, 0x0000000089400000|100%| E|CS|TAMS 0x0000000089300000| PB 0x0000000089300000| Complete |  0

Card table byte_map: [0x00000252c5980000,0x00000252c5d80000] _byte_map_base: 0x00000252c5576000

Marking Bits: (CMBitMap*) 0x00000252ade9f640
 Bits: [0x00000252c5d80000, 0x00000252c7d30000)

Polling page: 0x00000252ad610000

Metaspace:

Usage:
  Non-class:     52.12 MB used.
      Class:      8.47 MB used.
       Both:     60.58 MB used.

Virtual space:
  Non-class space:       64.00 MB reserved,      52.56 MB ( 82%) committed,  1 nodes.
      Class space:        1.00 GB reserved,       8.75 MB ( <1%) committed,  1 nodes.
             Both:        1.06 GB reserved,      61.31 MB (  6%) committed. 

Chunk freelists:
   Non-Class:  11.29 MB
       Class:  7.22 MB
        Both:  18.51 MB

MaxMetaspaceSize: unlimited
CompressedClassSpaceSize: 1.00 GB
Initial GC threshold: 21.00 MB
Current GC threshold: 98.69 MB
CDS: on
 - commit_granule_bytes: 65536.
 - commit_granule_words: 8192.
 - virtual_space_node_default_size: 8388608.
 - enlarge_chunks_in_place: 1.
 - use_allocation_guard: 0.


Internal statistics:

num_allocs_failed_limit: 11.
num_arena_births: 940.
num_arena_deaths: 0.
num_vsnodes_births: 2.
num_vsnodes_deaths: 0.
num_space_committed: 981.
num_space_uncommitted: 0.
num_chunks_returned_to_freelist: 11.
num_chunks_taken_from_freelist: 3196.
num_chunk_merges: 11.
num_chunk_splits: 2277.
num_chunks_enlarged: 1734.
num_inconsistent_stats: 0.

CodeHeap 'non-profiled nmethods': size=120064Kb used=2324Kb max_used=2481Kb free=117739Kb
 bounds [0x00000252be040000, 0x00000252be2b0000, 0x00000252c5580000]
CodeHeap 'profiled nmethods': size=120000Kb used=7600Kb max_used=8159Kb free=112399Kb
 bounds [0x00000252b6580000, 0x00000252b6d80000, 0x00000252bdab0000]
CodeHeap 'non-nmethods': size=5696Kb used=1663Kb max_used=1677Kb free=4032Kb
 bounds [0x00000252bdab0000, 0x00000252bdd20000, 0x00000252be040000]
CodeCache: size=245760Kb, used=11587Kb, max_used=12317Kb, free=234170Kb
 total_blobs=5739, nmethods=5019, adapters=624, full_count=0
Compilation: enabled, stopped_count=0, restarted_count=0

Compilation events (20 events):
Event: 65.441 Thread 0x00000252ca3a8030 nmethod 5663 0x00000252b66f9988 code [0x00000252b66f9aa0, 0x00000252b66f9c78]
Event: 67.392 Thread 0x00000252ca3a8030 5664       3       java.util.concurrent.locks.ReentrantReadWriteLock$Sync::exclusiveCount (5 bytes)
Event: 67.392 Thread 0x00000252ca3a8030 nmethod 5664 0x00000252b66ce888 code [0x00000252b66ce9a0, 0x00000252b66cea98]
Event: 67.393 Thread 0x00000252ca3a8030 5665       3       java.util.concurrent.locks.ReentrantReadWriteLock::readLock (5 bytes)
Event: 67.393 Thread 0x00000252ca3a8030 nmethod 5665 0x00000252b66ebc08 code [0x00000252b66ebd20, 0x00000252b66ebe58]
Event: 70.160 Thread 0x00000252ca3a8030 5666       1       jdk.internal.event.ThreadSleepEvent::isEnabled (2 bytes)
Event: 70.161 Thread 0x00000252ca3a8030 nmethod 5666 0x00000252be080288 code [0x00000252be0803a0, 0x00000252be080468]
Event: 70.454 Thread 0x00000252ca3a8030 5668       3       java.util.concurrent.ScheduledThreadPoolExecutor::canRunInCurrentRunState (61 bytes)
Event: 70.456 Thread 0x00000252ca3a8030 nmethod 5668 0x00000252b6592408 code [0x00000252b65925a0, 0x00000252b6592d30]
Event: 70.456 Thread 0x00000252ca3a8030 5669       3       java.util.concurrent.TimeUnit::convert (73 bytes)
Event: 70.457 Thread 0x00000252ca3a8030 nmethod 5669 0x00000252b6709f88 code [0x00000252b670a120, 0x00000252b670a4b0]
Event: 77.849 Thread 0x00000252ca3a8030 5670   !   3       java.util.AbstractSet::equals (45 bytes)
Event: 77.850 Thread 0x00000252ca3a8030 nmethod 5670 0x00000252b6690088 code [0x00000252b6690200, 0x00000252b66908b8]
Event: 77.850 Thread 0x00000252ca3a8030 5671       3       java.util.AbstractCollection::containsAll (38 bytes)
Event: 77.850 Thread 0x00000252ca3a8030 nmethod 5671 0x00000252b697ae08 code [0x00000252b697af80, 0x00000252b697b4b0]
Event: 78.442 Thread 0x00000252ca3a8030 5672       3       jdk.internal.misc.Unsafe::putIntOpaque (9 bytes)
Event: 78.443 Thread 0x00000252ca3a8030 nmethod 5672 0x00000252b66fc508 code [0x00000252b66fc620, 0x00000252b66fc738]
Event: 78.443 Thread 0x00000252ca3a8030 5673       3       java.util.concurrent.locks.AbstractQueuedSynchronizer$ConditionNode::isReleasable (23 bytes)
Event: 78.443 Thread 0x00000252ca3a8030 nmethod 5673 0x00000252b6a6bd08 code [0x00000252b6a6be20, 0x00000252b6a6c068]
Event: 78.463 Thread 0x00000252ca3254b0 5674       4       java.util.HashSet::add (20 bytes)

GC Heap History (20 events):
Event: 4.505 GC heap before
{Heap before GC invocations=3 (full 0):
 garbage-first heap   total reserved 2076672K, committed 131072K, used 41578K [0x0000000081400000, 0x0000000100000000)
  region size 1024K, 35 young (35840K), 4 survivors (4096K)
 Metaspace       used 21187K, committed 21504K, reserved 1114112K
  class space    used 2661K, committed 2816K, reserved 1048576K
}
Event: 4.518 GC heap after
{Heap after GC invocations=4 (full 0):
 garbage-first heap   total reserved 2076672K, committed 131072K, used 14499K [0x0000000081400000, 0x0000000100000000)
  region size 1024K, 4 young (4096K), 4 survivors (4096K)
 Metaspace       used 21187K, committed 21504K, reserved 1114112K
  class space    used 2661K, committed 2816K, reserved 1048576K
}
Event: 6.029 GC heap before
{Heap before GC invocations=5 (full 0):
 garbage-first heap   total reserved 2076672K, committed 51200K, used 41123K [0x0000000081400000, 0x0000000100000000)
  region size 1024K, 30 young (30720K), 4 survivors (4096K)
 Metaspace       used 24812K, committed 25216K, reserved 1114112K
  class space    used 3172K, committed 3328K, reserved 1048576K
}
Event: 6.042 GC heap after
{Heap after GC invocations=6 (full 0):
 garbage-first heap   total reserved 2076672K, committed 51200K, used 16163K [0x0000000081400000, 0x0000000100000000)
  region size 1024K, 3 young (3072K), 3 survivors (3072K)
 Metaspace       used 24812K, committed 25216K, reserved 1114112K
  class space    used 3172K, committed 3328K, reserved 1048576K
}
Event: 7.079 GC heap before
{Heap before GC invocations=6 (full 0):
 garbage-first heap   total reserved 2076672K, committed 51200K, used 37667K [0x0000000081400000, 0x0000000100000000)
  region size 1024K, 24 young (24576K), 3 survivors (3072K)
 Metaspace       used 29103K, committed 29568K, reserved 1114112K
  class space    used 3773K, committed 3968K, reserved 1048576K
}
Event: 7.089 GC heap after
{Heap after GC invocations=7 (full 0):
 garbage-first heap   total reserved 2076672K, committed 51200K, used 18738K [0x0000000081400000, 0x0000000100000000)
  region size 1024K, 3 young (3072K), 3 survivors (3072K)
 Metaspace       used 29103K, committed 29568K, reserved 1114112K
  class space    used 3773K, committed 3968K, reserved 1048576K
}
Event: 8.468 GC heap before
{Heap before GC invocations=7 (full 0):
 garbage-first heap   total reserved 2076672K, committed 51200K, used 38194K [0x0000000081400000, 0x0000000100000000)
  region size 1024K, 23 young (23552K), 3 survivors (3072K)
 Metaspace       used 34063K, committed 34560K, reserved 1114112K
  class space    used 4498K, committed 4736K, reserved 1048576K
}
Event: 8.476 GC heap after
{Heap after GC invocations=8 (full 0):
 garbage-first heap   total reserved 2076672K, committed 51200K, used 20055K [0x0000000081400000, 0x0000000100000000)
  region size 1024K, 2 young (2048K), 2 survivors (2048K)
 Metaspace       used 34063K, committed 34560K, reserved 1114112K
  class space    used 4498K, committed 4736K, reserved 1048576K
}
Event: 8.719 GC heap before
{Heap before GC invocations=8 (full 0):
 garbage-first heap   total reserved 2076672K, committed 51200K, used 25175K [0x0000000081400000, 0x0000000100000000)
  region size 1024K, 8 young (8192K), 2 survivors (2048K)
 Metaspace       used 35524K, committed 35968K, reserved 1114112K
  class space    used 4724K, committed 4928K, reserved 1048576K
}
Event: 8.724 GC heap after
{Heap after GC invocations=9 (full 0):
 garbage-first heap   total reserved 2076672K, committed 51200K, used 20348K [0x0000000081400000, 0x0000000100000000)
  region size 1024K, 2 young (2048K), 2 survivors (2048K)
 Metaspace       used 35524K, committed 35968K, reserved 1114112K
  class space    used 4724K, committed 4928K, reserved 1048576K
}
Event: 9.923 GC heap before
{Heap before GC invocations=10 (full 0):
 garbage-first heap   total reserved 2076672K, committed 51200K, used 40828K [0x0000000081400000, 0x0000000100000000)
  region size 1024K, 23 young (23552K), 2 survivors (2048K)
 Metaspace       used 41270K, committed 41792K, reserved 1114112K
  class space    used 5588K, committed 5824K, reserved 1048576K
}
Event: 9.930 GC heap after
{Heap after GC invocations=11 (full 0):
 garbage-first heap   total reserved 2076672K, committed 51200K, used 21896K [0x0000000081400000, 0x0000000100000000)
  region size 1024K, 2 young (2048K), 2 survivors (2048K)
 Metaspace       used 41270K, committed 41792K, reserved 1114112K
  class space    used 5588K, committed 5824K, reserved 1048576K
}
Event: 10.975 GC heap before
{Heap before GC invocations=11 (full 0):
 garbage-first heap   total reserved 2076672K, committed 51200K, used 41352K [0x0000000081400000, 0x0000000100000000)
  region size 1024K, 22 young (22528K), 2 survivors (2048K)
 Metaspace       used 47163K, committed 47680K, reserved 1114112K
  class space    used 6461K, committed 6656K, reserved 1048576K
}
Event: 10.984 GC heap after
{Heap after GC invocations=12 (full 0):
 garbage-first heap   total reserved 2076672K, committed 51200K, used 23190K [0x0000000081400000, 0x0000000100000000)
  region size 1024K, 3 young (3072K), 3 survivors (3072K)
 Metaspace       used 47163K, committed 47680K, reserved 1114112K
  class space    used 6461K, committed 6656K, reserved 1048576K
}
Event: 11.910 GC heap before
{Heap before GC invocations=12 (full 0):
 garbage-first heap   total reserved 2076672K, committed 51200K, used 43670K [0x0000000081400000, 0x0000000100000000)
  region size 1024K, 24 young (24576K), 3 survivors (3072K)
 Metaspace       used 53610K, committed 54208K, reserved 1114112K
  class space    used 7475K, committed 7744K, reserved 1048576K
}
Event: 11.917 GC heap after
{Heap after GC invocations=13 (full 0):
 garbage-first heap   total reserved 2076672K, committed 51200K, used 23942K [0x0000000081400000, 0x0000000100000000)
  region size 1024K, 3 young (3072K), 3 survivors (3072K)
 Metaspace       used 53610K, committed 54208K, reserved 1114112K
  class space    used 7475K, committed 7744K, reserved 1048576K
}
Event: 12.808 GC heap before
{Heap before GC invocations=13 (full 0):
 garbage-first heap   total reserved 2076672K, committed 51200K, used 44422K [0x0000000081400000, 0x0000000100000000)
  region size 1024K, 23 young (23552K), 3 survivors (3072K)
 Metaspace       used 56527K, committed 57152K, reserved 1114112K
  class space    used 7893K, committed 8128K, reserved 1048576K
}
Event: 12.819 GC heap after
{Heap after GC invocations=14 (full 0):
 garbage-first heap   total reserved 2076672K, committed 51200K, used 26148K [0x0000000081400000, 0x0000000100000000)
  region size 1024K, 3 young (3072K), 3 survivors (3072K)
 Metaspace       used 56527K, committed 57152K, reserved 1114112K
  class space    used 7893K, committed 8128K, reserved 1048576K
}
Event: 22.378 GC heap before
{Heap before GC invocations=14 (full 0):
 garbage-first heap   total reserved 2076672K, committed 51200K, used 42532K [0x0000000081400000, 0x0000000100000000)
  region size 1024K, 21 young (21504K), 3 survivors (3072K)
 Metaspace       used 59589K, committed 60288K, reserved 1114112K
  class space    used 8322K, committed 8640K, reserved 1048576K
}
Event: 22.391 GC heap after
{Heap after GC invocations=15 (full 0):
 garbage-first heap   total reserved 2076672K, committed 51200K, used 28269K [0x0000000081400000, 0x0000000100000000)
  region size 1024K, 2 young (2048K), 2 survivors (2048K)
 Metaspace       used 59589K, committed 60288K, reserved 1114112K
  class space    used 8322K, committed 8640K, reserved 1048576K
}

Dll operation events (14 events):
Event: 0.018 Loaded shared library C:\Program Files\Java\jdk-23\bin\java.dll
Event: 0.099 Loaded shared library C:\Program Files\Java\jdk-23\bin\jsvml.dll
Event: 0.310 Loaded shared library C:\Program Files\Java\jdk-23\bin\zip.dll
Event: 0.319 Loaded shared library C:\Program Files\Java\jdk-23\bin\instrument.dll
Event: 0.327 Loaded shared library C:\Program Files\Java\jdk-23\bin\net.dll
Event: 0.331 Loaded shared library C:\Program Files\Java\jdk-23\bin\nio.dll
Event: 0.338 Loaded shared library C:\Program Files\Java\jdk-23\bin\zip.dll
Event: 0.553 Loaded shared library C:\Program Files\JetBrains\IntelliJ IDEA Community Edition 2024.3.1.1\bin\breakgen64.dll
Event: 0.575 Loaded shared library C:\Program Files\Java\jdk-23\bin\extnet.dll
Event: 0.653 Loaded shared library C:\Program Files\Java\jdk-23\bin\jimage.dll
Event: 1.331 Loaded shared library C:\Program Files\Java\jdk-23\bin\management.dll
Event: 1.344 Loaded shared library C:\Program Files\Java\jdk-23\bin\management_ext.dll
Event: 3.673 Loaded shared library C:\Program Files\Java\jdk-23\bin\sunmscapi.dll
Event: 8.650 Loaded shared library C:\Program Files\Java\jdk-23\bin\verify.dll

Deoptimization events (20 events):
Event: 13.424 Thread 0x00000252caf67e90 DEOPT PACKING pc=0x00000252be1bc3b8 sp=0x000000befd8fdd40
Event: 13.424 Thread 0x00000252caf67e90 DEOPT UNPACKING pc=0x00000252bdb04402 sp=0x000000befd8fdd00 mode 2
Event: 13.453 Thread 0x00000252caf67e90 DEOPT PACKING pc=0x00000252b6d70cee sp=0x000000befd8fe640
Event: 13.453 Thread 0x00000252caf67e90 DEOPT UNPACKING pc=0x00000252bdb04b22 sp=0x000000befd8fdb18 mode 0
Event: 22.278 Thread 0x000002531293ddf0 Uncommon trap: trap_request=0xffffff45 fr.pc=0x00000252be20ab38 relative=0x0000000000000ef8
Event: 22.278 Thread 0x000002531293ddf0 Uncommon trap: reason=unstable_if action=reinterpret pc=0x00000252be20ab38 method=java.util.concurrent.ConcurrentHashMap.putVal(Ljava/lang/Object;Ljava/lang/Object;Z)Ljava/lang/Object; @ 97 c2
Event: 22.278 Thread 0x000002531293ddf0 DEOPT PACKING pc=0x00000252be20ab38 sp=0x000000befe2fe010
Event: 22.278 Thread 0x000002531293ddf0 DEOPT UNPACKING pc=0x00000252bdb04402 sp=0x000000befe2fdfa8 mode 2
Event: 22.779 Thread 0x0000025312944060 Uncommon trap: trap_request=0xffffffde fr.pc=0x00000252be0ec8cc relative=0x000000000000004c
Event: 22.779 Thread 0x0000025312944060 Uncommon trap: reason=class_check action=maybe_recompile pc=0x00000252be0ec8cc method=java.lang.StringConcatHelper.stringOf(Ljava/lang/Object;)Ljava/lang/String; @ 5 c2
Event: 22.779 Thread 0x0000025312944060 DEOPT PACKING pc=0x00000252be0ec8cc sp=0x000000befe4fd430
Event: 22.779 Thread 0x0000025312944060 DEOPT UNPACKING pc=0x00000252bdb04402 sp=0x000000befe4fd3c0 mode 2
Event: 22.797 Thread 0x0000025312944060 Uncommon trap: trap_request=0xffffff45 fr.pc=0x00000252be152450 relative=0x0000000000000210
Event: 22.797 Thread 0x0000025312944060 Uncommon trap: reason=unstable_if action=reinterpret pc=0x00000252be152450 method=java.util.HashMap.getNode(Ljava/lang/Object;)Ljava/util/HashMap$Node; @ 66 c2
Event: 22.797 Thread 0x0000025312944060 DEOPT PACKING pc=0x00000252be152450 sp=0x000000befe4fcd50
Event: 22.797 Thread 0x0000025312944060 DEOPT UNPACKING pc=0x00000252bdb04402 sp=0x000000befe4fcc70 mode 2
Event: 22.797 Thread 0x0000025312944060 Uncommon trap: trap_request=0xffffff45 fr.pc=0x00000252be104dec relative=0x00000000000001ac
Event: 22.797 Thread 0x0000025312944060 Uncommon trap: reason=unstable_if action=reinterpret pc=0x00000252be104dec method=java.util.HashMap.getNode(Ljava/lang/Object;)Ljava/util/HashMap$Node; @ 66 c2
Event: 22.797 Thread 0x0000025312944060 DEOPT PACKING pc=0x00000252be104dec sp=0x000000befe4fccf0
Event: 22.797 Thread 0x0000025312944060 DEOPT UNPACKING pc=0x00000252bdb04402 sp=0x000000befe4fcc70 mode 2

Classes loaded (20 events):
Event: 22.624 Loading class java/time/format/DateTimeFormatterBuilder$ReducedPrinterParser
Event: 22.625 Loading class java/time/format/DateTimeFormatterBuilder$ReducedPrinterParser done
Event: 22.628 Loading class java/io/PushbackInputStream
Event: 22.628 Loading class java/io/PushbackInputStream done
Event: 22.632 Loading class java/util/OptionalInt
Event: 22.633 Loading class java/util/OptionalInt done
Event: 22.633 Loading class java/util/OptionalLong
Event: 22.633 Loading class java/util/OptionalLong done
Event: 22.633 Loading class java/util/OptionalDouble
Event: 22.633 Loading class java/util/OptionalDouble done
Event: 22.648 Loading class org/w3c/dom/Node
Event: 22.648 Loading class org/w3c/dom/Node done
Event: 22.649 Loading class org/w3c/dom/Document
Event: 22.649 Loading class org/w3c/dom/Document done
Event: 22.800 Loading class java/util/stream/DoubleStream
Event: 22.801 Loading class java/util/stream/DoubleStream done
Event: 22.801 Loading class java/util/stream/LongStream
Event: 22.801 Loading class java/util/stream/LongStream done
Event: 22.812 Loading class jdk/internal/ValueBased
Event: 22.812 Loading class jdk/internal/ValueBased done

Classes unloaded (0 events):
No events

Classes redefined (0 events):
No events

Internal exceptions (20 events):
Event: 11.741 Thread 0x00000252caf67e90 Exception <a 'java/lang/NoSuchMethodError'{0x00000000835c5580}: 'java.lang.Object java.lang.invoke.DirectMethodHandle$Holder.invokeSpecial(java.lang.Object, java.lang.Object, java.lang.Object, java.lang.Object, java.lang.Object, java.lang.Object, java.lang.Object, java.lang.Object, int)'> (0x00000000835c5580) 
thrown [s\open\src\hotspot\share\interpreter\linkResolver.cpp, line 796]
Event: 11.741 Thread 0x00000252caf67e90 Exception <a 'java/lang/NoSuchMethodError'{0x00000000835c95b0}: 'java.lang.Object java.lang.invoke.Invokers$Holder.linkToTargetMethod(java.lang.Object, java.lang.Object, java.lang.Object, java.lang.Object, java.lang.Object, java.lang.Object, int, java.lang.Object)'> (0x00000000835c95b0) 
thrown [s\open\src\hotspot\share\interpreter\linkResolver.cpp, line 796]
Event: 11.968 Thread 0x00000252caf67e90 Implicit null exception at 0x00000252be245873 to 0x00000252be2459a4
Event: 12.123 Thread 0x00000252caf67e90 Exception <a 'java/lang/IncompatibleClassChangeError'{0x00000000840284b8}: Found class java.lang.Object, but interface was expected> (0x00000000840284b8) 
thrown [s\open\src\hotspot\share\interpreter\linkResolver.cpp, line 863]
Event: 12.193 Thread 0x00000252caf67e90 Exception <a 'java/lang/IncompatibleClassChangeError'{0x0000000083fb4bc0}: Found class java.lang.Object, but interface was expected> (0x0000000083fb4bc0) 
thrown [s\open\src\hotspot\share\interpreter\linkResolver.cpp, line 863]
Event: 12.354 Thread 0x00000252caf67e90 Exception <a 'java/lang/IncompatibleClassChangeError'{0x0000000083b52720}: Found class java.lang.Object, but interface was expected> (0x0000000083b52720) 
thrown [s\open\src\hotspot\share\interpreter\linkResolver.cpp, line 863]
Event: 12.416 Thread 0x00000252caf67e90 Exception <a 'java/lang/NoSuchMethodError'{0x000000008392b810}: 'void java.lang.invoke.Invokers$Holder.invokeExact_MT(java.lang.Object, java.lang.Object, java.lang.Object, java.lang.Object)'> (0x000000008392b810) 
thrown [s\open\src\hotspot\share\interpreter\linkResolver.cpp, line 796]
Event: 12.504 Thread 0x00000252caf67e90 Exception <a 'java/lang/NoSuchMethodError'{0x00000000838d2ba8}: 'java.lang.Object java.lang.invoke.DirectMethodHandle$Holder.newInvokeSpecial(java.lang.Object, java.lang.Object, java.lang.Object, java.lang.Object, java.lang.Object, java.lang.Object, java.lang.Object, java.lang.Object)'> (0x00000000838d2ba8) 
thrown [s\open\src\hotspot\share\interpreter\linkResolver.cpp, line 796]
Event: 12.789 Thread 0x00000252caf67e90 Exception <a 'java/lang/NoSuchMethodError'{0x00000000832a54a0}: 'java.lang.Object java.lang.invoke.DirectMethodHandle$Holder.invokeStatic(java.lang.Object, int, java.lang.Object, java.lang.Object)'> (0x00000000832a54a0) 
thrown [s\open\src\hotspot\share\interpreter\linkResolver.cpp, line 796]
Event: 12.790 Thread 0x00000252caf67e90 Exception <a 'java/lang/NoSuchMethodError'{0x00000000832a9890}: 'java.lang.Object java.lang.invoke.DirectMethodHandle$Holder.invokeSpecial(java.lang.Object, java.lang.Object, int, java.lang.Object, java.lang.Object)'> (0x00000000832a9890) 
thrown [s\open\src\hotspot\share\interpreter\linkResolver.cpp, line 796]
Event: 12.790 Thread 0x00000252caf67e90 Exception <a 'java/lang/NoSuchMethodError'{0x00000000832ad588}: 'java.lang.Object java.lang.invoke.DelegatingMethodHandle$Holder.delegate(java.lang.Object, int, java.lang.Object, java.lang.Object)'> (0x00000000832ad588) 
thrown [s\open\src\hotspot\share\interpreter\linkResolver.cpp, line 796]
Event: 12.793 Thread 0x00000252caf67e90 Exception <a 'java/lang/NoSuchMethodError'{0x00000000832bd248}: 'int java.lang.invoke.Invokers$Holder.linkToTargetMethod(java.lang.Object, java.lang.Object, java.lang.Object)'> (0x00000000832bd248) 
thrown [s\open\src\hotspot\share\interpreter\linkResolver.cpp, line 796]
Event: 12.921 Thread 0x00000252caf67e90 Exception <a 'java/lang/IncompatibleClassChangeError'{0x00000000873af9d8}: Found class java.lang.Object, but interface was expected> (0x00000000873af9d8) 
thrown [s\open\src\hotspot\share\interpreter\linkResolver.cpp, line 863]
Event: 13.143 Thread 0x00000252caf67e90 Exception <a 'java/lang/IncompatibleClassChangeError'{0x0000000083ea92a8}: Found class java.lang.Object, but interface was expected> (0x0000000083ea92a8) 
thrown [s\open\src\hotspot\share\interpreter\linkResolver.cpp, line 863]
Event: 13.165 Thread 0x00000252caf67e90 Implicit null exception at 0x00000252be1588a2 to 0x00000252be158918
Event: 13.387 Thread 0x00000252caf67e90 Exception <a 'java/lang/NoSuchMethodError'{0x00000000839476c8}: 'java.lang.Object java.lang.invoke.DirectMethodHandle$Holder.newInvokeSpecial(java.lang.Object, java.lang.Object, int, java.lang.Object, java.lang.Object)'> (0x00000000839476c8) 
thrown [s\open\src\hotspot\share\interpreter\linkResolver.cpp, line 796]
Event: 22.259 Thread 0x0000025312941f90 Exception <a 'java/lang/NoSuchMethodError'{0x0000000083624570}: 'java.lang.Object java.lang.invoke.DirectMethodHandle$Holder.invokeStatic(java.lang.Object, java.lang.Object, java.lang.Object, int, int)'> (0x0000000083624570) 
thrown [s\open\src\hotspot\share\interpreter\linkResolver.cpp, line 796]
Event: 22.260 Thread 0x0000025312941f90 Exception <a 'java/lang/NoSuchMethodError'{0x0000000083627d28}: 'java.lang.Object java.lang.invoke.DirectMethodHandle$Holder.invokeStaticInit(java.lang.Object, java.lang.Object, java.lang.Object, int, int)'> (0x0000000083627d28) 
thrown [s\open\src\hotspot\share\interpreter\linkResolver.cpp, line 796]
Event: 22.314 Thread 0x000002531293ddf0 Exception <a 'java/lang/NoSuchMethodError'{0x000000008355bca0}: 'java.lang.Object java.lang.invoke.DirectMethodHandle$Holder.invokeSpecial(java.lang.Object, java.lang.Object, java.lang.Object, java.lang.Object, java.lang.Object, long)'> (0x000000008355bca0) 
thrown [s\open\src\hotspot\share\interpreter\linkResolver.cpp, line 796]
Event: 22.315 Thread 0x000002531293ddf0 Exception <a 'java/lang/NoSuchMethodError'{0x000000008355f6e8}: 'java.lang.Object java.lang.invoke.Invokers$Holder.linkToTargetMethod(java.lang.Object, java.lang.Object, java.lang.Object, long, java.lang.Object)'> (0x000000008355f6e8) 
thrown [s\open\src\hotspot\share\interpreter\linkResolver.cpp, line 796]

VM Operations (20 events):
Event: 13.384 Executing VM operation: HandshakeAllThreads (Deoptimize)
Event: 13.384 Executing VM operation: HandshakeAllThreads (Deoptimize) done
Event: 22.346 Executing VM operation: HandshakeAllThreads (Deoptimize)
Event: 22.346 Executing VM operation: HandshakeAllThreads (Deoptimize) done
Event: 22.378 Executing VM operation: CollectForMetadataAllocation (Metadata GC Threshold)
Event: 22.391 Executing VM operation: CollectForMetadataAllocation (Metadata GC Threshold) done
Event: 22.483 Executing VM operation: G1PauseRemark
Event: 22.496 Executing VM operation: G1PauseRemark done
Event: 22.496 Executing VM operation: CollectForMetadataAllocation (Metadata GC Threshold)
Event: 22.496 Executing VM operation: CollectForMetadataAllocation (Metadata GC Threshold) done
Event: 22.528 Executing VM operation: G1PauseCleanup
Event: 22.528 Executing VM operation: G1PauseCleanup done
Event: 22.674 Executing VM operation: HandshakeAllThreads (Deoptimize)
Event: 22.674 Executing VM operation: HandshakeAllThreads (Deoptimize) done
Event: 22.781 Executing VM operation: HandshakeAllThreads (Deoptimize)
Event: 22.781 Executing VM operation: HandshakeAllThreads (Deoptimize) done
Event: 60.240 Executing VM operation: HandshakeAllThreads (HandshakeForDeflation)
Event: 60.240 Executing VM operation: HandshakeAllThreads (HandshakeForDeflation) done
Event: 60.240 Executing VM operation: RendezvousGCThreads
Event: 60.240 Executing VM operation: RendezvousGCThreads done

Memory protections (0 events):
No events

Nmethod flushes (20 events):
Event: 22.494 Thread 0x00000252ca301ec0 flushing  nmethod 0x00000252b67b3f08
Event: 22.494 Thread 0x00000252ca301ec0 flushing  nmethod 0x00000252b67d7608
Event: 22.494 Thread 0x00000252ca301ec0 flushing  nmethod 0x00000252b684eb08
Event: 22.494 Thread 0x00000252ca301ec0 flushing  nmethod 0x00000252b692f408
Event: 22.494 Thread 0x00000252ca301ec0 flushing  nmethod 0x00000252b6964d08
Event: 22.494 Thread 0x00000252ca301ec0 flushing  nmethod 0x00000252b6965e08
Event: 22.494 Thread 0x00000252ca301ec0 flushing  nmethod 0x00000252b697ae08
Event: 22.494 Thread 0x00000252ca301ec0 flushing  nmethod 0x00000252b697c388
Event: 22.494 Thread 0x00000252ca301ec0 flushing  nmethod 0x00000252b6a67c08
Event: 22.494 Thread 0x00000252ca301ec0 flushing  nmethod 0x00000252b6a69208
Event: 22.494 Thread 0x00000252ca301ec0 flushing  nmethod 0x00000252b6a6bd08
Event: 22.494 Thread 0x00000252ca301ec0 flushing  nmethod 0x00000252b6aa9c08
Event: 22.494 Thread 0x00000252ca301ec0 flushing  nmethod 0x00000252b6acc088
Event: 22.494 Thread 0x00000252ca301ec0 flushing  nmethod 0x00000252b6af3288
Event: 22.494 Thread 0x00000252ca301ec0 flushing  nmethod 0x00000252b6af3908
Event: 22.494 Thread 0x00000252ca301ec0 flushing  nmethod 0x00000252b6b15708
Event: 22.494 Thread 0x00000252ca301ec0 flushing  nmethod 0x00000252b6b75b08
Event: 22.494 Thread 0x00000252ca301ec0 flushing  nmethod 0x00000252b6c06d88
Event: 22.494 Thread 0x00000252ca301ec0 flushing  nmethod 0x00000252b6c07088
Event: 22.494 Thread 0x00000252ca301ec0 flushing  nmethod 0x00000252b6c07688

Events (20 events):
Event: 13.405 Thread 0x00000252caf67e90 Thread added: 0x000002531293ddf0
Event: 13.406 Thread 0x00000252caf67e90 Thread added: 0x0000025312944060
Event: 13.406 Thread 0x00000252caf67e90 Thread added: 0x000002531293fec0
Event: 13.406 Thread 0x00000252caf67e90 Thread added: 0x000002531293d760
Event: 13.406 Thread 0x00000252caf67e90 Thread added: 0x000002531293eb10
Event: 13.406 Thread 0x00000252caf67e90 Thread added: 0x000002531293f1a0
Event: 13.407 Thread 0x00000252caf67e90 Thread added: 0x000002531293d0d0
Event: 13.407 Thread 0x00000252caf67e90 Thread added: 0x000002531293f830
Event: 13.407 Thread 0x00000252caf67e90 Thread added: 0x00000253129446f0
Event: 13.407 Thread 0x00000252caf67e90 Thread added: 0x0000025312941270
Event: 13.429 Thread 0x00000252caf67e90 Thread added: 0x0000025312941900
Event: 13.431 Thread 0x00000252caf67e90 Thread added: 0x0000025312941f90
Event: 13.468 Thread 0x00000252caf67e90 Thread exited: 0x00000252caf67e90
Event: 13.472 Thread 0x00000252cac78a80 Thread exited: 0x00000252cac78a80
Event: 13.473 Thread 0x00000252ade45810 Thread exited: 0x00000252ade45810
Event: 13.473 Thread 0x0000025312943340 Thread added: 0x0000025312943340
Event: 16.122 Thread 0x0000025312940550 Thread exited: 0x0000025312940550
Event: 21.449 Thread 0x00000252ca601850 Thread exited: 0x00000252ca601850
Event: 22.626 Thread 0x00000252ca3a8030 Thread added: 0x000002531091c160
Event: 22.754 Thread 0x000002531091c160 Thread exited: 0x000002531091c160


Dynamic libraries:
0x00007ff61a7e0000 - 0x00007ff61a7f0000 	C:\Program Files\Java\jdk-23\bin\java.exe
0x00007ffc6b430000 - 0x00007ffc6b628000 	C:\Windows\SYSTEM32\ntdll.dll
0x00007ffc696a0000 - 0x00007ffc69762000 	C:\Windows\System32\KERNEL32.DLL
0x00007ffc68ac0000 - 0x00007ffc68db7000 	C:\Windows\System32\KERNELBASE.dll
0x00007ffc690c0000 - 0x00007ffc691c0000 	C:\Windows\System32\ucrtbase.dll
0x00007ffc5ede0000 - 0x00007ffc5edf7000 	C:\Program Files\Java\jdk-23\bin\jli.dll
0x00007ffc5a1f0000 - 0x00007ffc5a20b000 	C:\Program Files\Java\jdk-23\bin\VCRUNTIME140.dll
0x00007ffc69450000 - 0x00007ffc695ed000 	C:\Windows\System32\USER32.dll
0x00007ffc691c0000 - 0x00007ffc691e2000 	C:\Windows\System32\win32u.dll
0x00007ffc59590000 - 0x00007ffc5982a000 	C:\Windows\WinSxS\amd64_microsoft.windows.common-controls_6595b64144ccf1df_6.0.19041.5915_none_60b4b9d171f9c7c7\COMCTL32.dll
0x00007ffc6af90000 - 0x00007ffc6afbb000 	C:\Windows\System32\GDI32.dll
0x00007ffc69330000 - 0x00007ffc69449000 	C:\Windows\System32\gdi32full.dll
0x00007ffc6b020000 - 0x00007ffc6b0be000 	C:\Windows\System32\msvcrt.dll
0x00007ffc68dc0000 - 0x00007ffc68e5d000 	C:\Windows\System32\msvcp_win.dll
0x00007ffc698a0000 - 0x00007ffc698cf000 	C:\Windows\System32\IMM32.DLL
0x00007ffc61b60000 - 0x00007ffc61b6c000 	C:\Program Files\Java\jdk-23\bin\vcruntime140_1.dll
0x00007ffc3b030000 - 0x00007ffc3b0be000 	C:\Program Files\Java\jdk-23\bin\msvcp140.dll
0x00007ffc2ee90000 - 0x00007ffc2fbdf000 	C:\Program Files\Java\jdk-23\bin\server\jvm.dll
0x00007ffc69f80000 - 0x00007ffc6a031000 	C:\Windows\System32\ADVAPI32.dll
0x00007ffc69ee0000 - 0x00007ffc69f7f000 	C:\Windows\System32\sechost.dll
0x00007ffc6b200000 - 0x00007ffc6b326000 	C:\Windows\System32\RPCRT4.dll
0x00007ffc69040000 - 0x00007ffc69067000 	C:\Windows\System32\bcrypt.dll
0x00007ffc698d0000 - 0x00007ffc6993b000 	C:\Windows\System32\WS2_32.dll
0x00007ffc63580000 - 0x00007ffc635a7000 	C:\Windows\SYSTEM32\WINMM.dll
0x00007ffc5f300000 - 0x00007ffc5f30a000 	C:\Windows\SYSTEM32\VERSION.dll
0x00007ffc68000000 - 0x00007ffc6804b000 	C:\Windows\SYSTEM32\POWRPROF.dll
0x00007ffc67ea0000 - 0x00007ffc67eb2000 	C:\Windows\SYSTEM32\UMPDC.dll
0x00007ffc66900000 - 0x00007ffc66912000 	C:\Windows\SYSTEM32\kernel.appcore.dll
0x00007ffc5ef70000 - 0x00007ffc5ef7a000 	C:\Program Files\Java\jdk-23\bin\jimage.dll
0x00007ffc58520000 - 0x00007ffc58721000 	C:\Windows\SYSTEM32\DBGHELP.DLL
0x00007ffc57270000 - 0x00007ffc572a4000 	C:\Windows\SYSTEM32\dbgcore.DLL
0x00007ffc691f0000 - 0x00007ffc69272000 	C:\Windows\System32\bcryptPrimitives.dll
0x00007ffc65360000 - 0x00007ffc6536f000 	C:\Program Files\Java\jdk-23\bin\instrument.dll
0x00007ffc5a1a0000 - 0x00007ffc5a1be000 	C:\Program Files\Java\jdk-23\bin\java.dll
0x00007ffc69770000 - 0x00007ffc6989b000 	C:\Windows\System32\ole32.dll
0x00007ffc699d0000 - 0x00007ffc69d23000 	C:\Windows\System32\combase.dll
0x00007ffc6a7e0000 - 0x00007ffc6af4e000 	C:\Windows\System32\SHELL32.dll
0x00007ffc66b00000 - 0x00007ffc672a4000 	C:\Windows\SYSTEM32\windows.storage.dll
0x00007ffc684f0000 - 0x00007ffc6851b000 	C:\Windows\SYSTEM32\Wldp.dll
0x00007ffc6a180000 - 0x00007ffc6a24d000 	C:\Windows\System32\OLEAUT32.dll
0x00007ffc6a050000 - 0x00007ffc6a0fd000 	C:\Windows\System32\SHCORE.dll
0x00007ffc6b390000 - 0x00007ffc6b3eb000 	C:\Windows\System32\shlwapi.dll
0x00007ffc689f0000 - 0x00007ffc68a14000 	C:\Windows\SYSTEM32\profapi.dll
0x00007ffc3af50000 - 0x00007ffc3b027000 	C:\Program Files\Java\jdk-23\bin\jsvml.dll
0x00007ffc60830000 - 0x00007ffc60847000 	C:\Program Files\Java\jdk-23\bin\zip.dll
0x00007ffc62ea0000 - 0x00007ffc62eb0000 	C:\Program Files\Java\jdk-23\bin\net.dll
0x00007ffc68250000 - 0x00007ffc682ba000 	C:\Windows\system32\mswsock.dll
0x00007ffc61720000 - 0x00007ffc61736000 	C:\Program Files\Java\jdk-23\bin\nio.dll
0x00007ffc61c90000 - 0x00007ffc61caa000 	C:\Program Files\JetBrains\IntelliJ IDEA Community Edition 2024.3.1.1\bin\breakgen64.dll
0x00007ffc59830000 - 0x00007ffc59839000 	C:\Program Files\Java\jdk-23\bin\extnet.dll
0x00007ffc52c20000 - 0x00007ffc52c2a000 	C:\Program Files\Java\jdk-23\bin\management.dll
0x00007ffc50ec0000 - 0x00007ffc50ecb000 	C:\Program Files\Java\jdk-23\bin\management_ext.dll
0x00007ffc6a040000 - 0x00007ffc6a048000 	C:\Windows\System32\PSAPI.DLL
0x00007ffc53770000 - 0x00007ffc5377e000 	C:\Program Files\Java\jdk-23\bin\sunmscapi.dll
0x00007ffc68e60000 - 0x00007ffc68fbd000 	C:\Windows\System32\CRYPT32.dll
0x00007ffc68560000 - 0x00007ffc68587000 	C:\Windows\SYSTEM32\ncrypt.dll
0x00007ffc68520000 - 0x00007ffc6855b000 	C:\Windows\SYSTEM32\NTASN1.dll
0x00007ffc68440000 - 0x00007ffc68458000 	C:\Windows\SYSTEM32\CRYPTSP.dll
0x00007ffc67ac0000 - 0x00007ffc67af8000 	C:\Windows\system32\rsaenh.dll
0x00007ffc689b0000 - 0x00007ffc689de000 	C:\Windows\SYSTEM32\USERENV.dll
0x00007ffc68460000 - 0x00007ffc6846c000 	C:\Windows\SYSTEM32\CRYPTBASE.dll
0x00007ffc67ee0000 - 0x00007ffc67f1b000 	C:\Windows\SYSTEM32\IPHLPAPI.DLL
0x00007ffc6af50000 - 0x00007ffc6af58000 	C:\Windows\System32\NSI.dll
0x00007ffc468a0000 - 0x00007ffc468b0000 	C:\Program Files\Java\jdk-23\bin\verify.dll
0x00007ffc67f20000 - 0x00007ffc67fea000 	C:\Windows\SYSTEM32\DNSAPI.dll
0x00007ffc60dd0000 - 0x00007ffc60dda000 	C:\Windows\System32\rasadhlp.dll
0x00007ffc5ba40000 - 0x00007ffc5bac0000 	C:\Windows\System32\fwpuclnt.dll
0x00007ffc63420000 - 0x00007ffc63427000 	C:\Windows\system32\wshunix.dll

dbghelp: loaded successfully - version: 4.0.5 - missing functions: none
symbol engine: initialized successfully - sym options: 0x614 - pdb path: .;C:\Program Files\Java\jdk-23\bin;C:\Windows\SYSTEM32;C:\Windows\WinSxS\amd64_microsoft.windows.common-controls_6595b64144ccf1df_6.0.19041.5915_none_60b4b9d171f9c7c7;C:\Program Files\Java\jdk-23\bin\server;C:\Program Files\JetBrains\IntelliJ IDEA Community Edition 2024.3.1.1\bin

VM Arguments:
jvm_args: -javaagent:C:\Program Files\JetBrains\IntelliJ IDEA Community Edition 2024.3.1.1\lib\idea_rt.jar=57775:C:\Program Files\JetBrains\IntelliJ IDEA Community Edition 2024.3.1.1\bin -Dfile.encoding=UTF-8 -Dsun.stdout.encoding=UTF-8 -Dsun.stderr.encoding=UTF-8 
java_command: com.FIneDine.FineDineOfficial.FineDineOfficialApplication
java_class_path (initial): E:\Development\JAVA_PROJECTS\Telusko\FineDineOfficial\FineDineOfficial\target\classes;C:\Users\hp\.m2\repository\org\springframework\boot\spring-boot-starter-data-jpa\3.5.5\spring-boot-starter-data-jpa-3.5.5.jar;C:\Users\hp\.m2\repository\org\springframework\boot\spring-boot-starter\3.5.5\spring-boot-starter-3.5.5.jar;C:\Users\hp\.m2\repository\org\springframework\boot\spring-boot-starter-logging\3.5.5\spring-boot-starter-logging-3.5.5.jar;C:\Users\hp\.m2\repository\ch\qos\logback\logback-classic\1.5.18\logback-classic-1.5.18.jar;C:\Users\hp\.m2\repository\ch\qos\logback\logback-core\1.5.18\logback-core-1.5.18.jar;C:\Users\hp\.m2\repository\org\apache\logging\log4j\log4j-to-slf4j\2.24.3\log4j-to-slf4j-2.24.3.jar;C:\Users\hp\.m2\repository\org\apache\logging\log4j\log4j-api\2.24.3\log4j-api-2.24.3.jar;C:\Users\hp\.m2\repository\org\slf4j\jul-to-slf4j\2.0.17\jul-to-slf4j-2.0.17.jar;C:\Users\hp\.m2\repository\jakarta\annotation\jakarta.annotation-api\2.1.1\jakarta.annotation-api-2.1.1.jar;C:\Users\hp\.m2\repository\org\yaml\snakeyaml\2.4\snakeyaml-2.4.jar;C:\Users\hp\.m2\repository\org\springframework\boot\spring-boot-starter-jdbc\3.5.5\spring-boot-starter-jdbc-3.5.5.jar;C:\Users\hp\.m2\repository\com\zaxxer\HikariCP\6.3.2\HikariCP-6.3.2.jar;C:\Users\hp\.m2\repository\org\springframework\spring-jdbc\6.2.10\spring-jdbc-6.2.10.jar;C:\Users\hp\.m2\repository\org\hibernate\orm\hibernate-core\6.6.26.Final\hibernate-core-6.6.26.Final.jar;C:\Users\hp\.m2\repository\jakarta\persistence\jakarta.persistence-api\3.1.0\jakarta.persistence-api-3.1.0.jar;C:\Users\hp\.m2\repository\jakarta\transaction\jakarta.transaction-api\2.0.1\jakarta.transaction-api-2.0.1.jar;C:\Users\hp\.m2\repository\org\jboss\logging\jboss-logging\3.6.1.Final\jboss-logging-3.6.1.Final.jar;C:\Users\hp\.m2\repository\org\hibernate\common\hibernate-commons-annotations\7.0.3.Final\hibernate-commons-annotations-7.0.3.Final.jar;C:\Users\hp\.m2\repository\io\smallrye\jandex\3.2.0\jandex-3.2.0.jar;C:\Users\hp\.m2\repository\com\fasterxml\classmate\1.7.0\classmate-1.7.0.jar;C:\Users\hp\.m2\repository\net\bytebuddy\byte-buddy\1.17.7\byte-buddy-1.17.7.jar;C:\Users\hp\.m2\repository\org\glassfish\jaxb\jaxb-runtime\4.0.5\jaxb-runtime-4.0.5.jar;C:\Users\hp\.m2\repository\org\glassfish\jaxb\jaxb-core\4.0.5\jaxb-core-4.0.5.jar;C:\Users\hp\.m2\repository\org\eclipse\angus\angus-activation\2.0.2\angus-activation-2.0.2.jar;C:\Users\hp\.m2\repository\org\glassfish\jaxb\txw2\4.0.5\txw2-4.0.5.jar;C:\Users\hp\.m2\repository\com\sun\istack\istack-commons-runtime\4.1.2\istack-commons-runtime-4.1.2.jar;C:\Users\hp\.m2\repository\jakarta\inject\jakarta.inject-api\2.0.1\jakarta.inject-api-2.0.1.jar;C:\Users\hp\.m2\repository\org\antlr\antlr4-runtime\4.13.0\antlr4-runtime-4.13.0.jar;C:\Users\hp\.m2\repository\org\springframework\data\spring-data-jpa\3.5.3\spring-data-jpa-3.5.3.jar;C:\Users\hp\.m2\repository\org\springframework\data\spring-data-commons\3.5.3\spring-data-commons-3.5.3.jar;C:\Users\hp\.m2\repository\org\springframework\spring-orm\6.2.10\spring-orm-6.2.10.jar;C:\Users\hp\.m2\repository\org\springframework\spring-context\6.2.10\spring-context-6.2.10.jar;C:\Users\hp\.m2\repository\org\springframework\spring-aop\6.2.10\spring-aop-6.2.10.jar;C:\Users\hp\.m2\repository\org\springframework\spring-tx\6.2.10\spring-tx-6.2.10.jar;C:\Users\hp\.m2\repository\org\springframework\spring-beans\6.2.10\spring-beans-6.2.10.jar;C:\Users\hp\.m2\repository\org\slf4j\slf4j-api\2.0.17\slf4j-api-2.0.17.jar;C:\Users\hp\.m2\repository\org\springframework\spring-aspects\6.2.10\spring-aspects-6.2.10.jar;C:\Users\hp\.m2\repository\org\aspectj\aspectjweaver\1.9.24\aspectjweaver-1.9.24.jar;C:\Users\hp\.m2\repository\org\springframework\boot\spring-boot-starter-web\3.5.5\spring-boot-starter-web-3.5.5.jar;C:\Users\hp\.m2\repository\org\springframework\boot\spring-boot-starter-json\3.5.5\spring-boot-starter-json-3.5.5.jar;C:\Users\hp\.m2\repository\com\fasterxml\jackson\core\jackson-databind\2.19.2\jackson-databind-2.19.2.jar;C:\Users\hp\.m2\repository\com\fasterxml\jackson\core\jackson-annotations\2.19.2\jackson-annotations-2.19.2.jar;C:\Users\hp\.m2\repository\com\fasterxml\jackson\core\jackson-core\2.19.2\jackson-core-2.19.2.jar;C:\Users\hp\.m2\repository\com\fasterxml\jackson\datatype\jackson-datatype-jdk8\2.19.2\jackson-datatype-jdk8-2.19.2.jar;C:\Users\hp\.m2\repository\com\fasterxml\jackson\datatype\jackson-datatype-jsr310\2.19.2\jackson-datatype-jsr310-2.19.2.jar;C:\Users\hp\.m2\repository\com\fasterxml\jackson\module\jackson-module-parameter-names\2.19.2\jackson-module-parameter-names-2.19.2.jar;C:\Users\hp\.m2\repository\org\springframework\boot\spring-boot-starter-tomcat\3.5.5\spring-boot-starter-tomcat-3.5.5.jar;C:\Users\hp\.m2\repository\org\apache\tomcat\embed\tomcat-embed-core\10.1.44\tomcat-embed-core-10.1.44.jar;C:\Users\hp\.m2\repository\org\apache\tomcat\embed\tomcat-embed-el\10.1.44\tomcat-embed-el-10.1.44.jar;C:\Users\hp\.m2\repository\org\apache\tomcat\embed\tomcat-embed-websocket\10.1.44\tomcat-embed-websocket-10.1.44.jar;C:\Users\hp\.m2\repository\org\springframework\spring-web\6.2.10\spring-web-6.2.10.jar;C:\Users\hp\.m2\repository\io\micrometer\micrometer-observation\1.15.3\micrometer-observation-1.15.3.jar;C:\Users\hp\.m2\repository\io\micrometer\micrometer-commons\1.15.3\micrometer-commons-1.15.3.jar;C:\Users\hp\.m2\repository\org\springframework\spring-webmvc\6.2.10\spring-webmvc-6.2.10.jar;C:\Users\hp\.m2\repository\org\springframework\spring-expression\6.2.10\spring-expression-6.2.10.jar;C:\Users\hp\.m2\repository\org\springframework\boot\spring-boot-devtools\3.5.5\spring-boot-devtools-3.5.5.jar;C:\Users\hp\.m2\repository\org\springframework\boot\spring-boot\3.5.5\spring-boot-3.5.5.jar;C:\Users\hp\.m2\repository\org\springframework\boot\spring-boot-autoconfigure\3.5.5\spring-boot-autoconfigure-3.5.5.jar;C:\Users\hp\.m2\repository\org\postgresql\postgresql\42.7.7\postgresql-42.7.7.jar;C:\Users\hp\.m2\repository\org\checkerframework\checker-qual\3.49.3\checker-qual-3.49.3.jar;C:\Users\hp\.m2\repository\org\projectlombok\lombok\1.18.38\lombok-1.18.38.jar;C:\Users\hp\.m2\repository\jakarta\xml\bind\jakarta.xml.bind-api\4.0.2\jakarta.xml.bind-api-4.0.2.jar;C:\Users\hp\.m2\repository\jakarta\activation\jakarta.activation-api\2.1.3\jakarta.activation-api-2.1.3.jar;C:\Users\hp\.m2\repository\org\springframework\spring-core\6.2.10\spring-core-6.2.10.jar;C:\Users\hp\.m2\repository\org\springframework\spring-jcl\6.2.10\spring-jcl-6.2.10.jar
Launcher Type: SUN_STANDARD

[Global flags]
     intx CICompilerCount                          = 3                                         {product} {ergonomic}
     uint ConcGCThreads                            = 1                                         {product} {ergonomic}
     uint G1ConcRefinementThreads                  = 4                                         {product} {ergonomic}
   size_t G1HeapRegionSize                         = 1048576                                   {product} {ergonomic}
   size_t InitialHeapSize                          = 134217728                                 {product} {ergonomic}
   size_t MarkStackSize                            = 4194304                                   {product} {ergonomic}
   size_t MarkStackSizeMax                         = 536870912                                 {product} {ergonomic}
   size_t MaxHeapSize                              = 2126512128                                {product} {ergonomic}
   size_t MaxNewSize                               = 1275068416                                {product} {ergonomic}
   size_t MinHeapDeltaBytes                        = 1048576                                   {product} {ergonomic}
   size_t MinHeapSize                              = 8388608                                   {product} {ergonomic}
    uintx NonNMethodCodeHeapSize                   = 5832704                                {pd product} {ergonomic}
    uintx NonProfiledCodeHeapSize                  = 122945536                              {pd product} {ergonomic}
    uintx ProfiledCodeHeapSize                     = 122880000                              {pd product} {ergonomic}
    uintx ReservedCodeCacheSize                    = 251658240                              {pd product} {ergonomic}
     bool SegmentedCodeCache                       = true                                      {product} {ergonomic}
   size_t SoftMaxHeapSize                          = 2126512128                             {manageable} {ergonomic}
     bool UseCompressedOops                        = true                           {product lp64_product} {ergonomic}
     bool UseG1GC                                  = true                                      {product} {ergonomic}
     bool UseLargePagesIndividualAllocation        = false                                  {pd product} {ergonomic}

Logging:
Log output configuration:
 #0: stdout all=warning uptime,level,tags foldmultilines=false
 #1: stderr all=off uptime,level,tags foldmultilines=false

Environment Variables:
PATH=C:\Program Files\Common Files\Oracle\Java\javapath;C:\Windows\system32;C:\Windows;C:\Windows\System32\Wbem;C:\Windows\System32\WindowsPowerShell\v1.0\;C:\Windows\System32\OpenSSH\;C:\Program Files\nodejs;C:\Program Files\Git\cmd;E:\Softwares\apache-maven-3.8.9-bin\apache-maven-3.8.9\bin;C:\Users\hp\AppData\Local\nvm;C:\nvm4w\nodejs;C:\Users\hp\AppData\Local\Microsoft\WindowsApps;C:\Users\hp\AppData\Local\Programs\Microsoft VS Code\bin;C:\Users\hp\AppData\Local\nvm;C:\nvm4w\nodejs
USERNAME=hp
OS=Windows_NT
PROCESSOR_IDENTIFIER=Intel64 Family 6 Model 61 Stepping 4, GenuineIntel
TMP=C:\Users\hp\AppData\Local\Temp
TEMP=C:\Users\hp\AppData\Local\Temp




Periodic native trim disabled

---------------  S Y S T E M  ---------------

OS:
 Windows 10 , 64 bit Build 19041 (10.0.19041.5915)
OS uptime: 1 days 4:13 hours
Hyper-V role detected

CPU: total 4 (initial active 4) (2 cores per cpu, 2 threads per core) family 6 model 61 stepping 4 microcode 0x2d, cx8, cmov, fxsr, ht, mmx, 3dnowpref, sse, sse2, sse3, ssse3, sse4.1, sse4.2, popcnt, lzcnt, tsc, tscinvbit, avx, avx2, aes, erms, clmul, bmi1, bmi2, adx, fma, vzeroupper, clflush, hv, rdtscp, f16c
Processor Information for the first 4 processors :
  Max Mhz: 2000, Current Mhz: 2000, Mhz Limit: 2000

Memory: 4k page, system-wide physical 8104M (884M free)
TotalPageFile size 10152M (AvailPageFile size 5M)
current process WorkingSet (physical memory assigned to process): 209M, peak: 253M
current process commit charge ("private bytes"): 238M, peak: 283M

vm_info: Java HotSpot(TM) 64-Bit Server VM (23.0.1+11-39) for windows-amd64 JRE (23.0.1+11-39), built on 2024-09-30T07:20:43Z with MS VC++ 17.6 (VS2022)

END.
