#
# There is insufficient memory for the Java Runtime Environment to continue.
# Native memory allocation (malloc) failed to allocate 1323008 bytes. Error detail: Chunk::new
# Possible reasons:
#   The system is out of physical RAM or swap space
#   This process is running with CompressedOops enabled, and the Java Heap may be blocking the growth of the native heap
# Possible solutions:
#   Reduce memory load on the system
#   Increase physical memory or swap space
#   Check if swap backing store is full
#   Decrease Java heap size (-Xmx/-Xms)
#   Decrease number of Java threads
#   Decrease Java thread stack sizes (-Xss)
#   Set larger code cache with -XX:ReservedCodeCacheSize=
#   JVM is running with Unscaled Compressed Oops mode in which the Java heap is
#     placed in the first 4GB address space. The Java Heap base address is the
#     maximum limit for the native heap growth. Please use -XX:HeapBaseMinAddress
#     to set the Java Heap base and to place the Java Heap above 4GB virtual address.
# This output file may be truncated or incomplete.
#
#  Out of Memory Error (arena.cpp:149), pid=2860, tid=10276
#
# JRE version: Java(TM) SE Runtime Environment (23.0.1+11) (build 23.0.1+11-39)
# Java VM: Java HotSpot(TM) 64-Bit Server VM (23.0.1+11-39, mixed mode, sharing, tiered, compressed oops, compressed class ptrs, g1 gc, windows-amd64)
# No core dump will be written. Minidumps are not enabled by default on client versions of Windows
#

---------------  S U M M A R Y ------------

Command Line: -javaagent:C:\Program Files\JetBrains\IntelliJ IDEA Community Edition 2024.3.1.1\lib\idea_rt.jar=64298:C:\Program Files\JetBrains\IntelliJ IDEA Community Edition 2024.3.1.1\bin -Dfile.encoding=UTF-8 -Dsun.stdout.encoding=UTF-8 -Dsun.stderr.encoding=UTF-8 com.FIneDine.FineDineOfficial.FineDineOfficialApplication

Host: Intel(R) Core(TM) i3-5005U CPU @ 2.00GHz, 4 cores, 7G,  Windows 10 , 64 bit Build 19041 (10.0.19041.5915)
Time: Tue Sep  9 15:14:20 2025 India Standard Time elapsed time: 3.570413 seconds (0d 0h 0m 3s)

---------------  T H R E A D  ---------------

Current thread (0x00000203197ee760):  JavaThread "C2 CompilerThread1" daemon [_thread_in_native, id=10276, stack(0x000000dd2b500000,0x000000dd2b600000) (1024K)]


Current CompileTask:
C2:3570 2075       4       java.lang.invoke.MethodType::makeImpl (109 bytes)

Stack: [0x000000dd2b500000,0x000000dd2b600000]
Native frames: (J=compiled Java code, j=interpreted, Vv=VM code, C=native code)
V  [jvm.dll+0x6e08b9]  (no source info available)
V  [jvm.dll+0x87dc83]  (no source info available)
V  [jvm.dll+0x88010e]  (no source info available)
V  [jvm.dll+0x8807e3]  (no source info available)
V  [jvm.dll+0x27aee6]  (no source info available)
V  [jvm.dll+0xbc06f]  (no source info available)
V  [jvm.dll+0xbc2cb]  (no source info available)
V  [jvm.dll+0x3b3a9c]  (no source info available)
V  [jvm.dll+0x1dc19c]  (no source info available)
V  [jvm.dll+0x244be5]  (no source info available)
V  [jvm.dll+0x243dff]  (no source info available)
V  [jvm.dll+0x1c33a0]  (no source info available)
V  [jvm.dll+0x253cf1]  (no source info available)
V  [jvm.dll+0x251faa]  (no source info available)
V  [jvm.dll+0x3ee036]  (no source info available)
V  [jvm.dll+0x824f8b]  (no source info available)
V  [jvm.dll+0x6df065]  (no source info available)
C  [ucrtbase.dll+0x21bb2]  (no source info available)
C  [KERNEL32.DLL+0x17374]  (no source info available)
C  [ntdll.dll+0x4cc91]  (no source info available)

Lock stack of current Java thread (top to bottom):


---------------  P R O C E S S  ---------------

Threads class SMR info:
_java_thread_list=0x00000203602e4aa0, length=17, elements={
0x000002037ca57190, 0x000002037f8a7280, 0x000002037f8aa210, 0x000002037f8ab020,
0x000002037f8ada90, 0x000002037f8ae4f0, 0x000002037f8aef50, 0x000002037f8b1cf0,
0x000002037f8d9840, 0x0000020319704530, 0x00000203197ee760, 0x0000020319a76550,
0x0000020319a7d250, 0x000002035f581840, 0x000002035f802980, 0x000002035fb3b680,
0x0000020360dd2ad0
}

Java Threads: ( => current thread )
  0x000002037ca57190 JavaThread "main"                              [_thread_blocked, id=12748, stack(0x000000dd2a400000,0x000000dd2a500000) (1024K)]
  0x000002037f8a7280 JavaThread "Reference Handler"          daemon [_thread_blocked, id=13256, stack(0x000000dd2ac00000,0x000000dd2ad00000) (1024K)]
  0x000002037f8aa210 JavaThread "Finalizer"                  daemon [_thread_blocked, id=6784, stack(0x000000dd2ad00000,0x000000dd2ae00000) (1024K)]
  0x000002037f8ab020 JavaThread "Signal Dispatcher"          daemon [_thread_blocked, id=14992, stack(0x000000dd2ae00000,0x000000dd2af00000) (1024K)]
  0x000002037f8ada90 JavaThread "Attach Listener"            daemon [_thread_blocked, id=10828, stack(0x000000dd2af00000,0x000000dd2b000000) (1024K)]
  0x000002037f8ae4f0 JavaThread "Service Thread"             daemon [_thread_blocked, id=9204, stack(0x000000dd2b000000,0x000000dd2b100000) (1024K)]
  0x000002037f8aef50 JavaThread "Monitor Deflation Thread"   daemon [_thread_blocked, id=3728, stack(0x000000dd2b100000,0x000000dd2b200000) (1024K)]
  0x000002037f8b1cf0 JavaThread "C2 CompilerThread0"         daemon [_thread_in_native, id=676, stack(0x000000dd2b200000,0x000000dd2b300000) (1024K)]
  0x000002037f8d9840 JavaThread "C1 CompilerThread0"         daemon [_thread_blocked, id=2408, stack(0x000000dd2b300000,0x000000dd2b400000) (1024K)]
  0x0000020319704530 JavaThread "Common-Cleaner"             daemon [_thread_blocked, id=3516, stack(0x000000dd2b400000,0x000000dd2b500000) (1024K)]
=>0x00000203197ee760 JavaThread "C2 CompilerThread1"         daemon [_thread_in_native, id=10276, stack(0x000000dd2b500000,0x000000dd2b600000) (1024K)]
  0x0000020319a76550 JavaThread "Monitor Ctrl-Break"         daemon [_thread_in_native, id=14656, stack(0x000000dd2b600000,0x000000dd2b700000) (1024K)]
  0x0000020319a7d250 JavaThread "Notification Thread"        daemon [_thread_blocked, id=4812, stack(0x000000dd2b700000,0x000000dd2b800000) (1024K)]
  0x000002035f581840 JavaThread "Thread-0"                          [_thread_blocked, id=12004, stack(0x000000dd2bb00000,0x000000dd2bc00000) (1024K)]
  0x000002035f802980 JavaThread "restartedMain"                     [_thread_in_Java, id=10132, stack(0x000000dd2bc00000,0x000000dd2bd00000) (1024K)]
  0x000002035fb3b680 JavaThread "background-preinit"                [_thread_in_vm, id=13836, stack(0x000000dd2bd00000,0x000000dd2be00000) (1024K)]
  0x0000020360dd2ad0 JavaThread "Thread-3"                          [_thread_in_Java, id=6544, stack(0x000000dd2be00000,0x000000dd2bf00000) (1024K)]
Total: 17

Other Threads:
  0x000002037f88e090 VMThread "VM Thread"                           [id=7308, stack(0x000000dd2ab00000,0x000000dd2ac00000) (1024K)]
  0x000002037f87c0e0 WatcherThread "VM Periodic Task Thread"        [id=13012, stack(0x000000dd2aa00000,0x000000dd2ab00000) (1024K)]
  0x000002037caaf2e0 WorkerThread "GC Thread#0"                     [id=13108, stack(0x000000dd2a500000,0x000000dd2a600000) (1024K)]
  0x000002035f34bb30 WorkerThread "GC Thread#1"                     [id=14772, stack(0x000000dd2b800000,0x000000dd2b900000) (1024K)]
  0x000002035f34bee0 WorkerThread "GC Thread#2"                     [id=7656, stack(0x000000dd2b900000,0x000000dd2ba00000) (1024K)]
  0x000002035f34c290 WorkerThread "GC Thread#3"                     [id=3124, stack(0x000000dd2ba00000,0x000000dd2bb00000) (1024K)]
  0x000002037cac4010 ConcurrentGCThread "G1 Main Marker"            [id=12396, stack(0x000000dd2a600000,0x000000dd2a700000) (1024K)]
  0x000002037cac4b20 WorkerThread "G1 Conc#0"                       [id=540, stack(0x000000dd2a700000,0x000000dd2a800000) (1024K)]
  0x000002037cb1eac0 ConcurrentGCThread "G1 Refine#0"               [id=8904, stack(0x000000dd2a800000,0x000000dd2a900000) (1024K)]
  0x000002037f73f870 ConcurrentGCThread "G1 Service"                [id=2188, stack(0x000000dd2a900000,0x000000dd2aa00000) (1024K)]
Total: 10

Threads with active compile tasks:
C2 CompilerThread0  3803 2289       4       java.lang.invoke.MethodType::methodType (69 bytes)
C2 CompilerThread1  3803 2075       4       java.lang.invoke.MethodType::makeImpl (109 bytes)
Total: 2

VM state: not at safepoint (normal execution)

VM Mutex/Monitor currently owned by a thread: None

Heap address: 0x0000000081400000, size: 2028 MB, Compressed Oops mode: 32-bit

CDS archive(s) mapped at: [0x000002031a000000-0x000002031ad70000-0x000002031ad70000), size 14090240, SharedBaseAddress: 0x000002031a000000, ArchiveRelocationMode: 1.
Compressed class space mapped at: 0x000002031b000000-0x000002035b000000, reserved size: 1073741824
Narrow klass base: 0x000002031a000000, Narrow klass shift: 0, Narrow klass range: 0x41000000

GC Precious Log:
 CardTable entry size: 512
 Card Set container configuration: InlinePtr #cards 5 size 8 Array Of Cards #cards 10 size 36 Howl #buckets 4 coarsen threshold 1843 Howl Bitmap #cards 512 size 80 coarsen threshold 460 Card regions per heap region 1 cards per card region 2048
 CPUs: 4 total, 4 available
 Memory: 8104M
 Large Page Support: Disabled
 NUMA Support: Disabled
 Compressed Oops: Enabled (32-bit)
 Heap Region Size: 1M
 Heap Min Capacity: 8M
 Heap Initial Capacity: 128M
 Heap Max Capacity: 2028M
 Pre-touch: Disabled
 Parallel Workers: 4
 Concurrent Workers: 1
 Concurrent Refinement Workers: 4
 Periodic GC: Disabled

Heap:
 garbage-first heap   total reserved 2076672K, committed 131072K, used 22029K [0x0000000081400000, 0x0000000100000000)
  region size 1024K, 17 young (17408K), 4 survivors (4096K)
 Metaspace       used 19251K, committed 19712K, reserved 1114112K
  class space    used 2440K, committed 2624K, reserved 1048576K

Heap Regions: E=young(eden), S=young(survivor), O=old, HS=humongous(starts), HC=humongous(continues), CS=collection set, F=free, TAMS=top-at-mark-start, PB=parsable bottom
|   0|0x0000000081400000, 0x0000000081500000, 0x0000000081500000|100%|HS|  |TAMS 0x0000000081400000| PB 0x0000000081400000| Complete |  0
|   1|0x0000000081500000, 0x0000000081600000, 0x0000000081600000|100%|HS|  |TAMS 0x0000000081500000| PB 0x0000000081500000| Complete |  0
|   2|0x0000000081600000, 0x0000000081700000, 0x0000000081700000|100%| O|  |TAMS 0x0000000081600000| PB 0x0000000081600000| Untracked |  0
|   3|0x0000000081700000, 0x0000000081800000, 0x0000000081800000|100%| O|  |TAMS 0x0000000081700000| PB 0x0000000081700000| Untracked |  0
|   4|0x0000000081800000, 0x0000000081900000, 0x0000000081900000|100%| O|  |TAMS 0x0000000081800000| PB 0x0000000081800000| Untracked |  0
|   5|0x0000000081900000, 0x0000000081a00000, 0x0000000081a00000|100%| O|  |TAMS 0x0000000081900000| PB 0x0000000081900000| Untracked |  0
|   6|0x0000000081a00000, 0x0000000081ad2f10, 0x0000000081b00000| 82%| O|  |TAMS 0x0000000081a00000| PB 0x0000000081a00000| Untracked |  0
|   7|0x0000000081b00000, 0x0000000081b00000, 0x0000000081c00000|  0%| F|  |TAMS 0x0000000081b00000| PB 0x0000000081b00000| Untracked |  0
|   8|0x0000000081c00000, 0x0000000081c00000, 0x0000000081d00000|  0%| F|  |TAMS 0x0000000081c00000| PB 0x0000000081c00000| Untracked |  0
|   9|0x0000000081d00000, 0x0000000081d00000, 0x0000000081e00000|  0%| F|  |TAMS 0x0000000081d00000| PB 0x0000000081d00000| Untracked |  0
|  10|0x0000000081e00000, 0x0000000081e00000, 0x0000000081f00000|  0%| F|  |TAMS 0x0000000081e00000| PB 0x0000000081e00000| Untracked |  0
|  11|0x0000000081f00000, 0x0000000081f00000, 0x0000000082000000|  0%| F|  |TAMS 0x0000000081f00000| PB 0x0000000081f00000| Untracked |  0
|  12|0x0000000082000000, 0x0000000082000000, 0x0000000082100000|  0%| F|  |TAMS 0x0000000082000000| PB 0x0000000082000000| Untracked |  0
|  13|0x0000000082100000, 0x0000000082100000, 0x0000000082200000|  0%| F|  |TAMS 0x0000000082100000| PB 0x0000000082100000| Untracked |  0
|  14|0x0000000082200000, 0x0000000082200000, 0x0000000082300000|  0%| F|  |TAMS 0x0000000082200000| PB 0x0000000082200000| Untracked |  0
|  15|0x0000000082300000, 0x0000000082300000, 0x0000000082400000|  0%| F|  |TAMS 0x0000000082300000| PB 0x0000000082300000| Untracked |  0
|  16|0x0000000082400000, 0x0000000082400000, 0x0000000082500000|  0%| F|  |TAMS 0x0000000082400000| PB 0x0000000082400000| Untracked |  0
|  17|0x0000000082500000, 0x0000000082500000, 0x0000000082600000|  0%| F|  |TAMS 0x0000000082500000| PB 0x0000000082500000| Untracked |  0
|  18|0x0000000082600000, 0x0000000082600000, 0x0000000082700000|  0%| F|  |TAMS 0x0000000082600000| PB 0x0000000082600000| Untracked |  0
|  19|0x0000000082700000, 0x0000000082700000, 0x0000000082800000|  0%| F|  |TAMS 0x0000000082700000| PB 0x0000000082700000| Untracked |  0
|  20|0x0000000082800000, 0x0000000082800000, 0x0000000082900000|  0%| F|  |TAMS 0x0000000082800000| PB 0x0000000082800000| Untracked |  0
|  21|0x0000000082900000, 0x0000000082900000, 0x0000000082a00000|  0%| F|  |TAMS 0x0000000082900000| PB 0x0000000082900000| Untracked |  0
|  22|0x0000000082a00000, 0x0000000082a00000, 0x0000000082b00000|  0%| F|  |TAMS 0x0000000082a00000| PB 0x0000000082a00000| Untracked |  0
|  23|0x0000000082b00000, 0x0000000082b00000, 0x0000000082c00000|  0%| F|  |TAMS 0x0000000082b00000| PB 0x0000000082b00000| Untracked |  0
|  24|0x0000000082c00000, 0x0000000082c00000, 0x0000000082d00000|  0%| F|  |TAMS 0x0000000082c00000| PB 0x0000000082c00000| Untracked |  0
|  25|0x0000000082d00000, 0x0000000082d00000, 0x0000000082e00000|  0%| F|  |TAMS 0x0000000082d00000| PB 0x0000000082d00000| Untracked |  0
|  26|0x0000000082e00000, 0x0000000082e00000, 0x0000000082f00000|  0%| F|  |TAMS 0x0000000082e00000| PB 0x0000000082e00000| Untracked |  0
|  27|0x0000000082f00000, 0x0000000082f00000, 0x0000000083000000|  0%| F|  |TAMS 0x0000000082f00000| PB 0x0000000082f00000| Untracked |  0
|  28|0x0000000083000000, 0x0000000083000000, 0x0000000083100000|  0%| F|  |TAMS 0x0000000083000000| PB 0x0000000083000000| Untracked |  0
|  29|0x0000000083100000, 0x0000000083100000, 0x0000000083200000|  0%| F|  |TAMS 0x0000000083100000| PB 0x0000000083100000| Untracked |  0
|  30|0x0000000083200000, 0x0000000083200000, 0x0000000083300000|  0%| F|  |TAMS 0x0000000083200000| PB 0x0000000083200000| Untracked |  0
|  31|0x0000000083300000, 0x0000000083300000, 0x0000000083400000|  0%| F|  |TAMS 0x0000000083300000| PB 0x0000000083300000| Untracked |  0
|  32|0x0000000083400000, 0x0000000083400000, 0x0000000083500000|  0%| F|  |TAMS 0x0000000083400000| PB 0x0000000083400000| Untracked |  0
|  33|0x0000000083500000, 0x0000000083500000, 0x0000000083600000|  0%| F|  |TAMS 0x0000000083500000| PB 0x0000000083500000| Untracked |  0
|  34|0x0000000083600000, 0x0000000083600000, 0x0000000083700000|  0%| F|  |TAMS 0x0000000083600000| PB 0x0000000083600000| Untracked |  0
|  35|0x0000000083700000, 0x0000000083700000, 0x0000000083800000|  0%| F|  |TAMS 0x0000000083700000| PB 0x0000000083700000| Untracked |  0
|  36|0x0000000083800000, 0x0000000083800000, 0x0000000083900000|  0%| F|  |TAMS 0x0000000083800000| PB 0x0000000083800000| Untracked |  0
|  37|0x0000000083900000, 0x0000000083900000, 0x0000000083a00000|  0%| F|  |TAMS 0x0000000083900000| PB 0x0000000083900000| Untracked |  0
|  38|0x0000000083a00000, 0x0000000083a00000, 0x0000000083b00000|  0%| F|  |TAMS 0x0000000083a00000| PB 0x0000000083a00000| Untracked |  0
|  39|0x0000000083b00000, 0x0000000083b00000, 0x0000000083c00000|  0%| F|  |TAMS 0x0000000083b00000| PB 0x0000000083b00000| Untracked |  0
|  40|0x0000000083c00000, 0x0000000083c00000, 0x0000000083d00000|  0%| F|  |TAMS 0x0000000083c00000| PB 0x0000000083c00000| Untracked |  0
|  41|0x0000000083d00000, 0x0000000083d00000, 0x0000000083e00000|  0%| F|  |TAMS 0x0000000083d00000| PB 0x0000000083d00000| Untracked |  0
|  42|0x0000000083e00000, 0x0000000083e00000, 0x0000000083f00000|  0%| F|  |TAMS 0x0000000083e00000| PB 0x0000000083e00000| Untracked |  0
|  43|0x0000000083f00000, 0x0000000083f00000, 0x0000000084000000|  0%| F|  |TAMS 0x0000000083f00000| PB 0x0000000083f00000| Untracked |  0
|  44|0x0000000084000000, 0x0000000084000000, 0x0000000084100000|  0%| F|  |TAMS 0x0000000084000000| PB 0x0000000084000000| Untracked |  0
|  45|0x0000000084100000, 0x0000000084100000, 0x0000000084200000|  0%| F|  |TAMS 0x0000000084100000| PB 0x0000000084100000| Untracked |  0
|  46|0x0000000084200000, 0x0000000084200000, 0x0000000084300000|  0%| F|  |TAMS 0x0000000084200000| PB 0x0000000084200000| Untracked |  0
|  47|0x0000000084300000, 0x0000000084300000, 0x0000000084400000|  0%| F|  |TAMS 0x0000000084300000| PB 0x0000000084300000| Untracked |  0
|  48|0x0000000084400000, 0x0000000084400000, 0x0000000084500000|  0%| F|  |TAMS 0x0000000084400000| PB 0x0000000084400000| Untracked |  0
|  49|0x0000000084500000, 0x0000000084500000, 0x0000000084600000|  0%| F|  |TAMS 0x0000000084500000| PB 0x0000000084500000| Untracked |  0
|  50|0x0000000084600000, 0x0000000084600000, 0x0000000084700000|  0%| F|  |TAMS 0x0000000084600000| PB 0x0000000084600000| Untracked |  0
|  51|0x0000000084700000, 0x0000000084700000, 0x0000000084800000|  0%| F|  |TAMS 0x0000000084700000| PB 0x0000000084700000| Untracked |  0
|  52|0x0000000084800000, 0x0000000084800000, 0x0000000084900000|  0%| F|  |TAMS 0x0000000084800000| PB 0x0000000084800000| Untracked |  0
|  53|0x0000000084900000, 0x0000000084900000, 0x0000000084a00000|  0%| F|  |TAMS 0x0000000084900000| PB 0x0000000084900000| Untracked |  0
|  54|0x0000000084a00000, 0x0000000084a00000, 0x0000000084b00000|  0%| F|  |TAMS 0x0000000084a00000| PB 0x0000000084a00000| Untracked |  0
|  55|0x0000000084b00000, 0x0000000084b00000, 0x0000000084c00000|  0%| F|  |TAMS 0x0000000084b00000| PB 0x0000000084b00000| Untracked |  0
|  56|0x0000000084c00000, 0x0000000084c00000, 0x0000000084d00000|  0%| F|  |TAMS 0x0000000084c00000| PB 0x0000000084c00000| Untracked |  0
|  57|0x0000000084d00000, 0x0000000084d00000, 0x0000000084e00000|  0%| F|  |TAMS 0x0000000084d00000| PB 0x0000000084d00000| Untracked |  0
|  58|0x0000000084e00000, 0x0000000084e00000, 0x0000000084f00000|  0%| F|  |TAMS 0x0000000084e00000| PB 0x0000000084e00000| Untracked |  0
|  59|0x0000000084f00000, 0x0000000084f00000, 0x0000000085000000|  0%| F|  |TAMS 0x0000000084f00000| PB 0x0000000084f00000| Untracked |  0
|  60|0x0000000085000000, 0x0000000085000000, 0x0000000085100000|  0%| F|  |TAMS 0x0000000085000000| PB 0x0000000085000000| Untracked |  0
|  61|0x0000000085100000, 0x0000000085100000, 0x0000000085200000|  0%| F|  |TAMS 0x0000000085100000| PB 0x0000000085100000| Untracked |  0
|  62|0x0000000085200000, 0x0000000085200000, 0x0000000085300000|  0%| F|  |TAMS 0x0000000085200000| PB 0x0000000085200000| Untracked |  0
|  63|0x0000000085300000, 0x0000000085300000, 0x0000000085400000|  0%| F|  |TAMS 0x0000000085300000| PB 0x0000000085300000| Untracked |  0
|  64|0x0000000085400000, 0x0000000085400000, 0x0000000085500000|  0%| F|  |TAMS 0x0000000085400000| PB 0x0000000085400000| Untracked |  0
|  65|0x0000000085500000, 0x0000000085500000, 0x0000000085600000|  0%| F|  |TAMS 0x0000000085500000| PB 0x0000000085500000| Untracked |  0
|  66|0x0000000085600000, 0x0000000085600000, 0x0000000085700000|  0%| F|  |TAMS 0x0000000085600000| PB 0x0000000085600000| Untracked |  0
|  67|0x0000000085700000, 0x0000000085700000, 0x0000000085800000|  0%| F|  |TAMS 0x0000000085700000| PB 0x0000000085700000| Untracked |  0
|  68|0x0000000085800000, 0x0000000085800000, 0x0000000085900000|  0%| F|  |TAMS 0x0000000085800000| PB 0x0000000085800000| Untracked |  0
|  69|0x0000000085900000, 0x0000000085900000, 0x0000000085a00000|  0%| F|  |TAMS 0x0000000085900000| PB 0x0000000085900000| Untracked |  0
|  70|0x0000000085a00000, 0x0000000085a00000, 0x0000000085b00000|  0%| F|  |TAMS 0x0000000085a00000| PB 0x0000000085a00000| Untracked |  0
|  71|0x0000000085b00000, 0x0000000085b00000, 0x0000000085c00000|  0%| F|  |TAMS 0x0000000085b00000| PB 0x0000000085b00000| Untracked |  0
|  72|0x0000000085c00000, 0x0000000085c00000, 0x0000000085d00000|  0%| F|  |TAMS 0x0000000085c00000| PB 0x0000000085c00000| Untracked |  0
|  73|0x0000000085d00000, 0x0000000085d00000, 0x0000000085e00000|  0%| F|  |TAMS 0x0000000085d00000| PB 0x0000000085d00000| Untracked |  0
|  74|0x0000000085e00000, 0x0000000085e00000, 0x0000000085f00000|  0%| F|  |TAMS 0x0000000085e00000| PB 0x0000000085e00000| Untracked |  0
|  75|0x0000000085f00000, 0x0000000085f00000, 0x0000000086000000|  0%| F|  |TAMS 0x0000000085f00000| PB 0x0000000085f00000| Untracked |  0
|  76|0x0000000086000000, 0x0000000086000000, 0x0000000086100000|  0%| F|  |TAMS 0x0000000086000000| PB 0x0000000086000000| Untracked |  0
|  77|0x0000000086100000, 0x0000000086100000, 0x0000000086200000|  0%| F|  |TAMS 0x0000000086100000| PB 0x0000000086100000| Untracked |  0
|  78|0x0000000086200000, 0x0000000086200000, 0x0000000086300000|  0%| F|  |TAMS 0x0000000086200000| PB 0x0000000086200000| Untracked |  0
|  79|0x0000000086300000, 0x0000000086300000, 0x0000000086400000|  0%| F|  |TAMS 0x0000000086300000| PB 0x0000000086300000| Untracked |  0
|  80|0x0000000086400000, 0x0000000086400000, 0x0000000086500000|  0%| F|  |TAMS 0x0000000086400000| PB 0x0000000086400000| Untracked |  0
|  81|0x0000000086500000, 0x0000000086500000, 0x0000000086600000|  0%| F|  |TAMS 0x0000000086500000| PB 0x0000000086500000| Untracked |  0
|  82|0x0000000086600000, 0x0000000086600000, 0x0000000086700000|  0%| F|  |TAMS 0x0000000086600000| PB 0x0000000086600000| Untracked |  0
|  83|0x0000000086700000, 0x0000000086700000, 0x0000000086800000|  0%| F|  |TAMS 0x0000000086700000| PB 0x0000000086700000| Untracked |  0
|  84|0x0000000086800000, 0x0000000086800000, 0x0000000086900000|  0%| F|  |TAMS 0x0000000086800000| PB 0x0000000086800000| Untracked |  0
|  85|0x0000000086900000, 0x0000000086900000, 0x0000000086a00000|  0%| F|  |TAMS 0x0000000086900000| PB 0x0000000086900000| Untracked |  0
|  86|0x0000000086a00000, 0x0000000086a00000, 0x0000000086b00000|  0%| F|  |TAMS 0x0000000086a00000| PB 0x0000000086a00000| Untracked |  0
|  87|0x0000000086b00000, 0x0000000086b00000, 0x0000000086c00000|  0%| F|  |TAMS 0x0000000086b00000| PB 0x0000000086b00000| Untracked |  0
|  88|0x0000000086c00000, 0x0000000086c00000, 0x0000000086d00000|  0%| F|  |TAMS 0x0000000086c00000| PB 0x0000000086c00000| Untracked |  0
|  89|0x0000000086d00000, 0x0000000086d00000, 0x0000000086e00000|  0%| F|  |TAMS 0x0000000086d00000| PB 0x0000000086d00000| Untracked |  0
|  90|0x0000000086e00000, 0x0000000086eb05e0, 0x0000000086f00000| 68%| S|CS|TAMS 0x0000000086e00000| PB 0x0000000086e00000| Complete |  0
|  91|0x0000000086f00000, 0x0000000087000000, 0x0000000087000000|100%| S|CS|TAMS 0x0000000086f00000| PB 0x0000000086f00000| Complete |  0
|  92|0x0000000087000000, 0x0000000087100000, 0x0000000087100000|100%| S|CS|TAMS 0x0000000087000000| PB 0x0000000087000000| Complete |  0
|  93|0x0000000087100000, 0x0000000087200000, 0x0000000087200000|100%| S|CS|TAMS 0x0000000087100000| PB 0x0000000087100000| Complete |  0
|  94|0x0000000087200000, 0x0000000087200000, 0x0000000087300000|  0%| F|  |TAMS 0x0000000087200000| PB 0x0000000087200000| Untracked |  0
|  95|0x0000000087300000, 0x0000000087300000, 0x0000000087400000|  0%| F|  |TAMS 0x0000000087300000| PB 0x0000000087300000| Untracked |  0
|  96|0x0000000087400000, 0x0000000087400000, 0x0000000087500000|  0%| F|  |TAMS 0x0000000087400000| PB 0x0000000087400000| Untracked |  0
|  97|0x0000000087500000, 0x0000000087500000, 0x0000000087600000|  0%| F|  |TAMS 0x0000000087500000| PB 0x0000000087500000| Untracked |  0
|  98|0x0000000087600000, 0x0000000087600000, 0x0000000087700000|  0%| F|  |TAMS 0x0000000087600000| PB 0x0000000087600000| Untracked |  0
|  99|0x0000000087700000, 0x0000000087700000, 0x0000000087800000|  0%| F|  |TAMS 0x0000000087700000| PB 0x0000000087700000| Untracked |  0
| 100|0x0000000087800000, 0x0000000087800000, 0x0000000087900000|  0%| F|  |TAMS 0x0000000087800000| PB 0x0000000087800000| Untracked |  0
| 101|0x0000000087900000, 0x0000000087900000, 0x0000000087a00000|  0%| F|  |TAMS 0x0000000087900000| PB 0x0000000087900000| Untracked |  0
| 102|0x0000000087a00000, 0x0000000087a00000, 0x0000000087b00000|  0%| F|  |TAMS 0x0000000087a00000| PB 0x0000000087a00000| Untracked |  0
| 103|0x0000000087b00000, 0x0000000087b00000, 0x0000000087c00000|  0%| F|  |TAMS 0x0000000087b00000| PB 0x0000000087b00000| Untracked |  0
| 104|0x0000000087c00000, 0x0000000087c00000, 0x0000000087d00000|  0%| F|  |TAMS 0x0000000087c00000| PB 0x0000000087c00000| Untracked |  0
| 105|0x0000000087d00000, 0x0000000087d00000, 0x0000000087e00000|  0%| F|  |TAMS 0x0000000087d00000| PB 0x0000000087d00000| Untracked |  0
| 106|0x0000000087e00000, 0x0000000087e00000, 0x0000000087f00000|  0%| F|  |TAMS 0x0000000087e00000| PB 0x0000000087e00000| Untracked |  0
| 107|0x0000000087f00000, 0x0000000087f00000, 0x0000000088000000|  0%| F|  |TAMS 0x0000000087f00000| PB 0x0000000087f00000| Untracked |  0
| 108|0x0000000088000000, 0x0000000088000000, 0x0000000088100000|  0%| F|  |TAMS 0x0000000088000000| PB 0x0000000088000000| Untracked |  0
| 109|0x0000000088100000, 0x0000000088100000, 0x0000000088200000|  0%| F|  |TAMS 0x0000000088100000| PB 0x0000000088100000| Untracked |  0
| 110|0x0000000088200000, 0x0000000088200000, 0x0000000088300000|  0%| F|  |TAMS 0x0000000088200000| PB 0x0000000088200000| Untracked |  0
| 111|0x0000000088300000, 0x0000000088300000, 0x0000000088400000|  0%| F|  |TAMS 0x0000000088300000| PB 0x0000000088300000| Untracked |  0
| 112|0x0000000088400000, 0x0000000088400000, 0x0000000088500000|  0%| F|  |TAMS 0x0000000088400000| PB 0x0000000088400000| Untracked |  0
| 113|0x0000000088500000, 0x0000000088500000, 0x0000000088600000|  0%| F|  |TAMS 0x0000000088500000| PB 0x0000000088500000| Untracked |  0
| 114|0x0000000088600000, 0x0000000088600000, 0x0000000088700000|  0%| F|  |TAMS 0x0000000088600000| PB 0x0000000088600000| Untracked |  0
| 115|0x0000000088700000, 0x00000000887c3be8, 0x0000000088800000| 76%| E|  |TAMS 0x0000000088700000| PB 0x0000000088700000| Complete |  1
| 116|0x0000000088800000, 0x0000000088900000, 0x0000000088900000|100%| E|CS|TAMS 0x0000000088800000| PB 0x0000000088800000| Complete |  0
| 117|0x0000000088900000, 0x0000000088a00000, 0x0000000088a00000|100%| E|CS|TAMS 0x0000000088900000| PB 0x0000000088900000| Complete |  0
| 118|0x0000000088a00000, 0x0000000088b00000, 0x0000000088b00000|100%| E|CS|TAMS 0x0000000088a00000| PB 0x0000000088a00000| Complete |  0
| 119|0x0000000088b00000, 0x0000000088c00000, 0x0000000088c00000|100%| E|  |TAMS 0x0000000088b00000| PB 0x0000000088b00000| Complete |  0
| 120|0x0000000088c00000, 0x0000000088d00000, 0x0000000088d00000|100%| E|CS|TAMS 0x0000000088c00000| PB 0x0000000088c00000| Complete |  0
| 121|0x0000000088d00000, 0x0000000088e00000, 0x0000000088e00000|100%| E|CS|TAMS 0x0000000088d00000| PB 0x0000000088d00000| Complete |  0
| 122|0x0000000088e00000, 0x0000000088f00000, 0x0000000088f00000|100%| E|CS|TAMS 0x0000000088e00000| PB 0x0000000088e00000| Complete |  0
| 123|0x0000000088f00000, 0x0000000089000000, 0x0000000089000000|100%| E|CS|TAMS 0x0000000088f00000| PB 0x0000000088f00000| Complete |  0
| 124|0x0000000089000000, 0x0000000089100000, 0x0000000089100000|100%| E|CS|TAMS 0x0000000089000000| PB 0x0000000089000000| Complete |  0
| 125|0x0000000089100000, 0x0000000089200000, 0x0000000089200000|100%| E|CS|TAMS 0x0000000089100000| PB 0x0000000089100000| Complete |  0
| 126|0x0000000089200000, 0x0000000089300000, 0x0000000089300000|100%| E|CS|TAMS 0x0000000089200000| PB 0x0000000089200000| Complete |  0
| 127|0x0000000089300000, 0x0000000089400000, 0x0000000089400000|100%| E|CS|TAMS 0x0000000089300000| PB 0x0000000089300000| Complete |  0

Card table byte_map: [0x000002037cf20000,0x000002037d320000] _byte_map_base: 0x000002037cb16000

Marking Bits: (CMBitMap*) 0x000002037caaf9f0
 Bits: [0x000002037d320000, 0x000002037f2d0000)

Polling page: 0x000002037aac0000

Metaspace:

Usage:
  Non-class:     16.45 MB used.
      Class:      2.39 MB used.
       Both:     18.84 MB used.

Virtual space:
  Non-class space:       64.00 MB reserved,      16.69 MB ( 26%) committed,  1 nodes.
      Class space:        1.00 GB reserved,       2.56 MB ( <1%) committed,  1 nodes.
             Both:        1.06 GB reserved,      19.25 MB (  2%) committed. 

Chunk freelists:
   Non-Class:  15.22 MB
       Class:  13.41 MB
        Both:  28.63 MB

MaxMetaspaceSize: unlimited
CompressedClassSpaceSize: 1.00 GB
Initial GC threshold: 21.00 MB
Current GC threshold: 21.00 MB
CDS: on
 - commit_granule_bytes: 65536.
 - commit_granule_words: 8192.
 - virtual_space_node_default_size: 8388608.
 - enlarge_chunks_in_place: 1.
 - use_allocation_guard: 0.


Internal statistics:

num_allocs_failed_limit: 0.
num_arena_births: 374.
num_arena_deaths: 0.
num_vsnodes_births: 2.
num_vsnodes_deaths: 0.
num_space_committed: 308.
num_space_uncommitted: 0.
num_chunks_returned_to_freelist: 0.
num_chunks_taken_from_freelist: 1011.
num_chunk_merges: 0.
num_chunk_splits: 648.
num_chunks_enlarged: 429.
num_inconsistent_stats: 0.

CodeHeap 'non-profiled nmethods': size=120064Kb used=717Kb max_used=717Kb free=119346Kb
 bounds [0x0000020310130000, 0x00000203103a0000, 0x0000020317670000]
CodeHeap 'profiled nmethods': size=120000Kb used=3509Kb max_used=3509Kb free=116490Kb
 bounds [0x0000020308670000, 0x00000203089e0000, 0x000002030fba0000]
CodeHeap 'non-nmethods': size=5696Kb used=1453Kb max_used=1456Kb free=4242Kb
 bounds [0x000002030fba0000, 0x000002030fe10000, 0x0000020310130000]
CodeCache: size=245760Kb, used=5679Kb, max_used=5682Kb, free=240078Kb
 total_blobs=3051, nmethods=2501, adapters=455, full_count=0
Compilation: enabled, stopped_count=0, restarted_count=0

Compilation events (20 events):
Event: 3.557 Thread 0x000002037f8d9840 2364       3       sun.reflect.generics.visitor.Reifier::visitClassTypeSignature (381 bytes)
Event: 3.559 Thread 0x000002037f8d9840 nmethod 2364 0x00000203089abc08 code [0x00000203089abf80, 0x00000203089ada60]
Event: 3.560 Thread 0x000002037f8d9840 2365       3       java.lang.StringBuilder::<init> (6 bytes)
Event: 3.560 Thread 0x000002037f8d9840 nmethod 2365 0x00000203089adb08 code [0x00000203089adc20, 0x00000203089add58]
Event: 3.560 Thread 0x000002037f8d9840 2371       3       jdk.internal.classfile.impl.AttributeHolder::writeTo (55 bytes)
Event: 3.560 Thread 0x000002037f8d9840 nmethod 2371 0x00000203089ade08 code [0x00000203089adfa0, 0x00000203089ae720]
Event: 3.560 Thread 0x000002037f8d9840 2366       3       java.lang.AbstractStringBuilder::<init> (63 bytes)
Event: 3.561 Thread 0x000002037f8d9840 nmethod 2366 0x00000203089ae788 code [0x00000203089ae900, 0x00000203089aef60]
Event: 3.561 Thread 0x000002037f8d9840 2362       3       sun.reflect.annotation.AnnotationParser::parseSig (62 bytes)
Event: 3.563 Thread 0x000002037f8d9840 nmethod 2362 0x00000203089af008 code [0x00000203089af300, 0x00000203089b0bd8]
Event: 3.563 Thread 0x000002037f8d9840 2372       3       org.springframework.util.ConcurrentReferenceHashMap$ReferenceManager::createReference (43 bytes)
Event: 3.564 Thread 0x000002037f8d9840 nmethod 2372 0x00000203089b0c88 code [0x00000203089b0e00, 0x00000203089b1360]
Event: 3.564 Thread 0x000002037f8d9840 2369       1       sun.reflect.annotation.AnnotationType::retention (5 bytes)
Event: 3.564 Thread 0x000002037f8d9840 nmethod 2369 0x00000203101def08 code [0x00000203101df020, 0x00000203101df0e8]
Event: 3.564 Thread 0x000002037f8d9840 2367       1       sun.reflect.annotation.AnnotationType::memberTypes (5 bytes)
Event: 3.564 Thread 0x000002037f8d9840 nmethod 2367 0x00000203101df208 code [0x00000203101df320, 0x00000203101df3e8]
Event: 3.564 Thread 0x000002037f8d9840 2368       1       sun.reflect.annotation.AnnotationType::memberDefaults (5 bytes)
Event: 3.564 Thread 0x000002037f8d9840 nmethod 2368 0x00000203101df508 code [0x00000203101df620, 0x00000203101df6e8]
Event: 3.564 Thread 0x000002037f8d9840 2361       1       java.lang.reflect.Method::getRoot (5 bytes)
Event: 3.564 Thread 0x000002037f8d9840 nmethod 2361 0x00000203101df808 code [0x00000203101df920, 0x00000203101df9e8]

GC Heap History (6 events):
Event: 1.352 GC heap before
{Heap before GC invocations=0 (full 0):
 garbage-first heap   total reserved 2076672K, committed 131072K, used 15360K [0x0000000081400000, 0x0000000100000000)
  region size 1024K, 14 young (14336K), 0 survivors (0K)
 Metaspace       used 3712K, committed 3904K, reserved 1114112K
  class space    used 418K, committed 512K, reserved 1048576K
}
Event: 1.360 GC heap after
{Heap after GC invocations=1 (full 0):
 garbage-first heap   total reserved 2076672K, committed 131072K, used 6911K [0x0000000081400000, 0x0000000100000000)
  region size 1024K, 2 young (2048K), 2 survivors (2048K)
 Metaspace       used 3712K, committed 3904K, reserved 1114112K
  class space    used 418K, committed 512K, reserved 1048576K
}
Event: 1.957 GC heap before
{Heap before GC invocations=1 (full 0):
 garbage-first heap   total reserved 2076672K, committed 131072K, used 18175K [0x0000000081400000, 0x0000000100000000)
  region size 1024K, 13 young (13312K), 2 survivors (2048K)
 Metaspace       used 6439K, committed 6720K, reserved 1114112K
  class space    used 779K, committed 896K, reserved 1048576K
}
Event: 1.963 GC heap after
{Heap after GC invocations=2 (full 0):
 garbage-first heap   total reserved 2076672K, committed 131072K, used 7716K [0x0000000081400000, 0x0000000100000000)
  region size 1024K, 1 young (1024K), 1 survivors (1024K)
 Metaspace       used 6439K, committed 6720K, reserved 1114112K
  class space    used 779K, committed 896K, reserved 1048576K
}
Event: 3.399 GC heap before
{Heap before GC invocations=2 (full 0):
 garbage-first heap   total reserved 2076672K, committed 131072K, used 40484K [0x0000000081400000, 0x0000000100000000)
  region size 1024K, 34 young (34816K), 1 survivors (1024K)
 Metaspace       used 16373K, committed 16704K, reserved 1114112K
  class space    used 2063K, committed 2240K, reserved 1048576K
}
Event: 3.410 GC heap after
{Heap after GC invocations=3 (full 0):
 garbage-first heap   total reserved 2076672K, committed 131072K, used 10765K [0x0000000081400000, 0x0000000100000000)
  region size 1024K, 4 young (4096K), 4 survivors (4096K)
 Metaspace       used 16373K, committed 16704K, reserved 1114112K
  class space    used 2063K, committed 2240K, reserved 1048576K
}

Dll operation events (12 events):
Event: 0.020 Loaded shared library C:\Program Files\Java\jdk-23\bin\java.dll
Event: 0.107 Loaded shared library C:\Program Files\Java\jdk-23\bin\jsvml.dll
Event: 0.386 Loaded shared library C:\Program Files\Java\jdk-23\bin\zip.dll
Event: 0.398 Loaded shared library C:\Program Files\Java\jdk-23\bin\instrument.dll
Event: 0.406 Loaded shared library C:\Program Files\Java\jdk-23\bin\net.dll
Event: 0.411 Loaded shared library C:\Program Files\Java\jdk-23\bin\nio.dll
Event: 0.418 Loaded shared library C:\Program Files\Java\jdk-23\bin\zip.dll
Event: 0.654 Loaded shared library C:\Program Files\JetBrains\IntelliJ IDEA Community Edition 2024.3.1.1\bin\breakgen64.dll
Event: 0.676 Loaded shared library C:\Program Files\Java\jdk-23\bin\extnet.dll
Event: 0.789 Loaded shared library C:\Program Files\Java\jdk-23\bin\jimage.dll
Event: 1.488 Loaded shared library C:\Program Files\Java\jdk-23\bin\management.dll
Event: 1.502 Loaded shared library C:\Program Files\Java\jdk-23\bin\management_ext.dll

Deoptimization events (20 events):
Event: 3.331 Thread 0x000002035f802980 Uncommon trap: trap_request=0xffffffc6 fr.pc=0x00000203101a3dc8 relative=0x0000000000000348
Event: 3.331 Thread 0x000002035f802980 Uncommon trap: reason=bimorphic_or_optimized_type_check action=maybe_recompile pc=0x00000203101a3dc8 method=java.util.HashMap.getNode(Ljava/lang/Object;)Ljava/util/HashMap$Node; @ 63 c2
Event: 3.331 Thread 0x000002035f802980 DEOPT PACKING pc=0x00000203101a3dc8 sp=0x000000dd2bcfde60
Event: 3.331 Thread 0x000002035f802980 DEOPT UNPACKING pc=0x000002030fbf4402 sp=0x000000dd2bcfddd8 mode 2
Event: 3.437 Thread 0x000002035f802980 Uncommon trap: trap_request=0xffffff45 fr.pc=0x000002031016bccc relative=0x000000000000086c
Event: 3.437 Thread 0x000002035f802980 Uncommon trap: reason=unstable_if action=reinterpret pc=0x000002031016bccc method=java.util.zip.ZipCoder.hash(Ljava/lang/String;)I @ 23 c2
Event: 3.437 Thread 0x000002035f802980 DEOPT PACKING pc=0x000002031016bccc sp=0x000000dd2bcfdcf0
Event: 3.437 Thread 0x000002035f802980 DEOPT UNPACKING pc=0x000002030fbf4402 sp=0x000000dd2bcfdba0 mode 2
Event: 3.437 Thread 0x000002035f802980 Uncommon trap: trap_request=0xffffff45 fr.pc=0x000002031016af68 relative=0x0000000000000628
Event: 3.437 Thread 0x000002035f802980 Uncommon trap: reason=unstable_if action=reinterpret pc=0x000002031016af68 method=java.util.zip.ZipCoder.hash(Ljava/lang/String;)I @ 23 c2
Event: 3.437 Thread 0x000002035f802980 DEOPT PACKING pc=0x000002031016af68 sp=0x000000dd2bcfdc80
Event: 3.437 Thread 0x000002035f802980 DEOPT UNPACKING pc=0x000002030fbf4402 sp=0x000000dd2bcfdba0 mode 2
Event: 3.437 Thread 0x000002035f802980 Uncommon trap: trap_request=0xffffff45 fr.pc=0x0000020310165b24 relative=0x0000000000000344
Event: 3.437 Thread 0x000002035f802980 Uncommon trap: reason=unstable_if action=reinterpret pc=0x0000020310165b24 method=java.util.zip.ZipCoder.hash(Ljava/lang/String;)I @ 23 c2
Event: 3.437 Thread 0x000002035f802980 DEOPT PACKING pc=0x0000020310165b24 sp=0x000000dd2bcfdc10
Event: 3.437 Thread 0x000002035f802980 DEOPT UNPACKING pc=0x000002030fbf4402 sp=0x000000dd2bcfdb98 mode 2
Event: 3.440 Thread 0x000002035f802980 Uncommon trap: trap_request=0xffffff45 fr.pc=0x0000020310149acc relative=0x000000000000004c
Event: 3.440 Thread 0x000002035f802980 Uncommon trap: reason=unstable_if action=reinterpret pc=0x0000020310149acc method=sun.nio.fs.WindowsPathParser.isSlash(C)Z @ 9 c2
Event: 3.440 Thread 0x000002035f802980 DEOPT PACKING pc=0x0000020310149acc sp=0x000000dd2bcfde20
Event: 3.440 Thread 0x000002035f802980 DEOPT UNPACKING pc=0x000002030fbf4402 sp=0x000000dd2bcfdda8 mode 2

Classes loaded (20 events):
Event: 3.481 Loading class sun/nio/ch/Streams
Event: 3.481 Loading class sun/nio/ch/Streams done
Event: 3.481 Loading class sun/nio/ch/SocketChannelImpl
Event: 3.481 Loading class sun/nio/ch/SelChImpl
Event: 3.481 Loading class sun/nio/ch/SelChImpl done
Event: 3.481 Loading class java/nio/channels/SocketChannel
Event: 3.482 Loading class java/nio/channels/NetworkChannel
Event: 3.482 Loading class java/nio/channels/NetworkChannel done
Event: 3.482 Loading class java/nio/channels/spi/AbstractSelectableChannel
Event: 3.482 Loading class java/nio/channels/SelectableChannel
Event: 3.482 Loading class java/nio/channels/SelectableChannel done
Event: 3.482 Loading class java/nio/channels/spi/AbstractSelectableChannel done
Event: 3.482 Loading class java/nio/channels/SocketChannel done
Event: 3.482 Loading class sun/nio/ch/SocketChannelImpl done
Event: 3.482 Loading class sun/nio/ch/ChannelInputStream
Event: 3.482 Loading class sun/nio/ch/ChannelInputStream done
Event: 3.489 Loading class java/lang/AssertionError
Event: 3.489 Loading class java/lang/AssertionError done
Event: 3.489 Loading class sun/nio/ch/IOStatus
Event: 3.489 Loading class sun/nio/ch/IOStatus done

Classes unloaded (0 events):
No events

Classes redefined (0 events):
No events

Internal exceptions (20 events):
Event: 2.281 Thread 0x000002035f802980 Exception <a 'java/lang/NoSuchMethodError'{0x0000000088ebbcc8}: 'int java.lang.invoke.DirectMethodHandle$Holder.invokeStaticInit(java.lang.Object, double, double)'> (0x0000000088ebbcc8) 
thrown [s\open\src\hotspot\share\interpreter\linkResolver.cpp, line 796]
Event: 2.282 Thread 0x000002035f802980 Exception <a 'java/lang/NoSuchMethodError'{0x0000000088ec04e8}: 'int java.lang.invoke.DirectMethodHandle$Holder.invokeStatic(java.lang.Object, long)'> (0x0000000088ec04e8) 
thrown [s\open\src\hotspot\share\interpreter\linkResolver.cpp, line 796]
Event: 2.290 Thread 0x000002035f802980 Exception <a 'java/lang/NoSuchMethodError'{0x0000000088ee3148}: 'int java.lang.invoke.Invokers$Holder.linkToTargetMethod(java.lang.Object, java.lang.Object)'> (0x0000000088ee3148) 
thrown [s\open\src\hotspot\share\interpreter\linkResolver.cpp, line 796]
Event: 2.324 Thread 0x000002035f802980 Exception <a 'java/lang/NoSuchMethodError'{0x0000000088d6c400}: 'java.lang.Object java.lang.invoke.DirectMethodHandle$Holder.invokeSpecial(java.lang.Object, java.lang.Object, java.lang.Object, int, java.lang.Object)'> (0x0000000088d6c400) 
thrown [s\open\src\hotspot\share\interpreter\linkResolver.cpp, line 796]
Event: 2.326 Thread 0x000002035f802980 Exception <a 'java/lang/NoSuchMethodError'{0x0000000088d73f08}: 'java.lang.Object java.lang.invoke.DirectMethodHandle$Holder.newInvokeSpecial(java.lang.Object, java.lang.Object, java.lang.Object, int, java.lang.Object)'> (0x0000000088d73f08) 
thrown [s\open\src\hotspot\share\interpreter\linkResolver.cpp, line 796]
Event: 2.327 Thread 0x000002035f802980 Exception <a 'java/lang/NoSuchMethodError'{0x0000000088d7b4e0}: 'java.lang.Object java.lang.invoke.Invokers$Holder.linkToTargetMethod(java.lang.Object, java.lang.Object, int, java.lang.Object, java.lang.Object)'> (0x0000000088d7b4e0) 
thrown [s\open\src\hotspot\share\interpreter\linkResolver.cpp, line 796]
Event: 2.329 Thread 0x000002035f802980 Exception <a 'java/lang/NoSuchMethodError'{0x0000000088d83eb0}: 'int java.lang.invoke.DirectMethodHandle$Holder.invokeStatic(java.lang.Object, int, java.lang.Object, java.lang.Object)'> (0x0000000088d83eb0) 
thrown [s\open\src\hotspot\share\interpreter\linkResolver.cpp, line 796]
Event: 2.331 Thread 0x000002035f802980 Exception <a 'java/lang/NoSuchMethodError'{0x0000000088d8b078}: 'java.lang.Object java.lang.invoke.DirectMethodHandle$Holder.newInvokeSpecial(java.lang.Object, int, java.lang.Object)'> (0x0000000088d8b078) 
thrown [s\open\src\hotspot\share\interpreter\linkResolver.cpp, line 796]
Event: 2.332 Thread 0x000002035f802980 Exception <a 'java/lang/NoSuchMethodError'{0x0000000088d8fc00}: 'int java.lang.invoke.DirectMethodHandle$Holder.invokeSpecialIFC(java.lang.Object, java.lang.Object, java.lang.Object, java.lang.Object)'> (0x0000000088d8fc00) 
thrown [s\open\src\hotspot\share\interpreter\linkResolver.cpp, line 796]
Event: 2.375 Thread 0x000002035f802980 Exception <a 'java/lang/NoSuchMethodError'{0x0000000088c38af0}: 'void java.lang.invoke.DirectMethodHandle$Holder.invokeInterface(java.lang.Object, java.lang.Object, java.lang.Object)'> (0x0000000088c38af0) 
thrown [s\open\src\hotspot\share\interpreter\linkResolver.cpp, line 796]
Event: 2.430 Thread 0x000002035f802980 Exception <a 'java/lang/NoSuchMethodError'{0x0000000088cd2288}: 'void java.lang.invoke.DirectMethodHandle$Holder.invokeStaticInit(java.lang.Object, java.lang.Object, java.lang.Object)'> (0x0000000088cd2288) 
thrown [s\open\src\hotspot\share\interpreter\linkResolver.cpp, line 796]
Event: 2.452 Thread 0x000002035f802980 Exception <a 'java/lang/NoSuchMethodError'{0x0000000088b211b8}: 'java.lang.Object java.lang.invoke.DirectMethodHandle$Holder.invokeVirtual(java.lang.Object, java.lang.Object, java.lang.Object)'> (0x0000000088b211b8) 
thrown [s\open\src\hotspot\share\interpreter\linkResolver.cpp, line 796]
Event: 2.501 Thread 0x000002035f802980 Exception <a 'java/lang/NoSuchMethodError'{0x0000000088bd7640}: 'void java.lang.invoke.DirectMethodHandle$Holder.invokeVirtual(java.lang.Object, java.lang.Object, java.lang.Object, java.lang.Object)'> (0x0000000088bd7640) 
thrown [s\open\src\hotspot\share\interpreter\linkResolver.cpp, line 796]
Event: 2.665 Thread 0x000002035fb3b680 Exception <a 'java/lang/NoClassDefFoundError'{0x000000008872fc78}: jakarta/validation/Validation> (0x000000008872fc78) 
thrown [s\open\src\hotspot\share\classfile\systemDictionary.cpp, line 302]
Event: 2.671 Thread 0x000002035f802980 Exception <a 'java/lang/NoSuchMethodError'{0x000000008875b830}: 'java.lang.reflect.Field[] java.lang.Class.getDeclaredFields(java.lang.Class)'> (0x000000008875b830) 
thrown [s\open\src\hotspot\share\interpreter\linkResolver.cpp, line 796]
Event: 2.673 Thread 0x000002035f802980 Exception <a 'java/lang/NoSuchMethodError'{0x0000000088793908}: 'java.lang.Object java.lang.invoke.DirectMethodHandle$Holder.invokeStatic(java.lang.Object, java.lang.Object, int)'> (0x0000000088793908) 
thrown [s\open\src\hotspot\share\interpreter\linkResolver.cpp, line 796]
Event: 2.675 Thread 0x000002035f802980 Exception <a 'java/lang/NoSuchMethodError'{0x000000008879e838}: 'void java.lang.invoke.DelegatingMethodHandle$Holder.delegate(java.lang.Object, java.lang.Object, int, java.lang.Object)'> (0x000000008879e838) 
thrown [s\open\src\hotspot\share\interpreter\linkResolver.cpp, line 796]
Event: 2.700 Thread 0x000002035f802980 Exception <a 'java/lang/IncompatibleClassChangeError'{0x000000008868aa58}: Found class java.lang.Object, but interface was expected> (0x000000008868aa58) 
thrown [s\open\src\hotspot\share\interpreter\linkResolver.cpp, line 863]
Event: 3.442 Thread 0x000002035f802980 Exception <a 'java/lang/NoSuchMethodError'{0x0000000089311558}: 'int java.lang.invoke.DirectMethodHandle$Holder.invokeSpecial(java.lang.Object, java.lang.Object, java.lang.Object, java.lang.Object, java.lang.Object)'> (0x0000000089311558) 
thrown [s\open\src\hotspot\share\interpreter\linkResolver.cpp, line 796]
Event: 3.448 Thread 0x000002035f802980 Exception <a 'java/lang/NoSuchMethodError'{0x00000000892010a8}: 'void java.lang.invoke.DirectMethodHandle$Holder.invokeVirtual(java.lang.Object, java.lang.Object)'> (0x00000000892010a8) 
thrown [s\open\src\hotspot\share\interpreter\linkResolver.cpp, line 796]

VM Operations (20 events):
Event: 1.477 Executing VM operation: HandshakeAllThreads (Deoptimize)
Event: 1.477 Executing VM operation: HandshakeAllThreads (Deoptimize) done
Event: 1.792 Executing VM operation: HandshakeAllThreads (Deoptimize)
Event: 1.792 Executing VM operation: HandshakeAllThreads (Deoptimize) done
Event: 1.957 Executing VM operation: G1CollectForAllocation (G1 Evacuation Pause)
Event: 1.963 Executing VM operation: G1CollectForAllocation (G1 Evacuation Pause) done
Event: 2.635 Executing VM operation: HandshakeAllThreads (Deoptimize)
Event: 2.635 Executing VM operation: HandshakeAllThreads (Deoptimize) done
Event: 2.641 Executing VM operation: HandshakeAllThreads (Deoptimize)
Event: 2.641 Executing VM operation: HandshakeAllThreads (Deoptimize) done
Event: 2.642 Executing VM operation: HandshakeAllThreads (Deoptimize)
Event: 2.642 Executing VM operation: HandshakeAllThreads (Deoptimize) done
Event: 2.673 Executing VM operation: HandshakeAllThreads (Deoptimize)
Event: 2.673 Executing VM operation: HandshakeAllThreads (Deoptimize) done
Event: 3.152 Executing VM operation: HandshakeAllThreads (Deoptimize)
Event: 3.152 Executing VM operation: HandshakeAllThreads (Deoptimize) done
Event: 3.361 Executing VM operation: HandshakeAllThreads (Deoptimize)
Event: 3.361 Executing VM operation: HandshakeAllThreads (Deoptimize) done
Event: 3.399 Executing VM operation: G1CollectForAllocation (G1 Evacuation Pause)
Event: 3.410 Executing VM operation: G1CollectForAllocation (G1 Evacuation Pause) done

Memory protections (0 events):
No events

Nmethod flushes (0 events):
No events

Events (16 events):
Event: 0.057 Thread 0x000002037ca57190 Thread added: 0x000002037ca57190
Event: 0.097 Thread 0x000002037ca57190 Thread added: 0x000002037f8a7280
Event: 0.097 Thread 0x000002037ca57190 Thread added: 0x000002037f8aa210
Event: 0.098 Thread 0x000002037ca57190 Thread added: 0x000002037f8ab020
Event: 0.098 Thread 0x000002037ca57190 Thread added: 0x000002037f8ada90
Event: 0.098 Thread 0x000002037ca57190 Thread added: 0x000002037f8ae4f0
Event: 0.098 Thread 0x000002037ca57190 Thread added: 0x000002037f8aef50
Event: 0.099 Thread 0x000002037ca57190 Thread added: 0x000002037f8b1cf0
Event: 0.103 Thread 0x000002037ca57190 Thread added: 0x000002037f8d9840
Event: 0.318 Thread 0x000002037ca57190 Thread added: 0x0000020319704530
Event: 0.468 Thread 0x000002037f8d9840 Thread added: 0x00000203197ee760
Event: 0.655 Thread 0x000002037ca57190 Thread added: 0x0000020319a76550
Event: 0.655 Thread 0x000002037ca57190 Thread added: 0x0000020319a7d250
Event: 1.618 Thread 0x000002037ca57190 Thread added: 0x000002035f581840
Event: 1.630 Thread 0x000002035f581840 Thread added: 0x000002035f802980
Event: 2.655 Thread 0x000002035f802980 Thread added: 0x000002035fb3b680


Dynamic libraries:
0x00007ff61a7e0000 - 0x00007ff61a7f0000 	C:\Program Files\Java\jdk-23\bin\java.exe
0x00007ffc6b430000 - 0x00007ffc6b628000 	C:\Windows\SYSTEM32\ntdll.dll
0x00007ffc696a0000 - 0x00007ffc69762000 	C:\Windows\System32\KERNEL32.DLL
0x00007ffc68ac0000 - 0x00007ffc68db7000 	C:\Windows\System32\KERNELBASE.dll
0x00007ffc690c0000 - 0x00007ffc691c0000 	C:\Windows\System32\ucrtbase.dll
0x00007ffc65310000 - 0x00007ffc6532b000 	C:\Program Files\Java\jdk-23\bin\VCRUNTIME140.dll
0x00007ffc65330000 - 0x00007ffc65347000 	C:\Program Files\Java\jdk-23\bin\jli.dll
0x00007ffc59590000 - 0x00007ffc5982a000 	C:\Windows\WinSxS\amd64_microsoft.windows.common-controls_6595b64144ccf1df_6.0.19041.5915_none_60b4b9d171f9c7c7\COMCTL32.dll
0x00007ffc69450000 - 0x00007ffc695ed000 	C:\Windows\System32\USER32.dll
0x00007ffc691c0000 - 0x00007ffc691e2000 	C:\Windows\System32\win32u.dll
0x00007ffc6b020000 - 0x00007ffc6b0be000 	C:\Windows\System32\msvcrt.dll
0x00007ffc6af90000 - 0x00007ffc6afbb000 	C:\Windows\System32\GDI32.dll
0x00007ffc69330000 - 0x00007ffc69449000 	C:\Windows\System32\gdi32full.dll
0x00007ffc68dc0000 - 0x00007ffc68e5d000 	C:\Windows\System32\msvcp_win.dll
0x00007ffc698a0000 - 0x00007ffc698cf000 	C:\Windows\System32\IMM32.DLL
0x00007ffc65300000 - 0x00007ffc6530c000 	C:\Program Files\Java\jdk-23\bin\vcruntime140_1.dll
0x00007ffc459d0000 - 0x00007ffc45a5e000 	C:\Program Files\Java\jdk-23\bin\msvcp140.dll
0x00007ffc2afc0000 - 0x00007ffc2bd0f000 	C:\Program Files\Java\jdk-23\bin\server\jvm.dll
0x00007ffc69f80000 - 0x00007ffc6a031000 	C:\Windows\System32\ADVAPI32.dll
0x00007ffc69ee0000 - 0x00007ffc69f7f000 	C:\Windows\System32\sechost.dll
0x00007ffc6b200000 - 0x00007ffc6b326000 	C:\Windows\System32\RPCRT4.dll
0x00007ffc69040000 - 0x00007ffc69067000 	C:\Windows\System32\bcrypt.dll
0x00007ffc698d0000 - 0x00007ffc6993b000 	C:\Windows\System32\WS2_32.dll
0x00007ffc68000000 - 0x00007ffc6804b000 	C:\Windows\SYSTEM32\POWRPROF.dll
0x00007ffc63580000 - 0x00007ffc635a7000 	C:\Windows\SYSTEM32\WINMM.dll
0x00007ffc5f300000 - 0x00007ffc5f30a000 	C:\Windows\SYSTEM32\VERSION.dll
0x00007ffc67ea0000 - 0x00007ffc67eb2000 	C:\Windows\SYSTEM32\UMPDC.dll
0x00007ffc66900000 - 0x00007ffc66912000 	C:\Windows\SYSTEM32\kernel.appcore.dll
0x00007ffc63600000 - 0x00007ffc6360a000 	C:\Program Files\Java\jdk-23\bin\jimage.dll
0x00007ffc58520000 - 0x00007ffc58721000 	C:\Windows\SYSTEM32\DBGHELP.DLL
0x00007ffc57270000 - 0x00007ffc572a4000 	C:\Windows\SYSTEM32\dbgcore.DLL
0x00007ffc691f0000 - 0x00007ffc69272000 	C:\Windows\System32\bcryptPrimitives.dll
0x00007ffc63550000 - 0x00007ffc6355f000 	C:\Program Files\Java\jdk-23\bin\instrument.dll
0x00007ffc61c70000 - 0x00007ffc61c8e000 	C:\Program Files\Java\jdk-23\bin\java.dll
0x00007ffc69770000 - 0x00007ffc6989b000 	C:\Windows\System32\ole32.dll
0x00007ffc699d0000 - 0x00007ffc69d23000 	C:\Windows\System32\combase.dll
0x00007ffc6a7e0000 - 0x00007ffc6af4e000 	C:\Windows\System32\SHELL32.dll
0x00007ffc66b00000 - 0x00007ffc672a4000 	C:\Windows\SYSTEM32\windows.storage.dll
0x00007ffc684f0000 - 0x00007ffc6851b000 	C:\Windows\SYSTEM32\Wldp.dll
0x00007ffc6a180000 - 0x00007ffc6a24d000 	C:\Windows\System32\OLEAUT32.dll
0x00007ffc6a050000 - 0x00007ffc6a0fd000 	C:\Windows\System32\SHCORE.dll
0x00007ffc6b390000 - 0x00007ffc6b3eb000 	C:\Windows\System32\shlwapi.dll
0x00007ffc689f0000 - 0x00007ffc68a14000 	C:\Windows\SYSTEM32\profapi.dll
0x00007ffc3f340000 - 0x00007ffc3f417000 	C:\Program Files\Java\jdk-23\bin\jsvml.dll
0x00007ffc61740000 - 0x00007ffc61757000 	C:\Program Files\Java\jdk-23\bin\zip.dll
0x00007ffc634a0000 - 0x00007ffc634b0000 	C:\Program Files\Java\jdk-23\bin\net.dll
0x00007ffc68250000 - 0x00007ffc682ba000 	C:\Windows\system32\mswsock.dll
0x00007ffc61720000 - 0x00007ffc61736000 	C:\Program Files\Java\jdk-23\bin\nio.dll
0x00007ffc5ede0000 - 0x00007ffc5edfa000 	C:\Program Files\JetBrains\IntelliJ IDEA Community Edition 2024.3.1.1\bin\breakgen64.dll
0x00007ffc5a200000 - 0x00007ffc5a209000 	C:\Program Files\Java\jdk-23\bin\extnet.dll
0x00007ffc5a1b0000 - 0x00007ffc5a1ba000 	C:\Program Files\Java\jdk-23\bin\management.dll
0x00007ffc5a1a0000 - 0x00007ffc5a1ab000 	C:\Program Files\Java\jdk-23\bin\management_ext.dll
0x00007ffc6a040000 - 0x00007ffc6a048000 	C:\Windows\System32\PSAPI.DLL

dbghelp: loaded successfully - version: 4.0.5 - missing functions: none
symbol engine: initialized successfully - sym options: 0x614 - pdb path: .;C:\Program Files\Java\jdk-23\bin;C:\Windows\SYSTEM32;C:\Windows\WinSxS\amd64_microsoft.windows.common-controls_6595b64144ccf1df_6.0.19041.5915_none_60b4b9d171f9c7c7;C:\Program Files\Java\jdk-23\bin\server;C:\Program Files\JetBrains\IntelliJ IDEA Community Edition 2024.3.1.1\bin

VM Arguments:
jvm_args: -javaagent:C:\Program Files\JetBrains\IntelliJ IDEA Community Edition 2024.3.1.1\lib\idea_rt.jar=64298:C:\Program Files\JetBrains\IntelliJ IDEA Community Edition 2024.3.1.1\bin -Dfile.encoding=UTF-8 -Dsun.stdout.encoding=UTF-8 -Dsun.stderr.encoding=UTF-8 
java_command: com.FIneDine.FineDineOfficial.FineDineOfficialApplication
java_class_path (initial): E:\Development\JAVA_PROJECTS\Telusko\FineDineOfficial\FineDineOfficial\target\classes;C:\Users\hp\.m2\repository\org\springframework\boot\spring-boot-starter-data-jpa\3.5.5\spring-boot-starter-data-jpa-3.5.5.jar;C:\Users\hp\.m2\repository\org\springframework\boot\spring-boot-starter\3.5.5\spring-boot-starter-3.5.5.jar;C:\Users\hp\.m2\repository\org\springframework\boot\spring-boot-starter-logging\3.5.5\spring-boot-starter-logging-3.5.5.jar;C:\Users\hp\.m2\repository\ch\qos\logback\logback-classic\1.5.18\logback-classic-1.5.18.jar;C:\Users\hp\.m2\repository\ch\qos\logback\logback-core\1.5.18\logback-core-1.5.18.jar;C:\Users\hp\.m2\repository\org\apache\logging\log4j\log4j-to-slf4j\2.24.3\log4j-to-slf4j-2.24.3.jar;C:\Users\hp\.m2\repository\org\apache\logging\log4j\log4j-api\2.24.3\log4j-api-2.24.3.jar;C:\Users\hp\.m2\repository\org\slf4j\jul-to-slf4j\2.0.17\jul-to-slf4j-2.0.17.jar;C:\Users\hp\.m2\repository\jakarta\annotation\jakarta.annotation-api\2.1.1\jakarta.annotation-api-2.1.1.jar;C:\Users\hp\.m2\repository\org\yaml\snakeyaml\2.4\snakeyaml-2.4.jar;C:\Users\hp\.m2\repository\org\springframework\boot\spring-boot-starter-jdbc\3.5.5\spring-boot-starter-jdbc-3.5.5.jar;C:\Users\hp\.m2\repository\com\zaxxer\HikariCP\6.3.2\HikariCP-6.3.2.jar;C:\Users\hp\.m2\repository\org\springframework\spring-jdbc\6.2.10\spring-jdbc-6.2.10.jar;C:\Users\hp\.m2\repository\org\hibernate\orm\hibernate-core\6.6.26.Final\hibernate-core-6.6.26.Final.jar;C:\Users\hp\.m2\repository\jakarta\persistence\jakarta.persistence-api\3.1.0\jakarta.persistence-api-3.1.0.jar;C:\Users\hp\.m2\repository\jakarta\transaction\jakarta.transaction-api\2.0.1\jakarta.transaction-api-2.0.1.jar;C:\Users\hp\.m2\repository\org\jboss\logging\jboss-logging\3.6.1.Final\jboss-logging-3.6.1.Final.jar;C:\Users\hp\.m2\repository\org\hibernate\common\hibernate-commons-annotations\7.0.3.Final\hibernate-commons-annotations-7.0.3.Final.jar;C:\Users\hp\.m2\repository\io\smallrye\jandex\3.2.0\jandex-3.2.0.jar;C:\Users\hp\.m2\repository\com\fasterxml\classmate\1.7.0\classmate-1.7.0.jar;C:\Users\hp\.m2\repository\net\bytebuddy\byte-buddy\1.17.7\byte-buddy-1.17.7.jar;C:\Users\hp\.m2\repository\org\glassfish\jaxb\jaxb-runtime\4.0.5\jaxb-runtime-4.0.5.jar;C:\Users\hp\.m2\repository\org\glassfish\jaxb\jaxb-core\4.0.5\jaxb-core-4.0.5.jar;C:\Users\hp\.m2\repository\org\eclipse\angus\angus-activation\2.0.2\angus-activation-2.0.2.jar;C:\Users\hp\.m2\repository\org\glassfish\jaxb\txw2\4.0.5\txw2-4.0.5.jar;C:\Users\hp\.m2\repository\com\sun\istack\istack-commons-runtime\4.1.2\istack-commons-runtime-4.1.2.jar;C:\Users\hp\.m2\repository\jakarta\inject\jakarta.inject-api\2.0.1\jakarta.inject-api-2.0.1.jar;C:\Users\hp\.m2\repository\org\antlr\antlr4-runtime\4.13.0\antlr4-runtime-4.13.0.jar;C:\Users\hp\.m2\repository\org\springframework\data\spring-data-jpa\3.5.3\spring-data-jpa-3.5.3.jar;C:\Users\hp\.m2\repository\org\springframework\data\spring-data-commons\3.5.3\spring-data-commons-3.5.3.jar;C:\Users\hp\.m2\repository\org\springframework\spring-orm\6.2.10\spring-orm-6.2.10.jar;C:\Users\hp\.m2\repository\org\springframework\spring-context\6.2.10\spring-context-6.2.10.jar;C:\Users\hp\.m2\repository\org\springframework\spring-aop\6.2.10\spring-aop-6.2.10.jar;C:\Users\hp\.m2\repository\org\springframework\spring-tx\6.2.10\spring-tx-6.2.10.jar;C:\Users\hp\.m2\repository\org\springframework\spring-beans\6.2.10\spring-beans-6.2.10.jar;C:\Users\hp\.m2\repository\org\slf4j\slf4j-api\2.0.17\slf4j-api-2.0.17.jar;C:\Users\hp\.m2\repository\org\springframework\spring-aspects\6.2.10\spring-aspects-6.2.10.jar;C:\Users\hp\.m2\repository\org\aspectj\aspectjweaver\1.9.24\aspectjweaver-1.9.24.jar;C:\Users\hp\.m2\repository\org\springframework\boot\spring-boot-starter-web\3.5.5\spring-boot-starter-web-3.5.5.jar;C:\Users\hp\.m2\repository\org\springframework\boot\spring-boot-starter-json\3.5.5\spring-boot-starter-json-3.5.5.jar;C:\Users\hp\.m2\repository\com\fasterxml\jackson\core\jackson-databind\2.19.2\jackson-databind-2.19.2.jar;C:\Users\hp\.m2\repository\com\fasterxml\jackson\core\jackson-annotations\2.19.2\jackson-annotations-2.19.2.jar;C:\Users\hp\.m2\repository\com\fasterxml\jackson\core\jackson-core\2.19.2\jackson-core-2.19.2.jar;C:\Users\hp\.m2\repository\com\fasterxml\jackson\datatype\jackson-datatype-jdk8\2.19.2\jackson-datatype-jdk8-2.19.2.jar;C:\Users\hp\.m2\repository\com\fasterxml\jackson\datatype\jackson-datatype-jsr310\2.19.2\jackson-datatype-jsr310-2.19.2.jar;C:\Users\hp\.m2\repository\com\fasterxml\jackson\module\jackson-module-parameter-names\2.19.2\jackson-module-parameter-names-2.19.2.jar;C:\Users\hp\.m2\repository\org\springframework\boot\spring-boot-starter-tomcat\3.5.5\spring-boot-starter-tomcat-3.5.5.jar;C:\Users\hp\.m2\repository\org\apache\tomcat\embed\tomcat-embed-core\10.1.44\tomcat-embed-core-10.1.44.jar;C:\Users\hp\.m2\repository\org\apache\tomcat\embed\tomcat-embed-el\10.1.44\tomcat-embed-el-10.1.44.jar;C:\Users\hp\.m2\repository\org\apache\tomcat\embed\tomcat-embed-websocket\10.1.44\tomcat-embed-websocket-10.1.44.jar;C:\Users\hp\.m2\repository\org\springframework\spring-web\6.2.10\spring-web-6.2.10.jar;C:\Users\hp\.m2\repository\io\micrometer\micrometer-observation\1.15.3\micrometer-observation-1.15.3.jar;C:\Users\hp\.m2\repository\io\micrometer\micrometer-commons\1.15.3\micrometer-commons-1.15.3.jar;C:\Users\hp\.m2\repository\org\springframework\spring-webmvc\6.2.10\spring-webmvc-6.2.10.jar;C:\Users\hp\.m2\repository\org\springframework\spring-expression\6.2.10\spring-expression-6.2.10.jar;C:\Users\hp\.m2\repository\org\springframework\boot\spring-boot-devtools\3.5.5\spring-boot-devtools-3.5.5.jar;C:\Users\hp\.m2\repository\org\springframework\boot\spring-boot\3.5.5\spring-boot-3.5.5.jar;C:\Users\hp\.m2\repository\org\springframework\boot\spring-boot-autoconfigure\3.5.5\spring-boot-autoconfigure-3.5.5.jar;C:\Users\hp\.m2\repository\org\postgresql\postgresql\42.7.7\postgresql-42.7.7.jar;C:\Users\hp\.m2\repository\org\checkerframework\checker-qual\3.49.3\checker-qual-3.49.3.jar;C:\Users\hp\.m2\repository\org\projectlombok\lombok\1.18.38\lombok-1.18.38.jar;C:\Users\hp\.m2\repository\jakarta\xml\bind\jakarta.xml.bind-api\4.0.2\jakarta.xml.bind-api-4.0.2.jar;C:\Users\hp\.m2\repository\jakarta\activation\jakarta.activation-api\2.1.3\jakarta.activation-api-2.1.3.jar;C:\Users\hp\.m2\repository\org\springframework\spring-core\6.2.10\spring-core-6.2.10.jar;C:\Users\hp\.m2\repository\org\springframework\spring-jcl\6.2.10\spring-jcl-6.2.10.jar
Launcher Type: SUN_STANDARD

[Global flags]
     intx CICompilerCount                          = 3                                         {product} {ergonomic}
     uint ConcGCThreads                            = 1                                         {product} {ergonomic}
     uint G1ConcRefinementThreads                  = 4                                         {product} {ergonomic}
   size_t G1HeapRegionSize                         = 1048576                                   {product} {ergonomic}
   size_t InitialHeapSize                          = 134217728                                 {product} {ergonomic}
   size_t MarkStackSize                            = 4194304                                   {product} {ergonomic}
   size_t MarkStackSizeMax                         = 536870912                                 {product} {ergonomic}
   size_t MaxHeapSize                              = 2126512128                                {product} {ergonomic}
   size_t MaxNewSize                               = 1275068416                                {product} {ergonomic}
   size_t MinHeapDeltaBytes                        = 1048576                                   {product} {ergonomic}
   size_t MinHeapSize                              = 8388608                                   {product} {ergonomic}
    uintx NonNMethodCodeHeapSize                   = 5832704                                {pd product} {ergonomic}
    uintx NonProfiledCodeHeapSize                  = 122945536                              {pd product} {ergonomic}
    uintx ProfiledCodeHeapSize                     = 122880000                              {pd product} {ergonomic}
    uintx ReservedCodeCacheSize                    = 251658240                              {pd product} {ergonomic}
     bool SegmentedCodeCache                       = true                                      {product} {ergonomic}
   size_t SoftMaxHeapSize                          = 2126512128                             {manageable} {ergonomic}
     bool UseCompressedOops                        = true                           {product lp64_product} {ergonomic}
     bool UseG1GC                                  = true                                      {product} {ergonomic}
     bool UseLargePagesIndividualAllocation        = false                                  {pd product} {ergonomic}

Logging:
Log output configuration:
 #0: stdout all=warning uptime,level,tags foldmultilines=false
 #1: stderr all=off uptime,level,tags foldmultilines=false

Environment Variables:
PATH=C:\Program Files\Common Files\Oracle\Java\javapath;C:\Windows\system32;C:\Windows;C:\Windows\System32\Wbem;C:\Windows\System32\WindowsPowerShell\v1.0\;C:\Windows\System32\OpenSSH\;C:\Program Files\nodejs;C:\Program Files\Git\cmd;E:\Softwares\apache-maven-3.8.9-bin\apache-maven-3.8.9\bin;C:\Users\hp\AppData\Local\nvm;C:\nvm4w\nodejs;C:\Users\hp\AppData\Local\Microsoft\WindowsApps;C:\Users\hp\AppData\Local\Programs\Microsoft VS Code\bin;C:\Users\hp\AppData\Local\nvm;C:\nvm4w\nodejs
USERNAME=hp
OS=Windows_NT
PROCESSOR_IDENTIFIER=Intel64 Family 6 Model 61 Stepping 4, GenuineIntel
TMP=C:\Users\hp\AppData\Local\Temp
TEMP=C:\Users\hp\AppData\Local\Temp




Periodic native trim disabled

---------------  S Y S T E M  ---------------

OS:
 Windows 10 , 64 bit Build 19041 (10.0.19041.5915)
OS uptime: 0 days 23:05 hours
Hyper-V role detected

CPU: total 4 (initial active 4) (2 cores per cpu, 2 threads per core) family 6 model 61 stepping 4 microcode 0x2d, cx8, cmov, fxsr, ht, mmx, 3dnowpref, sse, sse2, sse3, ssse3, sse4.1, sse4.2, popcnt, lzcnt, tsc, tscinvbit, avx, avx2, aes, erms, clmul, bmi1, bmi2, adx, fma, vzeroupper, clflush, hv, rdtscp, f16c
Processor Information for the first 4 processors :
  Max Mhz: 2000, Current Mhz: 2000, Mhz Limit: 2000

Memory: 4k page, system-wide physical 8104M (666M free)
TotalPageFile size 10152M (AvailPageFile size 5M)
current process WorkingSet (physical memory assigned to process): 152M, peak: 152M
current process commit charge ("private bytes"): 272M, peak: 272M

vm_info: Java HotSpot(TM) 64-Bit Server VM (23.0.1+11-39) for windows-amd64 JRE (23.0.1+11-39), built on 2024-09-30T07:20:43Z with MS VC++ 17.6 (VS2022)

END.
