#
# There is insufficient memory for the Java Runtime Environment to continue.
# Native memory allocation (malloc) failed to allocate 65936 bytes. Error detail: Chunk::new
# Possible reasons:
#   The system is out of physical RAM or swap space
#   This process is running with CompressedOops enabled, and the Java Heap may be blocking the growth of the native heap
# Possible solutions:
#   Reduce memory load on the system
#   Increase physical memory or swap space
#   Check if swap backing store is full
#   Decrease Java heap size (-Xmx/-Xms)
#   Decrease number of Java threads
#   Decrease Java thread stack sizes (-Xss)
#   Set larger code cache with -XX:ReservedCodeCacheSize=
#   JVM is running with Unscaled Compressed Oops mode in which the Java heap is
#     placed in the first 4GB address space. The Java Heap base address is the
#     maximum limit for the native heap growth. Please use -XX:HeapBaseMinAddress
#     to set the Java Heap base and to place the Java Heap above 4GB virtual address.
# This output file may be truncated or incomplete.
#
#  Out of Memory Error (arena.cpp:149), pid=10884, tid=8732
#
# JRE version: Java(TM) SE Runtime Environment (23.0.1+11) (build 23.0.1+11-39)
# Java VM: Java HotSpot(TM) 64-Bit Server VM (23.0.1+11-39, mixed mode, sharing, tiered, compressed oops, compressed class ptrs, g1 gc, windows-amd64)
# No core dump will be written. Minidumps are not enabled by default on client versions of Windows
#

---------------  S U M M A R Y ------------

Command Line: -javaagent:C:\Program Files\JetBrains\IntelliJ IDEA Community Edition 2024.3.1.1\lib\idea_rt.jar=64312:C:\Program Files\JetBrains\IntelliJ IDEA Community Edition 2024.3.1.1\bin -Dfile.encoding=UTF-8 -Dsun.stdout.encoding=UTF-8 -Dsun.stderr.encoding=UTF-8 com.FIneDine.FineDineOfficial.FineDineOfficialApplication

Host: Intel(R) Core(TM) i3-5005U CPU @ 2.00GHz, 4 cores, 7G,  Windows 10 , 64 bit Build 19041 (10.0.19041.5915)
Time: Tue Sep  9 15:14:55 2025 India Standard Time elapsed time: 12.318714 seconds (0d 0h 0m 12s)

---------------  T H R E A D  ---------------

Current thread (0x0000019efeb24660):  JavaThread "C2 CompilerThread0" daemon [_thread_in_native, id=8732, stack(0x00000043dba00000,0x00000043dbb00000) (1024K)]


Current CompileTask:
C2:12318 5076       4       org.springframework.core.annotation.TypeMappedAnnotations::from (27 bytes)

Stack: [0x00000043dba00000,0x00000043dbb00000]
Native frames: (J=compiled Java code, j=interpreted, Vv=VM code, C=native code)
V  [jvm.dll+0x6e08b9]  (no source info available)
V  [jvm.dll+0x87dc83]  (no source info available)
V  [jvm.dll+0x88010e]  (no source info available)
V  [jvm.dll+0x8807e3]  (no source info available)
V  [jvm.dll+0x27aee6]  (no source info available)
V  [jvm.dll+0xbc06f]  (no source info available)
V  [jvm.dll+0xbc2cb]  (no source info available)
V  [jvm.dll+0x1d434f]  (no source info available)
V  [jvm.dll+0x66d925]  (no source info available)
V  [jvm.dll+0x66bb55]  (no source info available)
V  [jvm.dll+0x2448d7]  (no source info available)
V  [jvm.dll+0x243dff]  (no source info available)
V  [jvm.dll+0x1c33a0]  (no source info available)
V  [jvm.dll+0x253cf1]  (no source info available)
V  [jvm.dll+0x251faa]  (no source info available)
V  [jvm.dll+0x3ee036]  (no source info available)
V  [jvm.dll+0x824f8b]  (no source info available)
V  [jvm.dll+0x6df065]  (no source info available)
C  [ucrtbase.dll+0x21bb2]  (no source info available)
C  [KERNEL32.DLL+0x17374]  (no source info available)
C  [ntdll.dll+0x4cc91]  (no source info available)

Lock stack of current Java thread (top to bottom):


---------------  P R O C E S S  ---------------

Threads class SMR info:
_java_thread_list=0x0000019ec9ecfa10, length=21, elements={
0x0000019ee263c1e0, 0x0000019efeb07f00, 0x0000019efeb0ae90, 0x0000019efeb0d000,
0x0000019efeb101d0, 0x0000019efeb11d50, 0x0000019efeb1f6f0, 0x0000019efeb24660,
0x0000019efeb256d0, 0x0000019efeb1d620, 0x0000019efeb1dcb0, 0x0000019efeb1e340,
0x0000019efeb20410, 0x0000019efeb1e9d0, 0x0000019ec50f5c60, 0x0000019ec50f83c0,
0x0000019ec50f9e00, 0x0000019ec50f76a0, 0x0000019ec50fbed0, 0x0000019ec50fc560,
0x0000019ec82bf030
}

Java Threads: ( => current thread )
  0x0000019ee263c1e0 JavaThread "main"                              [_thread_blocked, id=6520, stack(0x00000043dac00000,0x00000043dad00000) (1024K)]
  0x0000019efeb07f00 JavaThread "Reference Handler"          daemon [_thread_blocked, id=6168, stack(0x00000043db400000,0x00000043db500000) (1024K)]
  0x0000019efeb0ae90 JavaThread "Finalizer"                  daemon [_thread_blocked, id=4152, stack(0x00000043db500000,0x00000043db600000) (1024K)]
  0x0000019efeb0d000 JavaThread "Signal Dispatcher"          daemon [_thread_blocked, id=9244, stack(0x00000043db600000,0x00000043db700000) (1024K)]
  0x0000019efeb101d0 JavaThread "Attach Listener"            daemon [_thread_blocked, id=2224, stack(0x00000043db700000,0x00000043db800000) (1024K)]
  0x0000019efeb11d50 JavaThread "Service Thread"             daemon [_thread_blocked, id=7760, stack(0x00000043db800000,0x00000043db900000) (1024K)]
  0x0000019efeb1f6f0 JavaThread "Monitor Deflation Thread"   daemon [_thread_blocked, id=13736, stack(0x00000043db900000,0x00000043dba00000) (1024K)]
=>0x0000019efeb24660 JavaThread "C2 CompilerThread0"         daemon [_thread_in_native, id=8732, stack(0x00000043dba00000,0x00000043dbb00000) (1024K)]
  0x0000019efeb256d0 JavaThread "C1 CompilerThread0"         daemon [_thread_blocked, id=14340, stack(0x00000043dbb00000,0x00000043dbc00000) (1024K)]
  0x0000019efeb1d620 JavaThread "Common-Cleaner"             daemon [_thread_blocked, id=8324, stack(0x00000043dbc00000,0x00000043dbd00000) (1024K)]
  0x0000019efeb1dcb0 JavaThread "Monitor Ctrl-Break"         daemon [_thread_in_native, id=12588, stack(0x00000043dbe00000,0x00000043dbf00000) (1024K)]
  0x0000019efeb1e340 JavaThread "Notification Thread"        daemon [_thread_blocked, id=13180, stack(0x00000043dbf00000,0x00000043dc000000) (1024K)]
  0x0000019efeb20410 JavaThread "Thread-0"                          [_thread_blocked, id=2760, stack(0x00000043dc200000,0x00000043dc300000) (1024K)]
  0x0000019efeb1e9d0 JavaThread "restartedMain"                     [_thread_in_vm, id=11088, stack(0x00000043dc300000,0x00000043dc400000) (1024K)]
  0x0000019ec50f5c60 JavaThread "Catalina-utility-1"                [_thread_blocked, id=8604, stack(0x00000043dc500000,0x00000043dc600000) (1024K)]
  0x0000019ec50f83c0 JavaThread "Catalina-utility-2"                [_thread_blocked, id=13408, stack(0x00000043dc600000,0x00000043dc700000) (1024K)]
  0x0000019ec50f9e00 JavaThread "container-0"                       [_thread_blocked, id=7488, stack(0x00000043dc700000,0x00000043dc800000) (1024K)]
  0x0000019ec50f76a0 JavaThread "PostgreSQL-JDBC-Cleaner"    daemon [_thread_blocked, id=10088, stack(0x00000043dc900000,0x00000043dca00000) (1024K)]
  0x0000019ec50fbed0 JavaThread "HikariPool-1:housekeeper"   daemon [_thread_blocked, id=12136, stack(0x00000043dca00000,0x00000043dcb00000) (1024K)]
  0x0000019ec50fc560 JavaThread "HikariPool-1:connection-adder" daemon [_thread_blocked, id=9108, stack(0x00000043dcb00000,0x00000043dcc00000) (1024K)]
  0x0000019ec82bf030 JavaThread "C2 CompilerThread1"         daemon [_thread_in_native, id=14900, stack(0x00000043dc400000,0x00000043dc500000) (1024K)]
Total: 21

Other Threads:
  0x0000019efeaef4e0 VMThread "VM Thread"                           [id=15288, stack(0x00000043db300000,0x00000043db400000) (1024K)]
  0x0000019efeade130 WatcherThread "VM Periodic Task Thread"        [id=8940, stack(0x00000043db200000,0x00000043db300000) (1024K)]
  0x0000019ee2693970 WorkerThread "GC Thread#0"                     [id=6688, stack(0x00000043dad00000,0x00000043dae00000) (1024K)]
  0x0000019ec57c1ed0 WorkerThread "GC Thread#1"                     [id=6524, stack(0x00000043dbd00000,0x00000043dbe00000) (1024K)]
  0x0000019ec57c2280 WorkerThread "GC Thread#2"                     [id=10256, stack(0x00000043dc000000,0x00000043dc100000) (1024K)]
  0x0000019ec57ca690 WorkerThread "GC Thread#3"                     [id=9148, stack(0x00000043dc100000,0x00000043dc200000) (1024K)]
  0x0000019ee051df20 ConcurrentGCThread "G1 Main Marker"            [id=13872, stack(0x00000043dae00000,0x00000043daf00000) (1024K)]
  0x0000019ee051ebe0 WorkerThread "G1 Conc#0"                       [id=13964, stack(0x00000043daf00000,0x00000043db000000) (1024K)]
  0x0000019ee26fe630 ConcurrentGCThread "G1 Refine#0"               [id=11656, stack(0x00000043db000000,0x00000043db100000) (1024K)]
  0x0000019efe9a03a0 ConcurrentGCThread "G1 Service"                [id=6936, stack(0x00000043db100000,0x00000043db200000) (1024K)]
Total: 10

Threads with active compile tasks:
C2 CompilerThread0  12507 5076       4       org.springframework.core.annotation.TypeMappedAnnotations::from (27 bytes)
C2 CompilerThread1  12507 5083   !   4       org.springframework.util.ReflectionUtils::doWithMethods (189 bytes)
Total: 2

VM state: not at safepoint (normal execution)

VM Mutex/Monitor currently owned by a thread: None

Heap address: 0x0000000081400000, size: 2028 MB, Compressed Oops mode: 32-bit

CDS archive(s) mapped at: [0x0000019e80000000-0x0000019e80d70000-0x0000019e80d70000), size 14090240, SharedBaseAddress: 0x0000019e80000000, ArchiveRelocationMode: 1.
Compressed class space mapped at: 0x0000019e81000000-0x0000019ec1000000, reserved size: 1073741824
Narrow klass base: 0x0000019e80000000, Narrow klass shift: 0, Narrow klass range: 0x41000000

GC Precious Log:
 CardTable entry size: 512
 Card Set container configuration: InlinePtr #cards 5 size 8 Array Of Cards #cards 10 size 36 Howl #buckets 4 coarsen threshold 1843 Howl Bitmap #cards 512 size 80 coarsen threshold 460 Card regions per heap region 1 cards per card region 2048
 CPUs: 4 total, 4 available
 Memory: 8104M
 Large Page Support: Disabled
 NUMA Support: Disabled
 Compressed Oops: Enabled (32-bit)
 Heap Region Size: 1M
 Heap Min Capacity: 8M
 Heap Initial Capacity: 128M
 Heap Max Capacity: 2028M
 Pre-touch: Disabled
 Parallel Workers: 4
 Concurrent Workers: 1
 Concurrent Refinement Workers: 4
 Periodic GC: Disabled

Heap:
 garbage-first heap   total reserved 2076672K, committed 51200K, used 34533K [0x0000000081400000, 0x0000000100000000)
  region size 1024K, 14 young (14336K), 3 survivors (3072K)
 Metaspace       used 54863K, committed 55488K, reserved 1114112K
  class space    used 7623K, committed 7872K, reserved 1048576K

Heap Regions: E=young(eden), S=young(survivor), O=old, HS=humongous(starts), HC=humongous(continues), CS=collection set, F=free, TAMS=top-at-mark-start, PB=parsable bottom
|   0|0x0000000081400000, 0x0000000081500000, 0x0000000081500000|100%|HS|  |TAMS 0x0000000081400000| PB 0x0000000081400000| Complete |  0
|   1|0x0000000081500000, 0x0000000081600000, 0x0000000081600000|100%|HS|  |TAMS 0x0000000081500000| PB 0x0000000081500000| Complete |  0
|   2|0x0000000081600000, 0x0000000081700000, 0x0000000081700000|100%| O|  |TAMS 0x0000000081600000| PB 0x0000000081600000| Untracked |  0
|   3|0x0000000081700000, 0x0000000081800000, 0x0000000081800000|100%| O|  |TAMS 0x0000000081700000| PB 0x0000000081700000| Untracked |  0
|   4|0x0000000081800000, 0x0000000081900000, 0x0000000081900000|100%| O|  |TAMS 0x0000000081800000| PB 0x0000000081800000| Untracked |  0
|   5|0x0000000081900000, 0x0000000081a00000, 0x0000000081a00000|100%| O|  |TAMS 0x0000000081900000| PB 0x0000000081900000| Untracked |  0
|   6|0x0000000081a00000, 0x0000000081b00000, 0x0000000081b00000|100%| O|  |TAMS 0x0000000081a00000| PB 0x0000000081a00000| Untracked |  0
|   7|0x0000000081b00000, 0x0000000081c00000, 0x0000000081c00000|100%| O|  |TAMS 0x0000000081b00000| PB 0x0000000081b00000| Untracked |  0
|   8|0x0000000081c00000, 0x0000000081d00000, 0x0000000081d00000|100%| O|  |TAMS 0x0000000081c00000| PB 0x0000000081c00000| Untracked |  0
|   9|0x0000000081d00000, 0x0000000081e00000, 0x0000000081e00000|100%| O|  |TAMS 0x0000000081d00000| PB 0x0000000081d00000| Untracked |  0
|  10|0x0000000081e00000, 0x0000000081e69a10, 0x0000000081f00000| 41%| O|  |TAMS 0x0000000081e00000| PB 0x0000000081e00000| Untracked |  0
|  11|0x0000000081f00000, 0x0000000082000000, 0x0000000082000000|100%| O|  |TAMS 0x0000000081f00000| PB 0x0000000081f00000| Untracked |  0
|  12|0x0000000082000000, 0x0000000082100000, 0x0000000082100000|100%| O|  |TAMS 0x0000000082000000| PB 0x0000000082000000| Untracked |  0
|  13|0x0000000082100000, 0x0000000082200000, 0x0000000082200000|100%| O|  |TAMS 0x0000000082100000| PB 0x0000000082100000| Untracked |  0
|  14|0x0000000082200000, 0x0000000082300000, 0x0000000082300000|100%| O|  |TAMS 0x0000000082200000| PB 0x0000000082200000| Untracked |  0
|  15|0x0000000082300000, 0x0000000082400000, 0x0000000082400000|100%| O|  |TAMS 0x0000000082300000| PB 0x0000000082300000| Untracked |  0
|  16|0x0000000082400000, 0x0000000082500000, 0x0000000082500000|100%| O|  |TAMS 0x0000000082400000| PB 0x0000000082400000| Untracked |  0
|  17|0x0000000082500000, 0x0000000082600000, 0x0000000082600000|100%| O|  |TAMS 0x0000000082500000| PB 0x0000000082500000| Untracked |  0
|  18|0x0000000082600000, 0x0000000082700000, 0x0000000082700000|100%| O|  |TAMS 0x0000000082600000| PB 0x0000000082600000| Untracked |  0
|  19|0x0000000082700000, 0x0000000082800000, 0x0000000082800000|100%| O|  |TAMS 0x0000000082700000| PB 0x0000000082700000| Untracked |  0
|  20|0x0000000082800000, 0x0000000082900000, 0x0000000082900000|100%| O|  |TAMS 0x0000000082800000| PB 0x0000000082800000| Untracked |  0
|  21|0x0000000082900000, 0x0000000082a00000, 0x0000000082a00000|100%| O|  |TAMS 0x0000000082900000| PB 0x0000000082900000| Untracked |  0
|  22|0x0000000082a00000, 0x0000000082a00000, 0x0000000082b00000|  0%| F|  |TAMS 0x0000000082a00000| PB 0x0000000082a00000| Untracked |  0
|  23|0x0000000082b00000, 0x0000000082b00000, 0x0000000082c00000|  0%| F|  |TAMS 0x0000000082b00000| PB 0x0000000082b00000| Untracked |  0
|  24|0x0000000082c00000, 0x0000000082c4fab8, 0x0000000082d00000| 31%| S|CS|TAMS 0x0000000082c00000| PB 0x0000000082c00000| Complete |  0
|  25|0x0000000082d00000, 0x0000000082d00000, 0x0000000082e00000|  0%| F|  |TAMS 0x0000000082d00000| PB 0x0000000082d00000| Untracked |  0
|  26|0x0000000082e00000, 0x0000000082e00000, 0x0000000082f00000|  0%| F|  |TAMS 0x0000000082e00000| PB 0x0000000082e00000| Untracked |  0
|  27|0x0000000082f00000, 0x0000000083000000, 0x0000000083000000|100%| S|CS|TAMS 0x0000000082f00000| PB 0x0000000082f00000| Complete |  0
|  28|0x0000000083000000, 0x0000000083100000, 0x0000000083100000|100%| S|CS|TAMS 0x0000000083000000| PB 0x0000000083000000| Complete |  0
|  29|0x0000000083100000, 0x0000000083100000, 0x0000000083200000|  0%| F|  |TAMS 0x0000000083100000| PB 0x0000000083100000| Untracked |  0
|  30|0x0000000083200000, 0x0000000083200000, 0x0000000083300000|  0%| F|  |TAMS 0x0000000083200000| PB 0x0000000083200000| Untracked |  0
|  31|0x0000000083300000, 0x0000000083300000, 0x0000000083400000|  0%| F|  |TAMS 0x0000000083300000| PB 0x0000000083300000| Untracked |  0
|  32|0x0000000083400000, 0x0000000083400000, 0x0000000083500000|  0%| F|  |TAMS 0x0000000083400000| PB 0x0000000083400000| Untracked |  0
|  33|0x0000000083500000, 0x0000000083500000, 0x0000000083600000|  0%| F|  |TAMS 0x0000000083500000| PB 0x0000000083500000| Untracked |  0
|  34|0x0000000083600000, 0x0000000083600000, 0x0000000083700000|  0%| F|  |TAMS 0x0000000083600000| PB 0x0000000083600000| Untracked |  0
|  35|0x0000000083700000, 0x0000000083700000, 0x0000000083800000|  0%| F|  |TAMS 0x0000000083700000| PB 0x0000000083700000| Untracked |  0
|  36|0x0000000083800000, 0x0000000083800000, 0x0000000083900000|  0%| F|  |TAMS 0x0000000083800000| PB 0x0000000083800000| Untracked |  0
|  37|0x0000000083900000, 0x0000000083900000, 0x0000000083a00000|  0%| F|  |TAMS 0x0000000083900000| PB 0x0000000083900000| Untracked |  0
|  38|0x0000000083a00000, 0x0000000083a00000, 0x0000000083b00000|  0%| F|  |TAMS 0x0000000083a00000| PB 0x0000000083a00000| Untracked |  0
|  39|0x0000000083b00000, 0x0000000083bd3440, 0x0000000083c00000| 82%| E|  |TAMS 0x0000000083b00000| PB 0x0000000083b00000| Complete |  0
|  40|0x0000000083c00000, 0x0000000083d00000, 0x0000000083d00000|100%| E|CS|TAMS 0x0000000083c00000| PB 0x0000000083c00000| Complete |  0
|  41|0x0000000083d00000, 0x0000000083e00000, 0x0000000083e00000|100%| E|CS|TAMS 0x0000000083d00000| PB 0x0000000083d00000| Complete |  0
|  42|0x0000000083e00000, 0x0000000083f00000, 0x0000000083f00000|100%| E|CS|TAMS 0x0000000083e00000| PB 0x0000000083e00000| Complete |  0
|  43|0x0000000083f00000, 0x0000000084000000, 0x0000000084000000|100%| E|CS|TAMS 0x0000000083f00000| PB 0x0000000083f00000| Complete |  0
|  44|0x0000000084000000, 0x0000000084100000, 0x0000000084100000|100%| E|CS|TAMS 0x0000000084000000| PB 0x0000000084000000| Complete |  0
|  94|0x0000000087200000, 0x0000000087300000, 0x0000000087300000|100%| E|CS|TAMS 0x0000000087200000| PB 0x0000000087200000| Complete |  0
|  95|0x0000000087300000, 0x0000000087400000, 0x0000000087400000|100%| E|CS|TAMS 0x0000000087300000| PB 0x0000000087300000| Complete |  0
|  96|0x0000000087400000, 0x0000000087500000, 0x0000000087500000|100%| E|CS|TAMS 0x0000000087400000| PB 0x0000000087400000| Complete |  0
|  97|0x0000000087500000, 0x0000000087600000, 0x0000000087600000|100%| E|CS|TAMS 0x0000000087500000| PB 0x0000000087500000| Complete |  0
| 127|0x0000000089300000, 0x0000000089400000, 0x0000000089400000|100%| E|CS|TAMS 0x0000000089300000| PB 0x0000000089300000| Complete |  0

Card table byte_map: [0x0000019efa170000,0x0000019efa570000] _byte_map_base: 0x0000019ef9d66000

Marking Bits: (CMBitMap*) 0x0000019ee2694080
 Bits: [0x0000019efa570000, 0x0000019efc520000)

Polling page: 0x0000019ee03d0000

Metaspace:

Usage:
  Non-class:     46.14 MB used.
      Class:      7.45 MB used.
       Both:     53.59 MB used.

Virtual space:
  Non-class space:       64.00 MB reserved,      46.50 MB ( 73%) committed,  1 nodes.
      Class space:        1.00 GB reserved,       7.69 MB ( <1%) committed,  1 nodes.
             Both:        1.06 GB reserved,      54.19 MB (  5%) committed. 

Chunk freelists:
   Non-Class:  1.39 MB
       Class:  8.20 MB
        Both:  9.59 MB

MaxMetaspaceSize: unlimited
CompressedClassSpaceSize: 1.00 GB
Initial GC threshold: 21.00 MB
Current GC threshold: 59.06 MB
CDS: on
 - commit_granule_bytes: 65536.
 - commit_granule_words: 8192.
 - virtual_space_node_default_size: 8388608.
 - enlarge_chunks_in_place: 1.
 - use_allocation_guard: 0.


Internal statistics:

num_allocs_failed_limit: 6.
num_arena_births: 762.
num_arena_deaths: 0.
num_vsnodes_births: 2.
num_vsnodes_deaths: 0.
num_space_committed: 867.
num_space_uncommitted: 0.
num_chunks_returned_to_freelist: 6.
num_chunks_taken_from_freelist: 2743.
num_chunk_merges: 6.
num_chunk_splits: 1952.
num_chunks_enlarged: 1503.
num_inconsistent_stats: 0.

CodeHeap 'non-profiled nmethods': size=120064Kb used=2107Kb max_used=2107Kb free=117956Kb
 bounds [0x0000019ef2830000, 0x0000019ef2aa0000, 0x0000019ef9d70000]
CodeHeap 'profiled nmethods': size=120000Kb used=7576Kb max_used=7576Kb free=112423Kb
 bounds [0x0000019eead70000, 0x0000019eeb4e0000, 0x0000019ef22a0000]
CodeHeap 'non-nmethods': size=5696Kb used=1623Kb max_used=1641Kb free=4072Kb
 bounds [0x0000019ef22a0000, 0x0000019ef2510000, 0x0000019ef2830000]
CodeCache: size=245760Kb, used=11306Kb, max_used=11324Kb, free=234451Kb
 total_blobs=5428, nmethods=4742, adapters=589, full_count=0
Compilation: enabled, stopped_count=0, restarted_count=0

Compilation events (20 events):
Event: 12.251 Thread 0x0000019efeb24660 nmethod 5074 0x0000019ef2a3c708 code [0x0000019ef2a3c900, 0x0000019ef2a3d478]
Event: 12.251 Thread 0x0000019efeb24660 5075       4       org.springframework.core.annotation.MergedAnnotations::from (41 bytes)
Event: 12.293 Thread 0x0000019efeb256d0 5097       3       java.lang.reflect.ProxyGenerator::generateClassFile (199 bytes)
Event: 12.295 Thread 0x0000019efeb256d0 nmethod 5097 0x0000019eeb4b4208 code [0x0000019eeb4b44e0, 0x0000019eeb4b5848]
Event: 12.296 Thread 0x0000019efeb256d0 5098       3       jdk.internal.classfile.impl.Util::parseParameterSlots (59 bytes)
Event: 12.297 Thread 0x0000019efeb256d0 nmethod 5098 0x0000019eeaed7c88 code [0x0000019eeaed7de0, 0x0000019eeaed8218]
Event: 12.297 Thread 0x0000019efeb256d0 5099       3       java.lang.reflect.ProxyGenerator::lambda$generateClassFile$0 (149 bytes)
Event: 12.297 Thread 0x0000019efeb24660 nmethod 5075 0x0000019ef2a3d608 code [0x0000019ef2a3d800, 0x0000019ef2a3e590]
Event: 12.298 Thread 0x0000019efeb24660 5076       4       org.springframework.core.annotation.TypeMappedAnnotations::from (27 bytes)
Event: 12.300 Thread 0x0000019efeb256d0 nmethod 5099 0x0000019eeb4b5908 code [0x0000019eeb4b5ce0, 0x0000019eeb4b7ed0]
Event: 12.302 Thread 0x0000019efeb256d0 5100       3       java.lang.reflect.ProxyGenerator::lambda$generateStaticInitializer$4 (353 bytes)
Event: 12.315 Thread 0x0000019efeb256d0 nmethod 5100 0x0000019eeb4b8008 code [0x0000019eeb4b8d20, 0x0000019eeb4c3130]
Event: 12.315 Thread 0x0000019efeb256d0 5104       3       java.util.ArrayDeque::add (7 bytes)
Event: 12.316 Thread 0x0000019efeb256d0 nmethod 5104 0x0000019eeaed7888 code [0x0000019eeaed79a0, 0x0000019eeaed7b68]
Event: 12.316 Thread 0x0000019efeb256d0 5101       3       jdk.internal.classfile.impl.TemporaryConstantPool::utf8Entry (11 bytes)
Event: 12.316 Thread 0x0000019efeb256d0 nmethod 5101 0x0000019eeb4c3388 code [0x0000019eeb4c34a0, 0x0000019eeb4c3660]
Event: 12.316 Thread 0x0000019efeb256d0 5102       3       jdk.internal.classfile.impl.AbstractPoolEntry$Utf8EntryImpl::<init> (15 bytes)
Event: 12.316 Thread 0x0000019efeb256d0 nmethod 5102 0x0000019eeb4c3688 code [0x0000019eeb4c37c0, 0x0000019eeb4c39d0]
Event: 12.316 Thread 0x0000019efeb256d0 5103       3       jdk.internal.classfile.impl.TemporaryConstantPool::classEntry (15 bytes)
Event: 12.316 Thread 0x0000019efeb256d0 nmethod 5103 0x0000019eeb4c3a08 code [0x0000019eeb4c3b40, 0x0000019eeb4c3dd0]

GC Heap History (20 events):
Event: 1.886 GC heap before
{Heap before GC invocations=1 (full 0):
 garbage-first heap   total reserved 2076672K, committed 131072K, used 17194K [0x0000000081400000, 0x0000000100000000)
  region size 1024K, 13 young (13312K), 2 survivors (2048K)
 Metaspace       used 6600K, committed 6848K, reserved 1114112K
  class space    used 793K, committed 960K, reserved 1048576K
}
Event: 1.891 GC heap after
{Heap after GC invocations=2 (full 0):
 garbage-first heap   total reserved 2076672K, committed 131072K, used 7983K [0x0000000081400000, 0x0000000100000000)
  region size 1024K, 1 young (1024K), 1 survivors (1024K)
 Metaspace       used 6600K, committed 6848K, reserved 1114112K
  class space    used 793K, committed 960K, reserved 1048576K
}
Event: 3.450 GC heap before
{Heap before GC invocations=2 (full 0):
 garbage-first heap   total reserved 2076672K, committed 131072K, used 40751K [0x0000000081400000, 0x0000000100000000)
  region size 1024K, 34 young (34816K), 1 survivors (1024K)
 Metaspace       used 16428K, committed 16768K, reserved 1114112K
  class space    used 2051K, committed 2176K, reserved 1048576K
}
Event: 3.465 GC heap after
{Heap after GC invocations=3 (full 0):
 garbage-first heap   total reserved 2076672K, committed 131072K, used 10872K [0x0000000081400000, 0x0000000100000000)
  region size 1024K, 4 young (4096K), 4 survivors (4096K)
 Metaspace       used 16428K, committed 16768K, reserved 1114112K
  class space    used 2051K, committed 2176K, reserved 1048576K
}
Event: 4.842 GC heap before
{Heap before GC invocations=3 (full 0):
 garbage-first heap   total reserved 2076672K, committed 131072K, used 39544K [0x0000000081400000, 0x0000000100000000)
  region size 1024K, 34 young (34816K), 4 survivors (4096K)
 Metaspace       used 21195K, committed 21504K, reserved 1114112K
  class space    used 2655K, committed 2816K, reserved 1048576K
}
Event: 4.855 GC heap after
{Heap after GC invocations=4 (full 0):
 garbage-first heap   total reserved 2076672K, committed 131072K, used 14655K [0x0000000081400000, 0x0000000100000000)
  region size 1024K, 4 young (4096K), 4 survivors (4096K)
 Metaspace       used 21195K, committed 21504K, reserved 1114112K
  class space    used 2655K, committed 2816K, reserved 1048576K
}
Event: 6.303 GC heap before
{Heap before GC invocations=5 (full 0):
 garbage-first heap   total reserved 2076672K, committed 51200K, used 41279K [0x0000000081400000, 0x0000000100000000)
  region size 1024K, 30 young (30720K), 4 survivors (4096K)
 Metaspace       used 24678K, committed 25024K, reserved 1114112K
  class space    used 3138K, committed 3264K, reserved 1048576K
}
Event: 6.315 GC heap after
{Heap after GC invocations=6 (full 0):
 garbage-first heap   total reserved 2076672K, committed 51200K, used 16152K [0x0000000081400000, 0x0000000100000000)
  region size 1024K, 3 young (3072K), 3 survivors (3072K)
 Metaspace       used 24678K, committed 25024K, reserved 1114112K
  class space    used 3138K, committed 3264K, reserved 1048576K
}
Event: 7.441 GC heap before
{Heap before GC invocations=6 (full 0):
 garbage-first heap   total reserved 2076672K, committed 51200K, used 36632K [0x0000000081400000, 0x0000000100000000)
  region size 1024K, 23 young (23552K), 3 survivors (3072K)
 Metaspace       used 28758K, committed 29184K, reserved 1114112K
  class space    used 3725K, committed 3904K, reserved 1048576K
}
Event: 7.453 GC heap after
{Heap after GC invocations=7 (full 0):
 garbage-first heap   total reserved 2076672K, committed 51200K, used 18386K [0x0000000081400000, 0x0000000100000000)
  region size 1024K, 3 young (3072K), 3 survivors (3072K)
 Metaspace       used 28758K, committed 29184K, reserved 1114112K
  class space    used 3725K, committed 3904K, reserved 1048576K
}
Event: 8.682 GC heap before
{Heap before GC invocations=7 (full 0):
 garbage-first heap   total reserved 2076672K, committed 51200K, used 37842K [0x0000000081400000, 0x0000000100000000)
  region size 1024K, 23 young (23552K), 3 survivors (3072K)
 Metaspace       used 33479K, committed 34048K, reserved 1114112K
  class space    used 4377K, committed 4608K, reserved 1048576K
}
Event: 8.690 GC heap after
{Heap after GC invocations=8 (full 0):
 garbage-first heap   total reserved 2076672K, committed 51200K, used 20323K [0x0000000081400000, 0x0000000100000000)
  region size 1024K, 2 young (2048K), 2 survivors (2048K)
 Metaspace       used 33479K, committed 34048K, reserved 1114112K
  class space    used 4377K, committed 4608K, reserved 1048576K
}
Event: 9.013 GC heap before
{Heap before GC invocations=8 (full 0):
 garbage-first heap   total reserved 2076672K, committed 51200K, used 27491K [0x0000000081400000, 0x0000000100000000)
  region size 1024K, 10 young (10240K), 2 survivors (2048K)
 Metaspace       used 35453K, committed 35968K, reserved 1114112K
  class space    used 4699K, committed 4928K, reserved 1048576K
}
Event: 9.018 GC heap after
{Heap after GC invocations=9 (full 0):
 garbage-first heap   total reserved 2076672K, committed 51200K, used 20753K [0x0000000081400000, 0x0000000100000000)
  region size 1024K, 1 young (1024K), 1 survivors (1024K)
 Metaspace       used 35453K, committed 35968K, reserved 1114112K
  class space    used 4699K, committed 4928K, reserved 1048576K
}
Event: 10.198 GC heap before
{Heap before GC invocations=10 (full 0):
 garbage-first heap   total reserved 2076672K, committed 51200K, used 40209K [0x0000000081400000, 0x0000000100000000)
  region size 1024K, 21 young (21504K), 1 survivors (1024K)
 Metaspace       used 40992K, committed 41536K, reserved 1114112K
  class space    used 5541K, committed 5760K, reserved 1048576K
}
Event: 10.203 GC heap after
{Heap after GC invocations=11 (full 0):
 garbage-first heap   total reserved 2076672K, committed 51200K, used 22095K [0x0000000081400000, 0x0000000100000000)
  region size 1024K, 2 young (2048K), 2 survivors (2048K)
 Metaspace       used 40992K, committed 41536K, reserved 1114112K
  class space    used 5541K, committed 5760K, reserved 1048576K
}
Event: 11.171 GC heap before
{Heap before GC invocations=11 (full 0):
 garbage-first heap   total reserved 2076672K, committed 51200K, used 41551K [0x0000000081400000, 0x0000000100000000)
  region size 1024K, 22 young (22528K), 2 survivors (2048K)
 Metaspace       used 46898K, committed 47488K, reserved 1114112K
  class space    used 6413K, committed 6656K, reserved 1048576K
}
Event: 11.178 GC heap after
{Heap after GC invocations=12 (full 0):
 garbage-first heap   total reserved 2076672K, committed 51200K, used 23380K [0x0000000081400000, 0x0000000100000000)
  region size 1024K, 3 young (3072K), 3 survivors (3072K)
 Metaspace       used 46898K, committed 47488K, reserved 1114112K
  class space    used 6413K, committed 6656K, reserved 1048576K
}
Event: 11.999 GC heap before
{Heap before GC invocations=12 (full 0):
 garbage-first heap   total reserved 2076672K, committed 51200K, used 43860K [0x0000000081400000, 0x0000000100000000)
  region size 1024K, 23 young (23552K), 3 survivors (3072K)
 Metaspace       used 52973K, committed 53632K, reserved 1114112K
  class space    used 7399K, committed 7680K, reserved 1048576K
}
Event: 12.006 GC heap after
{Heap after GC invocations=13 (full 0):
 garbage-first heap   total reserved 2076672K, committed 51200K, used 24293K [0x0000000081400000, 0x0000000100000000)
  region size 1024K, 3 young (3072K), 3 survivors (3072K)
 Metaspace       used 52973K, committed 53632K, reserved 1114112K
  class space    used 7399K, committed 7680K, reserved 1048576K
}

Dll operation events (14 events):
Event: 0.026 Loaded shared library C:\Program Files\Java\jdk-23\bin\java.dll
Event: 0.107 Loaded shared library C:\Program Files\Java\jdk-23\bin\jsvml.dll
Event: 0.350 Loaded shared library C:\Program Files\Java\jdk-23\bin\zip.dll
Event: 0.357 Loaded shared library C:\Program Files\Java\jdk-23\bin\instrument.dll
Event: 0.367 Loaded shared library C:\Program Files\Java\jdk-23\bin\net.dll
Event: 0.371 Loaded shared library C:\Program Files\Java\jdk-23\bin\nio.dll
Event: 0.378 Loaded shared library C:\Program Files\Java\jdk-23\bin\zip.dll
Event: 0.577 Loaded shared library C:\Program Files\JetBrains\IntelliJ IDEA Community Edition 2024.3.1.1\bin\breakgen64.dll
Event: 0.602 Loaded shared library C:\Program Files\Java\jdk-23\bin\extnet.dll
Event: 0.698 Loaded shared library C:\Program Files\Java\jdk-23\bin\jimage.dll
Event: 1.395 Loaded shared library C:\Program Files\Java\jdk-23\bin\management.dll
Event: 1.407 Loaded shared library C:\Program Files\Java\jdk-23\bin\management_ext.dll
Event: 3.937 Loaded shared library C:\Program Files\Java\jdk-23\bin\sunmscapi.dll
Event: 8.974 Loaded shared library C:\Program Files\Java\jdk-23\bin\verify.dll

Deoptimization events (20 events):
Event: 12.139 Thread 0x0000019efeb1e9d0 Uncommon trap: trap_request=0xffffffbe fr.pc=0x0000019ef29d2f3c relative=0x00000000000043dc
Event: 12.139 Thread 0x0000019efeb1e9d0 Uncommon trap: reason=profile_predicate action=maybe_recompile pc=0x0000019ef29d2f3c method=org.springframework.util.ReflectionUtils.doWithMethods(Ljava/lang/Class;Lorg/springframework/util/ReflectionUtils$MethodCallback;Lorg/springframework/util/Reflecti
Event: 12.139 Thread 0x0000019efeb1e9d0 DEOPT PACKING pc=0x0000019ef29d2f3c sp=0x00000043dc3fbca0
Event: 12.139 Thread 0x0000019efeb1e9d0 DEOPT UNPACKING pc=0x0000019ef22f4402 sp=0x00000043dc3fbcd0 mode 2
Event: 12.139 Thread 0x0000019efeb1e9d0 Uncommon trap: trap_request=0xffffffbe fr.pc=0x0000019ef29d2f3c relative=0x00000000000043dc
Event: 12.139 Thread 0x0000019efeb1e9d0 Uncommon trap: reason=profile_predicate action=maybe_recompile pc=0x0000019ef29d2f3c method=org.springframework.util.ReflectionUtils.doWithMethods(Ljava/lang/Class;Lorg/springframework/util/ReflectionUtils$MethodCallback;Lorg/springframework/util/Reflecti
Event: 12.139 Thread 0x0000019efeb1e9d0 DEOPT PACKING pc=0x0000019ef29d2f3c sp=0x00000043dc3fbbe0
Event: 12.139 Thread 0x0000019efeb1e9d0 DEOPT UNPACKING pc=0x0000019ef22f4402 sp=0x00000043dc3fbc28 mode 2
Event: 12.143 Thread 0x0000019efeb1e9d0 Uncommon trap: trap_request=0xfffffff4 fr.pc=0x0000019ef2a2b3b8 relative=0x00000000000001f8
Event: 12.143 Thread 0x0000019efeb1e9d0 Uncommon trap: reason=null_check action=make_not_entrant pc=0x0000019ef2a2b3b8 method=sun.invoke.util.VerifyType.isNullConversion(Ljava/lang/Class;Ljava/lang/Class;Z)Z @ 67 c2
Event: 12.143 Thread 0x0000019efeb1e9d0 DEOPT PACKING pc=0x0000019ef2a2b3b8 sp=0x00000043dc3fb690
Event: 12.143 Thread 0x0000019efeb1e9d0 DEOPT UNPACKING pc=0x0000019ef22f4402 sp=0x00000043dc3fb610 mode 2
Event: 12.161 Thread 0x0000019efeb1e9d0 Uncommon trap: trap_request=0xffffff45 fr.pc=0x0000019ef2875778 relative=0x00000000000001d8
Event: 12.161 Thread 0x0000019efeb1e9d0 Uncommon trap: reason=unstable_if action=reinterpret pc=0x0000019ef2875778 method=java.util.ArrayDeque.addLast(Ljava/lang/Object;)V @ 42 c2
Event: 12.162 Thread 0x0000019efeb1e9d0 DEOPT PACKING pc=0x0000019ef2875778 sp=0x00000043dc3fc0a0
Event: 12.162 Thread 0x0000019efeb1e9d0 DEOPT UNPACKING pc=0x0000019ef22f4402 sp=0x00000043dc3fbff8 mode 2
Event: 12.302 Thread 0x0000019efeb1e9d0 Uncommon trap: trap_request=0xffffff45 fr.pc=0x0000019ef294cb44 relative=0x0000000000000b04
Event: 12.302 Thread 0x0000019efeb1e9d0 Uncommon trap: reason=unstable_if action=reinterpret pc=0x0000019ef294cb44 method=jdk.internal.classfile.impl.SplitConstantPool.internalAdd(Ljava/lang/classfile/constantpool/PoolEntry;I)Ljava/lang/classfile/constantpool/PoolEntry; @ 18 c2
Event: 12.302 Thread 0x0000019efeb1e9d0 DEOPT PACKING pc=0x0000019ef294cb44 sp=0x00000043dc3fa870
Event: 12.302 Thread 0x0000019efeb1e9d0 DEOPT UNPACKING pc=0x0000019ef22f4402 sp=0x00000043dc3fa838 mode 2

Classes loaded (20 events):
Event: 10.709 Loading class java/util/concurrent/CompletableFuture$AltResult
Event: 10.709 Loading class java/util/concurrent/CompletableFuture$AltResult done
Event: 10.709 Loading class java/util/concurrent/CompletableFuture$Completion
Event: 10.709 Loading class java/util/concurrent/CompletableFuture$AsynchronousCompletionTask
Event: 10.709 Loading class java/util/concurrent/CompletableFuture$AsynchronousCompletionTask done
Event: 10.709 Loading class java/util/concurrent/CompletableFuture$Completion done
Event: 10.789 Loading class java/util/concurrent/CancellationException
Event: 10.789 Loading class java/util/concurrent/CancellationException done
Event: 11.428 Loading class java/util/ArrayList$ListItr
Event: 11.429 Loading class java/util/ArrayList$ListItr done
Event: 11.579 Loading class java/util/AbstractList$SubList
Event: 11.580 Loading class java/util/AbstractList$SubList done
Event: 11.599 Loading class java/lang/reflect/AnnotatedArrayType
Event: 11.599 Loading class java/lang/reflect/AnnotatedArrayType done
Event: 12.095 Loading class javax/naming/Reference
Event: 12.095 Loading class javax/naming/Reference done
Event: 12.149 Loading class java/lang/SafeVarargs
Event: 12.149 Loading class java/lang/SafeVarargs done
Event: 12.152 Loading class sun/reflect/generics/reflectiveObjects/GenericArrayTypeImpl
Event: 12.152 Loading class sun/reflect/generics/reflectiveObjects/GenericArrayTypeImpl done

Classes unloaded (0 events):
No events

Classes redefined (0 events):
No events

Internal exceptions (20 events):
Event: 9.951 Thread 0x0000019efeb1e9d0 Exception <a 'java/lang/NoSuchMethodError'{0x00000000835d3f50}: 'java.lang.Object java.lang.invoke.DirectMethodHandle$Holder.invokeStaticInit(java.lang.Object, java.lang.Object, java.lang.Object, java.lang.Object)'> (0x00000000835d3f50) 
thrown [s\open\src\hotspot\share\interpreter\linkResolver.cpp, line 796]
Event: 9.993 Thread 0x0000019efeb1e9d0 Exception <a 'java/lang/NoSuchMethodError'{0x00000000834d1ec0}: 'int java.lang.invoke.Invokers$Holder.invokeExact_MT(java.lang.Object, java.lang.Object)'> (0x00000000834d1ec0) 
thrown [s\open\src\hotspot\share\interpreter\linkResolver.cpp, line 796]
Event: 10.806 Thread 0x0000019efeb1e9d0 Exception <a 'java/lang/IncompatibleClassChangeError'{0x000000008380f7b8}: Found class java.lang.Object, but interface was expected> (0x000000008380f7b8) 
thrown [s\open\src\hotspot\share\interpreter\linkResolver.cpp, line 863]
Event: 10.856 Thread 0x0000019efeb1e9d0 Exception <a 'java/lang/NoSuchMethodError'{0x00000000838cb368}: 'java.lang.Object java.lang.invoke.DirectMethodHandle$Holder.invokeStatic(java.lang.Object, java.lang.Object, int, java.lang.Object)'> (0x00000000838cb368) 
thrown [s\open\src\hotspot\share\interpreter\linkResolver.cpp, line 796]
Event: 10.856 Thread 0x0000019efeb1e9d0 Exception <a 'java/lang/NoSuchMethodError'{0x00000000838ceb30}: 'java.lang.Object java.lang.invoke.DirectMethodHandle$Holder.invokeStaticInit(java.lang.Object, java.lang.Object, int, java.lang.Object)'> (0x00000000838ceb30) 
thrown [s\open\src\hotspot\share\interpreter\linkResolver.cpp, line 796]
Event: 11.729 Thread 0x0000019efeb1e9d0 Exception <a 'java/lang/NoSuchMethodError'{0x0000000083986fc8}: 'int java.lang.invoke.Invokers$Holder.invokeExact_MT(java.lang.Object, java.lang.Object, java.lang.Object)'> (0x0000000083986fc8) 
thrown [s\open\src\hotspot\share\interpreter\linkResolver.cpp, line 796]
Event: 11.750 Thread 0x0000019efeb1e9d0 Exception <a 'java/lang/NoSuchMethodError'{0x0000000083809f40}: 'void java.lang.invoke.DirectMethodHandle$Holder.invokeInterface(java.lang.Object, java.lang.Object, int, java.lang.Object)'> (0x0000000083809f40) 
thrown [s\open\src\hotspot\share\interpreter\linkResolver.cpp, line 796]
Event: 11.758 Thread 0x0000019efeb1e9d0 Exception <a 'java/lang/NoSuchMethodError'{0x000000008382c6e8}: 'java.lang.Object java.lang.invoke.DirectMethodHandle$Holder.newInvokeSpecial(java.lang.Object, java.lang.Object, int, java.lang.Object)'> (0x000000008382c6e8) 
thrown [s\open\src\hotspot\share\interpreter\linkResolver.cpp, line 796]
Event: 11.784 Thread 0x0000019efeb1e9d0 Exception <a 'java/lang/NoSuchMethodError'{0x0000000083702fd8}: 'void java.lang.invoke.DirectMethodHandle$Holder.invokeSpecial(java.lang.Object, java.lang.Object, java.lang.Object, java.lang.Object, java.lang.Object, java.lang.Object, java.lang.Object, java.lang.Object)'> (0x0000000083702fd8) 
thrown [s\open\src\hotspot\share\interpreter\linkResolver.cpp, line 796]
Event: 11.793 Thread 0x0000019efeb1e9d0 Exception <a 'java/lang/NoSuchMethodError'{0x0000000083739398}: 'void java.lang.invoke.DirectMethodHandle$Holder.invokeSpecial(java.lang.Object, java.lang.Object, int, java.lang.Object)'> (0x0000000083739398) 
thrown [s\open\src\hotspot\share\interpreter\linkResolver.cpp, line 796]
Event: 11.794 Thread 0x0000019efeb1e9d0 Exception <a 'java/lang/NoSuchMethodError'{0x000000008373f518}: 'java.lang.Object java.lang.invoke.DirectMethodHandle$Holder.newInvokeSpecial(java.lang.Object, java.lang.Object, int)'> (0x000000008373f518) 
thrown [s\open\src\hotspot\share\interpreter\linkResolver.cpp, line 796]
Event: 11.836 Thread 0x0000019efeb1e9d0 Exception <a 'java/lang/NoSuchMethodError'{0x000000008367f3e8}: 'int java.lang.invoke.DirectMethodHandle$Holder.invokeSpecial(java.lang.Object, java.lang.Object, int, java.lang.Object)'> (0x000000008367f3e8) 
thrown [s\open\src\hotspot\share\interpreter\linkResolver.cpp, line 796]
Event: 11.837 Thread 0x0000019efeb1e9d0 Exception <a 'java/lang/NoSuchMethodError'{0x0000000083687bb8}: 'int java.lang.invoke.DirectMethodHandle$Holder.invokeStatic(java.lang.Object, int, java.lang.Object)'> (0x0000000083687bb8) 
thrown [s\open\src\hotspot\share\interpreter\linkResolver.cpp, line 796]
Event: 11.841 Thread 0x0000019efeb1e9d0 Exception <a 'java/lang/NoSuchMethodError'{0x00000000836a4550}: 'java.lang.Object java.lang.invoke.DirectMethodHandle$Holder.newInvokeSpecial(java.lang.Object, java.lang.Object, java.lang.Object, java.lang.Object, java.lang.Object, int, java.lang.Object)'> (0x00000000836a4550) 
thrown [s\open\src\hotspot\share\interpreter\linkResolver.cpp, line 796]
Event: 11.847 Thread 0x0000019efeb1e9d0 Exception <a 'java/lang/NoSuchMethodError'{0x00000000836d3960}: 'java.lang.Object java.lang.invoke.Invokers$Holder.linkToTargetMethod(java.lang.Object, java.lang.Object, java.lang.Object, java.lang.Object, java.lang.Object, java.lang.Object, java.lang.Object, java.lang.Object, java.lang.Object, java.lang.Object, java.lang.Object, java.lang.Object)'> (0x00000000836d3960) 
thrown [s\open\src\hotspot\share\interpreter\linkResolver.cpp, line 796]
Event: 11.899 Thread 0x0000019efeb1e9d0 Exception <a 'java/lang/IncompatibleClassChangeError'{0x00000000834361c0}: Found class java.lang.Object, but interface was expected> (0x00000000834361c0) 
thrown [s\open\src\hotspot\share\interpreter\linkResolver.cpp, line 863]
Event: 11.917 Thread 0x0000019efeb1e9d0 Exception <a 'java/lang/NoSuchMethodError'{0x00000000834a77e8}: 'java.lang.Object java.lang.invoke.DirectMethodHandle$Holder.newInvokeSpecial(java.lang.Object, java.lang.Object, java.lang.Object, java.lang.Object, java.lang.Object, java.lang.Object, java.lang.Object, int)'> (0x00000000834a77e8) 
thrown [s\open\src\hotspot\share\interpreter\linkResolver.cpp, line 796]
Event: 11.917 Thread 0x0000019efeb1e9d0 Exception <a 'java/lang/NoSuchMethodError'{0x00000000834abd68}: 'java.lang.Object java.lang.invoke.DirectMethodHandle$Holder.invokeSpecial(java.lang.Object, java.lang.Object, java.lang.Object, java.lang.Object, java.lang.Object, java.lang.Object, java.lang.Object, java.lang.Object, int)'> (0x00000000834abd68) 
thrown [s\open\src\hotspot\share\interpreter\linkResolver.cpp, line 796]
Event: 11.917 Thread 0x0000019efeb1e9d0 Exception <a 'java/lang/NoSuchMethodError'{0x00000000834afd50}: 'java.lang.Object java.lang.invoke.Invokers$Holder.linkToTargetMethod(java.lang.Object, java.lang.Object, java.lang.Object, java.lang.Object, java.lang.Object, java.lang.Object, int, java.lang.Object)'> (0x00000000834afd50) 
thrown [s\open\src\hotspot\share\interpreter\linkResolver.cpp, line 796]
Event: 12.143 Thread 0x0000019efeb1e9d0 Implicit null exception at 0x0000019ef2a2b273 to 0x0000019ef2a2b3a4

VM Operations (20 events):
Event: 8.682 Executing VM operation: G1CollectForAllocation (G1 Evacuation Pause)
Event: 8.690 Executing VM operation: G1CollectForAllocation (G1 Evacuation Pause) done
Event: 9.013 Executing VM operation: CollectForMetadataAllocation (Metadata GC Threshold)
Event: 9.018 Executing VM operation: CollectForMetadataAllocation (Metadata GC Threshold) done
Event: 9.068 Executing VM operation: G1PauseRemark
Event: 9.073 Executing VM operation: G1PauseRemark done
Event: 9.096 Executing VM operation: G1PauseCleanup
Event: 9.096 Executing VM operation: G1PauseCleanup done
Event: 10.198 Executing VM operation: G1CollectForAllocation (G1 Evacuation Pause)
Event: 10.203 Executing VM operation: G1CollectForAllocation (G1 Evacuation Pause) done
Event: 11.171 Executing VM operation: G1CollectForAllocation (G1 Evacuation Pause)
Event: 11.178 Executing VM operation: G1CollectForAllocation (G1 Evacuation Pause) done
Event: 11.422 Executing VM operation: HandshakeAllThreads (Deoptimize)
Event: 11.423 Executing VM operation: HandshakeAllThreads (Deoptimize) done
Event: 11.429 Executing VM operation: HandshakeAllThreads (Deoptimize)
Event: 11.429 Executing VM operation: HandshakeAllThreads (Deoptimize) done
Event: 11.473 Executing VM operation: HandshakeAllThreads (Deoptimize)
Event: 11.473 Executing VM operation: HandshakeAllThreads (Deoptimize) done
Event: 11.999 Executing VM operation: G1CollectForAllocation (G1 Evacuation Pause)
Event: 12.006 Executing VM operation: G1CollectForAllocation (G1 Evacuation Pause) done

Memory protections (0 events):
No events

Nmethod flushes (20 events):
Event: 9.072 Thread 0x0000019efeaef4e0 flushing  nmethod 0x0000019eeaf22f88
Event: 9.072 Thread 0x0000019efeaef4e0 flushing  nmethod 0x0000019eeaf23588
Event: 9.072 Thread 0x0000019efeaef4e0 flushing  nmethod 0x0000019eeaf24808
Event: 9.072 Thread 0x0000019efeaef4e0 flushing  nmethod 0x0000019eeaf25088
Event: 9.072 Thread 0x0000019efeaef4e0 flushing  nmethod 0x0000019eeaf26188
Event: 9.072 Thread 0x0000019efeaef4e0 flushing  nmethod 0x0000019eeaf26488
Event: 9.072 Thread 0x0000019efeaef4e0 flushing  nmethod 0x0000019eeaf28c88
Event: 9.072 Thread 0x0000019efeaef4e0 flushing  nmethod 0x0000019eeaf7d488
Event: 9.072 Thread 0x0000019efeaef4e0 flushing  nmethod 0x0000019eeaf97788
Event: 9.072 Thread 0x0000019efeaef4e0 flushing  nmethod 0x0000019eeafe2808
Event: 9.072 Thread 0x0000019efeaef4e0 flushing  nmethod 0x0000019eeafe7208
Event: 9.072 Thread 0x0000019efeaef4e0 flushing  nmethod 0x0000019eeb02a208
Event: 9.072 Thread 0x0000019efeaef4e0 flushing  nmethod 0x0000019eeb02ad08
Event: 9.072 Thread 0x0000019efeaef4e0 flushing  nmethod 0x0000019eeb072f08
Event: 9.072 Thread 0x0000019efeaef4e0 flushing  nmethod 0x0000019eeb073a08
Event: 9.072 Thread 0x0000019efeaef4e0 flushing  nmethod 0x0000019eeb0abe88
Event: 9.072 Thread 0x0000019efeaef4e0 flushing  nmethod 0x0000019eeb104788
Event: 9.072 Thread 0x0000019efeaef4e0 flushing  nmethod 0x0000019eeb107f08
Event: 9.072 Thread 0x0000019efeaef4e0 flushing  nmethod 0x0000019eeb108988
Event: 9.072 Thread 0x0000019efeaef4e0 flushing  nmethod 0x0000019eeb148a08

Events (20 events):
Event: 0.284 Thread 0x0000019ee263c1e0 Thread added: 0x0000019efeb1d620
Event: 0.425 Thread 0x0000019efeb256d0 Thread added: 0x0000019ec52cf960
Event: 0.578 Thread 0x0000019ee263c1e0 Thread added: 0x0000019efeb1dcb0
Event: 0.578 Thread 0x0000019ee263c1e0 Thread added: 0x0000019efeb1e340
Event: 1.137 Thread 0x0000019ec52cf960 Thread exited: 0x0000019ec52cf960
Event: 1.534 Thread 0x0000019ee263c1e0 Thread added: 0x0000019efeb20410
Event: 1.549 Thread 0x0000019efeb20410 Thread added: 0x0000019efeb1e9d0
Event: 2.394 Thread 0x0000019efeb256d0 Thread added: 0x0000019ec5f6ace0
Event: 2.582 Thread 0x0000019efeb1e9d0 Thread added: 0x0000019efeb1f060
Event: 3.881 Thread 0x0000019efeb1e9d0 Thread added: 0x0000019efeb20aa0
Event: 3.975 Thread 0x0000019efeb1f060 Thread exited: 0x0000019efeb1f060
Event: 4.078 Thread 0x0000019efeb20aa0 Thread exited: 0x0000019efeb20aa0
Event: 7.824 Thread 0x0000019efeb1e9d0 Thread added: 0x0000019ec50f5c60
Event: 7.829 Thread 0x0000019efeb1e9d0 Thread added: 0x0000019ec50f83c0
Event: 7.835 Thread 0x0000019efeb1e9d0 Thread added: 0x0000019ec50f9e00
Event: 9.802 Thread 0x0000019efeb1e9d0 Thread added: 0x0000019ec50f76a0
Event: 9.825 Thread 0x0000019efeb1e9d0 Thread added: 0x0000019ec50fbed0
Event: 9.944 Thread 0x0000019ec50fbed0 Thread added: 0x0000019ec50fc560
Event: 11.074 Thread 0x0000019ec5f6ace0 Thread exited: 0x0000019ec5f6ace0
Event: 12.139 Thread 0x0000019efeb256d0 Thread added: 0x0000019ec82bf030


Dynamic libraries:
0x00007ff61a7e0000 - 0x00007ff61a7f0000 	C:\Program Files\Java\jdk-23\bin\java.exe
0x00007ffc6b430000 - 0x00007ffc6b628000 	C:\Windows\SYSTEM32\ntdll.dll
0x00007ffc696a0000 - 0x00007ffc69762000 	C:\Windows\System32\KERNEL32.DLL
0x00007ffc68ac0000 - 0x00007ffc68db7000 	C:\Windows\System32\KERNELBASE.dll
0x00007ffc690c0000 - 0x00007ffc691c0000 	C:\Windows\System32\ucrtbase.dll
0x00007ffc65330000 - 0x00007ffc6534b000 	C:\Program Files\Java\jdk-23\bin\VCRUNTIME140.dll
0x00007ffc65310000 - 0x00007ffc65327000 	C:\Program Files\Java\jdk-23\bin\jli.dll
0x00007ffc69450000 - 0x00007ffc695ed000 	C:\Windows\System32\USER32.dll
0x00007ffc691c0000 - 0x00007ffc691e2000 	C:\Windows\System32\win32u.dll
0x00007ffc6af90000 - 0x00007ffc6afbb000 	C:\Windows\System32\GDI32.dll
0x00007ffc59590000 - 0x00007ffc5982a000 	C:\Windows\WinSxS\amd64_microsoft.windows.common-controls_6595b64144ccf1df_6.0.19041.5915_none_60b4b9d171f9c7c7\COMCTL32.dll
0x00007ffc6b020000 - 0x00007ffc6b0be000 	C:\Windows\System32\msvcrt.dll
0x00007ffc69330000 - 0x00007ffc69449000 	C:\Windows\System32\gdi32full.dll
0x00007ffc68dc0000 - 0x00007ffc68e5d000 	C:\Windows\System32\msvcp_win.dll
0x00007ffc698a0000 - 0x00007ffc698cf000 	C:\Windows\System32\IMM32.DLL
0x00007ffc65300000 - 0x00007ffc6530c000 	C:\Program Files\Java\jdk-23\bin\vcruntime140_1.dll
0x00007ffc459d0000 - 0x00007ffc45a5e000 	C:\Program Files\Java\jdk-23\bin\msvcp140.dll
0x00007ffc2afc0000 - 0x00007ffc2bd0f000 	C:\Program Files\Java\jdk-23\bin\server\jvm.dll
0x00007ffc69f80000 - 0x00007ffc6a031000 	C:\Windows\System32\ADVAPI32.dll
0x00007ffc69ee0000 - 0x00007ffc69f7f000 	C:\Windows\System32\sechost.dll
0x00007ffc6b200000 - 0x00007ffc6b326000 	C:\Windows\System32\RPCRT4.dll
0x00007ffc69040000 - 0x00007ffc69067000 	C:\Windows\System32\bcrypt.dll
0x00007ffc698d0000 - 0x00007ffc6993b000 	C:\Windows\System32\WS2_32.dll
0x00007ffc68000000 - 0x00007ffc6804b000 	C:\Windows\SYSTEM32\POWRPROF.dll
0x00007ffc63580000 - 0x00007ffc635a7000 	C:\Windows\SYSTEM32\WINMM.dll
0x00007ffc5f300000 - 0x00007ffc5f30a000 	C:\Windows\SYSTEM32\VERSION.dll
0x00007ffc67ea0000 - 0x00007ffc67eb2000 	C:\Windows\SYSTEM32\UMPDC.dll
0x00007ffc66900000 - 0x00007ffc66912000 	C:\Windows\SYSTEM32\kernel.appcore.dll
0x00007ffc63600000 - 0x00007ffc6360a000 	C:\Program Files\Java\jdk-23\bin\jimage.dll
0x00007ffc58520000 - 0x00007ffc58721000 	C:\Windows\SYSTEM32\DBGHELP.DLL
0x00007ffc57270000 - 0x00007ffc572a4000 	C:\Windows\SYSTEM32\dbgcore.DLL
0x00007ffc691f0000 - 0x00007ffc69272000 	C:\Windows\System32\bcryptPrimitives.dll
0x00007ffc63550000 - 0x00007ffc6355f000 	C:\Program Files\Java\jdk-23\bin\instrument.dll
0x00007ffc61c70000 - 0x00007ffc61c8e000 	C:\Program Files\Java\jdk-23\bin\java.dll
0x00007ffc69770000 - 0x00007ffc6989b000 	C:\Windows\System32\ole32.dll
0x00007ffc699d0000 - 0x00007ffc69d23000 	C:\Windows\System32\combase.dll
0x00007ffc6a7e0000 - 0x00007ffc6af4e000 	C:\Windows\System32\SHELL32.dll
0x00007ffc66b00000 - 0x00007ffc672a4000 	C:\Windows\SYSTEM32\windows.storage.dll
0x00007ffc684f0000 - 0x00007ffc6851b000 	C:\Windows\SYSTEM32\Wldp.dll
0x00007ffc6a180000 - 0x00007ffc6a24d000 	C:\Windows\System32\OLEAUT32.dll
0x00007ffc6a050000 - 0x00007ffc6a0fd000 	C:\Windows\System32\SHCORE.dll
0x00007ffc6b390000 - 0x00007ffc6b3eb000 	C:\Windows\System32\shlwapi.dll
0x00007ffc689f0000 - 0x00007ffc68a14000 	C:\Windows\SYSTEM32\profapi.dll
0x00007ffc3f340000 - 0x00007ffc3f417000 	C:\Program Files\Java\jdk-23\bin\jsvml.dll
0x00007ffc61c50000 - 0x00007ffc61c67000 	C:\Program Files\Java\jdk-23\bin\zip.dll
0x00007ffc634a0000 - 0x00007ffc634b0000 	C:\Program Files\Java\jdk-23\bin\net.dll
0x00007ffc68250000 - 0x00007ffc682ba000 	C:\Windows\system32\mswsock.dll
0x00007ffc61c30000 - 0x00007ffc61c46000 	C:\Program Files\Java\jdk-23\bin\nio.dll
0x00007ffc61740000 - 0x00007ffc6175a000 	C:\Program Files\JetBrains\IntelliJ IDEA Community Edition 2024.3.1.1\bin\breakgen64.dll
0x00007ffc61730000 - 0x00007ffc61739000 	C:\Program Files\Java\jdk-23\bin\extnet.dll
0x00007ffc61720000 - 0x00007ffc6172a000 	C:\Program Files\Java\jdk-23\bin\management.dll
0x00007ffc5edf0000 - 0x00007ffc5edfb000 	C:\Program Files\Java\jdk-23\bin\management_ext.dll
0x00007ffc6a040000 - 0x00007ffc6a048000 	C:\Windows\System32\PSAPI.DLL
0x00007ffc5ede0000 - 0x00007ffc5edee000 	C:\Program Files\Java\jdk-23\bin\sunmscapi.dll
0x00007ffc68e60000 - 0x00007ffc68fbd000 	C:\Windows\System32\CRYPT32.dll
0x00007ffc68560000 - 0x00007ffc68587000 	C:\Windows\SYSTEM32\ncrypt.dll
0x00007ffc68520000 - 0x00007ffc6855b000 	C:\Windows\SYSTEM32\NTASN1.dll
0x00007ffc68440000 - 0x00007ffc68458000 	C:\Windows\SYSTEM32\CRYPTSP.dll
0x00007ffc67ac0000 - 0x00007ffc67af8000 	C:\Windows\system32\rsaenh.dll
0x00007ffc689b0000 - 0x00007ffc689de000 	C:\Windows\SYSTEM32\USERENV.dll
0x00007ffc68460000 - 0x00007ffc6846c000 	C:\Windows\SYSTEM32\CRYPTBASE.dll
0x00007ffc67ee0000 - 0x00007ffc67f1b000 	C:\Windows\SYSTEM32\IPHLPAPI.DLL
0x00007ffc6af50000 - 0x00007ffc6af58000 	C:\Windows\System32\NSI.dll
0x00007ffc5a200000 - 0x00007ffc5a210000 	C:\Program Files\Java\jdk-23\bin\verify.dll
0x00007ffc67f20000 - 0x00007ffc67fea000 	C:\Windows\SYSTEM32\DNSAPI.dll
0x00007ffc60dd0000 - 0x00007ffc60dda000 	C:\Windows\System32\rasadhlp.dll
0x00007ffc5ba40000 - 0x00007ffc5bac0000 	C:\Windows\System32\fwpuclnt.dll

dbghelp: loaded successfully - version: 4.0.5 - missing functions: none
symbol engine: initialized successfully - sym options: 0x614 - pdb path: .;C:\Program Files\Java\jdk-23\bin;C:\Windows\SYSTEM32;C:\Windows\WinSxS\amd64_microsoft.windows.common-controls_6595b64144ccf1df_6.0.19041.5915_none_60b4b9d171f9c7c7;C:\Program Files\Java\jdk-23\bin\server;C:\Program Files\JetBrains\IntelliJ IDEA Community Edition 2024.3.1.1\bin

VM Arguments:
jvm_args: -javaagent:C:\Program Files\JetBrains\IntelliJ IDEA Community Edition 2024.3.1.1\lib\idea_rt.jar=64312:C:\Program Files\JetBrains\IntelliJ IDEA Community Edition 2024.3.1.1\bin -Dfile.encoding=UTF-8 -Dsun.stdout.encoding=UTF-8 -Dsun.stderr.encoding=UTF-8 
java_command: com.FIneDine.FineDineOfficial.FineDineOfficialApplication
java_class_path (initial): E:\Development\JAVA_PROJECTS\Telusko\FineDineOfficial\FineDineOfficial\target\classes;C:\Users\hp\.m2\repository\org\springframework\boot\spring-boot-starter-data-jpa\3.5.5\spring-boot-starter-data-jpa-3.5.5.jar;C:\Users\hp\.m2\repository\org\springframework\boot\spring-boot-starter\3.5.5\spring-boot-starter-3.5.5.jar;C:\Users\hp\.m2\repository\org\springframework\boot\spring-boot-starter-logging\3.5.5\spring-boot-starter-logging-3.5.5.jar;C:\Users\hp\.m2\repository\ch\qos\logback\logback-classic\1.5.18\logback-classic-1.5.18.jar;C:\Users\hp\.m2\repository\ch\qos\logback\logback-core\1.5.18\logback-core-1.5.18.jar;C:\Users\hp\.m2\repository\org\apache\logging\log4j\log4j-to-slf4j\2.24.3\log4j-to-slf4j-2.24.3.jar;C:\Users\hp\.m2\repository\org\apache\logging\log4j\log4j-api\2.24.3\log4j-api-2.24.3.jar;C:\Users\hp\.m2\repository\org\slf4j\jul-to-slf4j\2.0.17\jul-to-slf4j-2.0.17.jar;C:\Users\hp\.m2\repository\jakarta\annotation\jakarta.annotation-api\2.1.1\jakarta.annotation-api-2.1.1.jar;C:\Users\hp\.m2\repository\org\yaml\snakeyaml\2.4\snakeyaml-2.4.jar;C:\Users\hp\.m2\repository\org\springframework\boot\spring-boot-starter-jdbc\3.5.5\spring-boot-starter-jdbc-3.5.5.jar;C:\Users\hp\.m2\repository\com\zaxxer\HikariCP\6.3.2\HikariCP-6.3.2.jar;C:\Users\hp\.m2\repository\org\springframework\spring-jdbc\6.2.10\spring-jdbc-6.2.10.jar;C:\Users\hp\.m2\repository\org\hibernate\orm\hibernate-core\6.6.26.Final\hibernate-core-6.6.26.Final.jar;C:\Users\hp\.m2\repository\jakarta\persistence\jakarta.persistence-api\3.1.0\jakarta.persistence-api-3.1.0.jar;C:\Users\hp\.m2\repository\jakarta\transaction\jakarta.transaction-api\2.0.1\jakarta.transaction-api-2.0.1.jar;C:\Users\hp\.m2\repository\org\jboss\logging\jboss-logging\3.6.1.Final\jboss-logging-3.6.1.Final.jar;C:\Users\hp\.m2\repository\org\hibernate\common\hibernate-commons-annotations\7.0.3.Final\hibernate-commons-annotations-7.0.3.Final.jar;C:\Users\hp\.m2\repository\io\smallrye\jandex\3.2.0\jandex-3.2.0.jar;C:\Users\hp\.m2\repository\com\fasterxml\classmate\1.7.0\classmate-1.7.0.jar;C:\Users\hp\.m2\repository\net\bytebuddy\byte-buddy\1.17.7\byte-buddy-1.17.7.jar;C:\Users\hp\.m2\repository\org\glassfish\jaxb\jaxb-runtime\4.0.5\jaxb-runtime-4.0.5.jar;C:\Users\hp\.m2\repository\org\glassfish\jaxb\jaxb-core\4.0.5\jaxb-core-4.0.5.jar;C:\Users\hp\.m2\repository\org\eclipse\angus\angus-activation\2.0.2\angus-activation-2.0.2.jar;C:\Users\hp\.m2\repository\org\glassfish\jaxb\txw2\4.0.5\txw2-4.0.5.jar;C:\Users\hp\.m2\repository\com\sun\istack\istack-commons-runtime\4.1.2\istack-commons-runtime-4.1.2.jar;C:\Users\hp\.m2\repository\jakarta\inject\jakarta.inject-api\2.0.1\jakarta.inject-api-2.0.1.jar;C:\Users\hp\.m2\repository\org\antlr\antlr4-runtime\4.13.0\antlr4-runtime-4.13.0.jar;C:\Users\hp\.m2\repository\org\springframework\data\spring-data-jpa\3.5.3\spring-data-jpa-3.5.3.jar;C:\Users\hp\.m2\repository\org\springframework\data\spring-data-commons\3.5.3\spring-data-commons-3.5.3.jar;C:\Users\hp\.m2\repository\org\springframework\spring-orm\6.2.10\spring-orm-6.2.10.jar;C:\Users\hp\.m2\repository\org\springframework\spring-context\6.2.10\spring-context-6.2.10.jar;C:\Users\hp\.m2\repository\org\springframework\spring-aop\6.2.10\spring-aop-6.2.10.jar;C:\Users\hp\.m2\repository\org\springframework\spring-tx\6.2.10\spring-tx-6.2.10.jar;C:\Users\hp\.m2\repository\org\springframework\spring-beans\6.2.10\spring-beans-6.2.10.jar;C:\Users\hp\.m2\repository\org\slf4j\slf4j-api\2.0.17\slf4j-api-2.0.17.jar;C:\Users\hp\.m2\repository\org\springframework\spring-aspects\6.2.10\spring-aspects-6.2.10.jar;C:\Users\hp\.m2\repository\org\aspectj\aspectjweaver\1.9.24\aspectjweaver-1.9.24.jar;C:\Users\hp\.m2\repository\org\springframework\boot\spring-boot-starter-web\3.5.5\spring-boot-starter-web-3.5.5.jar;C:\Users\hp\.m2\repository\org\springframework\boot\spring-boot-starter-json\3.5.5\spring-boot-starter-json-3.5.5.jar;C:\Users\hp\.m2\repository\com\fasterxml\jackson\core\jackson-databind\2.19.2\jackson-databind-2.19.2.jar;C:\Users\hp\.m2\repository\com\fasterxml\jackson\core\jackson-annotations\2.19.2\jackson-annotations-2.19.2.jar;C:\Users\hp\.m2\repository\com\fasterxml\jackson\core\jackson-core\2.19.2\jackson-core-2.19.2.jar;C:\Users\hp\.m2\repository\com\fasterxml\jackson\datatype\jackson-datatype-jdk8\2.19.2\jackson-datatype-jdk8-2.19.2.jar;C:\Users\hp\.m2\repository\com\fasterxml\jackson\datatype\jackson-datatype-jsr310\2.19.2\jackson-datatype-jsr310-2.19.2.jar;C:\Users\hp\.m2\repository\com\fasterxml\jackson\module\jackson-module-parameter-names\2.19.2\jackson-module-parameter-names-2.19.2.jar;C:\Users\hp\.m2\repository\org\springframework\boot\spring-boot-starter-tomcat\3.5.5\spring-boot-starter-tomcat-3.5.5.jar;C:\Users\hp\.m2\repository\org\apache\tomcat\embed\tomcat-embed-core\10.1.44\tomcat-embed-core-10.1.44.jar;C:\Users\hp\.m2\repository\org\apache\tomcat\embed\tomcat-embed-el\10.1.44\tomcat-embed-el-10.1.44.jar;C:\Users\hp\.m2\repository\org\apache\tomcat\embed\tomcat-embed-websocket\10.1.44\tomcat-embed-websocket-10.1.44.jar;C:\Users\hp\.m2\repository\org\springframework\spring-web\6.2.10\spring-web-6.2.10.jar;C:\Users\hp\.m2\repository\io\micrometer\micrometer-observation\1.15.3\micrometer-observation-1.15.3.jar;C:\Users\hp\.m2\repository\io\micrometer\micrometer-commons\1.15.3\micrometer-commons-1.15.3.jar;C:\Users\hp\.m2\repository\org\springframework\spring-webmvc\6.2.10\spring-webmvc-6.2.10.jar;C:\Users\hp\.m2\repository\org\springframework\spring-expression\6.2.10\spring-expression-6.2.10.jar;C:\Users\hp\.m2\repository\org\springframework\boot\spring-boot-devtools\3.5.5\spring-boot-devtools-3.5.5.jar;C:\Users\hp\.m2\repository\org\springframework\boot\spring-boot\3.5.5\spring-boot-3.5.5.jar;C:\Users\hp\.m2\repository\org\springframework\boot\spring-boot-autoconfigure\3.5.5\spring-boot-autoconfigure-3.5.5.jar;C:\Users\hp\.m2\repository\org\postgresql\postgresql\42.7.7\postgresql-42.7.7.jar;C:\Users\hp\.m2\repository\org\checkerframework\checker-qual\3.49.3\checker-qual-3.49.3.jar;C:\Users\hp\.m2\repository\org\projectlombok\lombok\1.18.38\lombok-1.18.38.jar;C:\Users\hp\.m2\repository\jakarta\xml\bind\jakarta.xml.bind-api\4.0.2\jakarta.xml.bind-api-4.0.2.jar;C:\Users\hp\.m2\repository\jakarta\activation\jakarta.activation-api\2.1.3\jakarta.activation-api-2.1.3.jar;C:\Users\hp\.m2\repository\org\springframework\spring-core\6.2.10\spring-core-6.2.10.jar;C:\Users\hp\.m2\repository\org\springframework\spring-jcl\6.2.10\spring-jcl-6.2.10.jar
Launcher Type: SUN_STANDARD

[Global flags]
     intx CICompilerCount                          = 3                                         {product} {ergonomic}
     uint ConcGCThreads                            = 1                                         {product} {ergonomic}
     uint G1ConcRefinementThreads                  = 4                                         {product} {ergonomic}
   size_t G1HeapRegionSize                         = 1048576                                   {product} {ergonomic}
   size_t InitialHeapSize                          = 134217728                                 {product} {ergonomic}
   size_t MarkStackSize                            = 4194304                                   {product} {ergonomic}
   size_t MarkStackSizeMax                         = 536870912                                 {product} {ergonomic}
   size_t MaxHeapSize                              = 2126512128                                {product} {ergonomic}
   size_t MaxNewSize                               = 1275068416                                {product} {ergonomic}
   size_t MinHeapDeltaBytes                        = 1048576                                   {product} {ergonomic}
   size_t MinHeapSize                              = 8388608                                   {product} {ergonomic}
    uintx NonNMethodCodeHeapSize                   = 5832704                                {pd product} {ergonomic}
    uintx NonProfiledCodeHeapSize                  = 122945536                              {pd product} {ergonomic}
    uintx ProfiledCodeHeapSize                     = 122880000                              {pd product} {ergonomic}
    uintx ReservedCodeCacheSize                    = 251658240                              {pd product} {ergonomic}
     bool SegmentedCodeCache                       = true                                      {product} {ergonomic}
   size_t SoftMaxHeapSize                          = 2126512128                             {manageable} {ergonomic}
     bool UseCompressedOops                        = true                           {product lp64_product} {ergonomic}
     bool UseG1GC                                  = true                                      {product} {ergonomic}
     bool UseLargePagesIndividualAllocation        = false                                  {pd product} {ergonomic}

Logging:
Log output configuration:
 #0: stdout all=warning uptime,level,tags foldmultilines=false
 #1: stderr all=off uptime,level,tags foldmultilines=false

Environment Variables:
PATH=C:\Program Files\Common Files\Oracle\Java\javapath;C:\Windows\system32;C:\Windows;C:\Windows\System32\Wbem;C:\Windows\System32\WindowsPowerShell\v1.0\;C:\Windows\System32\OpenSSH\;C:\Program Files\nodejs;C:\Program Files\Git\cmd;E:\Softwares\apache-maven-3.8.9-bin\apache-maven-3.8.9\bin;C:\Users\hp\AppData\Local\nvm;C:\nvm4w\nodejs;C:\Users\hp\AppData\Local\Microsoft\WindowsApps;C:\Users\hp\AppData\Local\Programs\Microsoft VS Code\bin;C:\Users\hp\AppData\Local\nvm;C:\nvm4w\nodejs
USERNAME=hp
OS=Windows_NT
PROCESSOR_IDENTIFIER=Intel64 Family 6 Model 61 Stepping 4, GenuineIntel
TMP=C:\Users\hp\AppData\Local\Temp
TEMP=C:\Users\hp\AppData\Local\Temp




Periodic native trim disabled

---------------  S Y S T E M  ---------------

OS:
 Windows 10 , 64 bit Build 19041 (10.0.19041.5915)
OS uptime: 0 days 23:06 hours
Hyper-V role detected

CPU: total 4 (initial active 4) (2 cores per cpu, 2 threads per core) family 6 model 61 stepping 4 microcode 0x2d, cx8, cmov, fxsr, ht, mmx, 3dnowpref, sse, sse2, sse3, ssse3, sse4.1, sse4.2, popcnt, lzcnt, tsc, tscinvbit, avx, avx2, aes, erms, clmul, bmi1, bmi2, adx, fma, vzeroupper, clflush, hv, rdtscp, f16c
Processor Information for the first 4 processors :
  Max Mhz: 2000, Current Mhz: 2000, Mhz Limit: 2000

Memory: 4k page, system-wide physical 8104M (481M free)
TotalPageFile size 10152M (AvailPageFile size 36M)
current process WorkingSet (physical memory assigned to process): 207M, peak: 213M
current process commit charge ("private bytes"): 237M, peak: 272M

vm_info: Java HotSpot(TM) 64-Bit Server VM (23.0.1+11-39) for windows-amd64 JRE (23.0.1+11-39), built on 2024-09-30T07:20:43Z with MS VC++ 17.6 (VS2022)

END.
